[0.734s] Invoking command in '/home/nishit/vision_based_sorting_ws/src/build/interbotix_common_modules': PYTHONPATH=/home/nishit/vision_based_sorting_ws/src/build/interbotix_common_modules/prefix_override:/usr/lib/python3/dist-packages/colcon_core/task/python/colcon_distutils_commands:/home/nishit/vision_based_sorting_ws/src/install/interbotix_common_modules/lib/python3.10/site-packages:${PYTHONPATH} /usr/bin/python3 -W ignore:setup.py install is deprecated -W ignore:easy_install command is deprecated setup.py develop --editable --build-directory /home/nishit/vision_based_sorting_ws/src/build/interbotix_common_modules/build --no-deps symlink_data
[0.895s] running develop
[0.989s] running egg_info
[0.989s] creating interbotix_common_modules.egg-info
[0.990s] writing interbotix_common_modules.egg-info/PKG-INFO
[0.990s] writing dependency_links to interbotix_common_modules.egg-info/dependency_links.txt
[0.990s] writing entry points to interbotix_common_modules.egg-info/entry_points.txt
[0.990s] writing requirements to interbotix_common_modules.egg-info/requires.txt
[0.990s] writing top-level names to interbotix_common_modules.egg-info/top_level.txt
[0.990s] writing manifest file 'interbotix_common_modules.egg-info/SOURCES.txt'
[0.992s] reading manifest file 'interbotix_common_modules.egg-info/SOURCES.txt'
[0.993s] writing manifest file 'interbotix_common_modules.egg-info/SOURCES.txt'
[0.994s] running build_ext
[0.994s] Creating /home/nishit/vision_based_sorting_ws/src/install/interbotix_common_modules/lib/python3.10/site-packages/interbotix-common-modules.egg-link (link to .)
[0.995s] 
[0.995s] Installed /home/nishit/vision_based_sorting_ws/src/build/interbotix_common_modules
[0.995s] running symlink_data
[0.995s] creating /home/nishit/vision_based_sorting_ws/src/install/interbotix_common_modules/share/ament_index
[0.995s] creating /home/nishit/vision_based_sorting_ws/src/install/interbotix_common_modules/share/ament_index/resource_index
[0.995s] creating /home/nishit/vision_based_sorting_ws/src/install/interbotix_common_modules/share/ament_index/resource_index/packages
[0.995s] symbolically linking /home/nishit/vision_based_sorting_ws/src/build/interbotix_common_modules/resource/interbotix_common_modules -> /home/nishit/vision_based_sorting_ws/src/install/interbotix_common_modules/share/ament_index/resource_index/packages
[0.995s] symbolically linking /home/nishit/vision_based_sorting_ws/src/build/interbotix_common_modules/package.xml -> /home/nishit/vision_based_sorting_ws/src/install/interbotix_common_modules/share/interbotix_common_modules
[1.103s] Invoked command in '/home/nishit/vision_based_sorting_ws/src/build/interbotix_common_modules' returned '0': PYTHONPATH=/home/nishit/vision_based_sorting_ws/src/build/interbotix_common_modules/prefix_override:/usr/lib/python3/dist-packages/colcon_core/task/python/colcon_distutils_commands:/home/nishit/vision_based_sorting_ws/src/install/interbotix_common_modules/lib/python3.10/site-packages:${PYTHONPATH} /usr/bin/python3 -W ignore:setup.py install is deprecated -W ignore:easy_install command is deprecated setup.py develop --editable --build-directory /home/nishit/vision_based_sorting_ws/src/build/interbotix_common_modules/build --no-deps symlink_data
