[0.381s] Invoking command in '/home/nishit/vision_based_sorting_ws/vision_pipeline': PYTHONPATH=/home/nishit/vision_based_sorting_ws/build/vision_pipeline/prefix_override:/usr/lib/python3/dist-packages/colcon_core/task/python/colcon_distutils_commands:/home/nishit/vision_based_sorting_ws/install/vision_pipeline/lib/python3.10/site-packages:${PYTHONPATH} /usr/bin/python3 -W ignore:setup.py install is deprecated -W ignore:easy_install command is deprecated setup.py egg_info --egg-base ../build/vision_pipeline build --build-base /home/nishit/vision_based_sorting_ws/build/vision_pipeline/build install --record /home/nishit/vision_based_sorting_ws/build/vision_pipeline/install.log --single-version-externally-managed
[0.510s] running egg_info
[0.510s] creating ../build/vision_pipeline/vision_pipeline.egg-info
[0.510s] writing ../build/vision_pipeline/vision_pipeline.egg-info/PKG-INFO
[0.510s] writing dependency_links to ../build/vision_pipeline/vision_pipeline.egg-info/dependency_links.txt
[0.510s] writing entry points to ../build/vision_pipeline/vision_pipeline.egg-info/entry_points.txt
[0.510s] writing requirements to ../build/vision_pipeline/vision_pipeline.egg-info/requires.txt
[0.511s] writing top-level names to ../build/vision_pipeline/vision_pipeline.egg-info/top_level.txt
[0.511s] writing manifest file '../build/vision_pipeline/vision_pipeline.egg-info/SOURCES.txt'
[0.511s] reading manifest file '../build/vision_pipeline/vision_pipeline.egg-info/SOURCES.txt'
[0.512s] writing manifest file '../build/vision_pipeline/vision_pipeline.egg-info/SOURCES.txt'
[0.512s] running build
[0.512s] running build_py
[0.512s] creating /home/nishit/vision_based_sorting_ws/build/vision_pipeline/build
[0.512s] creating /home/nishit/vision_based_sorting_ws/build/vision_pipeline/build/lib
[0.512s] creating /home/nishit/vision_based_sorting_ws/build/vision_pipeline/build/lib/vision_pipeline
[0.512s] copying vision_pipeline/__init__.py -> /home/nishit/vision_based_sorting_ws/build/vision_pipeline/build/lib/vision_pipeline
[0.512s] copying vision_pipeline/vision_pipeline_node.py -> /home/nishit/vision_based_sorting_ws/build/vision_pipeline/build/lib/vision_pipeline
[0.513s] running install
[0.513s] running install_lib
[0.513s] creating /home/nishit/vision_based_sorting_ws/install/vision_pipeline/lib/python3.10/site-packages/vision_pipeline
[0.513s] copying /home/nishit/vision_based_sorting_ws/build/vision_pipeline/build/lib/vision_pipeline/__init__.py -> /home/nishit/vision_based_sorting_ws/install/vision_pipeline/lib/python3.10/site-packages/vision_pipeline
[0.513s] copying /home/nishit/vision_based_sorting_ws/build/vision_pipeline/build/lib/vision_pipeline/vision_pipeline_node.py -> /home/nishit/vision_based_sorting_ws/install/vision_pipeline/lib/python3.10/site-packages/vision_pipeline
[0.513s] byte-compiling /home/nishit/vision_based_sorting_ws/install/vision_pipeline/lib/python3.10/site-packages/vision_pipeline/__init__.py to __init__.cpython-310.pyc
[0.513s] byte-compiling /home/nishit/vision_based_sorting_ws/install/vision_pipeline/lib/python3.10/site-packages/vision_pipeline/vision_pipeline_node.py to vision_pipeline_node.cpython-310.pyc
[0.514s] running install_egg_info
[0.515s] Copying ../build/vision_pipeline/vision_pipeline.egg-info to /home/nishit/vision_based_sorting_ws/install/vision_pipeline/lib/python3.10/site-packages/vision_pipeline-0.0.0-py3.10.egg-info
[0.515s] running install_scripts
[0.533s] Installing vision_pipeline_node script to /home/nishit/vision_based_sorting_ws/install/vision_pipeline/lib/vision_pipeline
[0.534s] writing list of installed files to '/home/nishit/vision_based_sorting_ws/build/vision_pipeline/install.log'
[0.564s] Invoked command in '/home/nishit/vision_based_sorting_ws/vision_pipeline' returned '0': PYTHONPATH=/home/nishit/vision_based_sorting_ws/build/vision_pipeline/prefix_override:/usr/lib/python3/dist-packages/colcon_core/task/python/colcon_distutils_commands:/home/nishit/vision_based_sorting_ws/install/vision_pipeline/lib/python3.10/site-packages:${PYTHONPATH} /usr/bin/python3 -W ignore:setup.py install is deprecated -W ignore:easy_install command is deprecated setup.py egg_info --egg-base ../build/vision_pipeline build --build-base /home/nishit/vision_based_sorting_ws/build/vision_pipeline/build install --record /home/nishit/vision_based_sorting_ws/build/vision_pipeline/install.log --single-version-externally-managed
