[0.012s] Invoking command in '/home/nishit/vision_based_sorting_ws/src/build/interbotix_xs_ros_control': AMENT_PREFIX_PATH=/home/nishit/vision_based_sorting_ws/src/install/interbotix_xs_msgs:${AMENT_PREFIX_PATH} CMAKE_PREFIX_PATH=/home/nishit/vision_based_sorting_ws/src/install/interbotix_xs_msgs:/opt/ros/humble LD_LIBRARY_PATH=/home/nishit/vision_based_sorting_ws/src/install/interbotix_xs_msgs/lib:${LD_LIBRARY_PATH} PYTHONPATH=/home/nishit/vision_based_sorting_ws/src/install/interbotix_xs_msgs/local/lib/python3.10/dist-packages:${PYTHONPATH} /usr/bin/cmake /home/nishit/vision_based_sorting_ws/src/rx200_ros2_stack/interbotix_ros_toolboxes/interbotix_xs_toolbox/interbotix_xs_ros_control -DAMENT_CMAKE_SYMLINK_INSTALL=1 -DCMAKE_INSTALL_PREFIX=/home/nishit/vision_based_sorting_ws/src/install/interbotix_xs_ros_control
[0.058s] -- The C compiler identification is GNU 11.4.0
[0.100s] -- The CXX compiler identification is GNU 11.4.0
[0.108s] -- Detecting C compiler ABI info
[0.173s] -- Detecting C compiler ABI info - done
[0.177s] -- Check for working C compiler: /usr/bin/cc - skipped
[0.177s] -- Detecting C compile features
[0.177s] -- Detecting C compile features - done
[0.179s] -- Detecting CXX compiler ABI info
[0.245s] -- Detecting CXX compiler ABI info - done
[0.248s] -- Check for working CXX compiler: /usr/bin/c++ - skipped
[0.249s] -- Detecting CXX compile features
[0.249s] -- Detecting CXX compile features - done
[0.253s] -- Found ament_cmake: 1.3.11 (/opt/ros/humble/share/ament_cmake/cmake)
[0.362s] -- Found Python3: /usr/bin/python3 (found version "3.10.12") found components: Interpreter 
[0.405s] -- Override CMake install command with custom implementation using symlinks instead of copying resources
[0.451s] -- Found hardware_interface: 2.49.0 (/opt/ros/humble/share/hardware_interface/cmake)
[0.477s] -- Found rosidl_generator_c: 3.1.6 (/opt/ros/humble/share/rosidl_generator_c/cmake)
[0.480s] -- Found rosidl_adapter: 3.1.6 (/opt/ros/humble/share/rosidl_adapter/cmake)
[0.485s] -- Found rosidl_generator_cpp: 3.1.6 (/opt/ros/humble/share/rosidl_generator_cpp/cmake)
[0.492s] -- Using all available rosidl_typesupport_c: rosidl_typesupport_fastrtps_c;rosidl_typesupport_introspection_c
[0.502s] -- Using all available rosidl_typesupport_cpp: rosidl_typesupport_fastrtps_cpp;rosidl_typesupport_introspection_cpp
[0.628s] -- Found rmw_implementation_cmake: 6.1.2 (/opt/ros/humble/share/rmw_implementation_cmake/cmake)
[0.630s] -- Found rmw_fastrtps_cpp: 6.2.7 (/opt/ros/humble/share/rmw_fastrtps_cpp/cmake)
[0.646s] -- Found TinyXML2 via Config file: TinyXML2_DIR-NOTFOUND
[0.700s] -- Found OpenSSL: /usr/lib/x86_64-linux-gnu/libcrypto.so (found version "3.0.2")  
[0.702s] -- Found TinyXML2 via Config file: TinyXML2_DIR-NOTFOUND
[0.716s] -- Found FastRTPS: /opt/ros/humble/include  
[0.718s] -- Found TinyXML2 via Config file: TinyXML2_DIR-NOTFOUND
[0.727s] -- Found TinyXML2 via Config file: TinyXML2_DIR-NOTFOUND
[0.742s] -- Using RMW implementation 'rmw_fastrtps_cpp' as default
[0.749s] -- Looking for pthread.h
[0.818s] -- Looking for pthread.h - found
[0.818s] -- Performing Test CMAKE_HAVE_LIBC_PTHREAD
[0.888s] -- Performing Test CMAKE_HAVE_LIBC_PTHREAD - Success
[0.890s] -- Found Threads: TRUE  
[0.934s] -- Found interbotix_xs_msgs: 0.0.0 (/home/nishit/vision_based_sorting_ws/src/install/interbotix_xs_msgs/share/interbotix_xs_msgs/cmake)
[0.949s] -- Found ament_lint_auto: 0.12.12 (/opt/ros/humble/share/ament_lint_auto/cmake)
[1.018s] -- Found ros2_control_test_assets: 2.49.0 (/opt/ros/humble/share/ros2_control_test_assets/cmake)
[1.019s] -- Found gmock sources under '/opt/ros/humble/src/gmock_vendor': C++ tests using 'Google Mock' will be built
[1.023s] -- Found ament_cmake_gtest: 1.3.11 (/opt/ros/humble/share/ament_cmake_gtest/cmake)
[1.024s] -- Found gtest sources under '/opt/ros/humble/src/gtest_vendor': C++ tests using 'Google Test' will be built
[1.032s] -- Added test 'copyright' to check source files copyright and LICENSE
[1.033s] -- Added test 'cppcheck' to perform static code analysis on C / C++ code
[1.033s] -- Configured cppcheck include dirs: $<BUILD_INTERFACE:/home/nishit/vision_based_sorting_ws/src/rx200_ros2_stack/interbotix_ros_toolboxes/interbotix_xs_toolbox/interbotix_xs_ros_control/include>;/home/nishit/vision_based_sorting_ws/src/rx200_ros2_stack/interbotix_ros_toolboxes/interbotix_xs_toolbox/interbotix_xs_ros_control/include
[1.033s] -- Configured cppcheck exclude dirs and/or files: 
[1.034s] -- Added test 'cpplint' to check C / C++ code against the Google style
[1.034s] -- Configured cpplint exclude dirs and/or files: 
[1.035s] -- Added test 'lint_cmake' to check CMake code style
[1.035s] -- Added test 'uncrustify' to check C / C++ code style
[1.035s] -- Configured uncrustify additional arguments: 
[1.036s] -- Added test 'xmllint' to check XML markup files
[1.038s] -- Configuring done
[1.075s] -- Generating done
[1.082s] -- Build files have been written to: /home/nishit/vision_based_sorting_ws/src/build/interbotix_xs_ros_control
[1.094s] Invoked command in '/home/nishit/vision_based_sorting_ws/src/build/interbotix_xs_ros_control' returned '0': AMENT_PREFIX_PATH=/home/nishit/vision_based_sorting_ws/src/install/interbotix_xs_msgs:${AMENT_PREFIX_PATH} CMAKE_PREFIX_PATH=/home/nishit/vision_based_sorting_ws/src/install/interbotix_xs_msgs:/opt/ros/humble LD_LIBRARY_PATH=/home/nishit/vision_based_sorting_ws/src/install/interbotix_xs_msgs/lib:${LD_LIBRARY_PATH} PYTHONPATH=/home/nishit/vision_based_sorting_ws/src/install/interbotix_xs_msgs/local/lib/python3.10/dist-packages:${PYTHONPATH} /usr/bin/cmake /home/nishit/vision_based_sorting_ws/src/rx200_ros2_stack/interbotix_ros_toolboxes/interbotix_xs_toolbox/interbotix_xs_ros_control -DAMENT_CMAKE_SYMLINK_INSTALL=1 -DCMAKE_INSTALL_PREFIX=/home/nishit/vision_based_sorting_ws/src/install/interbotix_xs_ros_control
[1.095s] Invoking command in '/home/nishit/vision_based_sorting_ws/src/build/interbotix_xs_ros_control': AMENT_PREFIX_PATH=/home/nishit/vision_based_sorting_ws/src/install/interbotix_xs_msgs:${AMENT_PREFIX_PATH} CMAKE_PREFIX_PATH=/home/nishit/vision_based_sorting_ws/src/install/interbotix_xs_msgs:/opt/ros/humble LD_LIBRARY_PATH=/home/nishit/vision_based_sorting_ws/src/install/interbotix_xs_msgs/lib:${LD_LIBRARY_PATH} PYTHONPATH=/home/nishit/vision_based_sorting_ws/src/install/interbotix_xs_msgs/local/lib/python3.10/dist-packages:${PYTHONPATH} /usr/bin/cmake --build /home/nishit/vision_based_sorting_ws/src/build/interbotix_xs_ros_control -- -j16 -l16
[1.138s] [ 44%] [32mBuilding CXX object gmock/CMakeFiles/gmock.dir/src/gmock-all.cc.o[0m
[1.138s] [ 44%] [32mBuilding CXX object CMakeFiles/interbotix_xs_ros_control.dir/src/xs_hardware_interface.cpp.o[0m
[1.138s] [ 44%] [32mBuilding CXX object gmock/CMakeFiles/gmock.dir/opt/ros/humble/src/gtest_vendor/src/gtest-all.cc.o[0m
[1.138s] [ 44%] [32mBuilding CXX object gmock/CMakeFiles/gmock_main.dir/src/gmock_main.cc.o[0m
[1.647s] [ 55%] [32m[1mLinking CXX static library libgmock_main.a[0m
[1.675s] [ 55%] Built target gmock_main
[3.104s] [ 66%] [32m[1mLinking CXX static library libgmock.a[0m
[3.161s] [ 66%] Built target gmock
[3.182s] [ 77%] [32mBuilding CXX object CMakeFiles/test_load_xs_hardware_interface.dir/test/test_load_xs_hardware_interface.cpp.o[0m
[6.538s] [ 88%] [32m[1mLinking CXX executable test_load_xs_hardware_interface[0m
[6.724s] [ 88%] Built target test_load_xs_hardware_interface
[8.366s] [100%] [32m[1mLinking CXX shared library libinterbotix_xs_ros_control.so[0m
[8.761s] [100%] Built target interbotix_xs_ros_control
[8.772s] Invoked command in '/home/nishit/vision_based_sorting_ws/src/build/interbotix_xs_ros_control' returned '0': AMENT_PREFIX_PATH=/home/nishit/vision_based_sorting_ws/src/install/interbotix_xs_msgs:${AMENT_PREFIX_PATH} CMAKE_PREFIX_PATH=/home/nishit/vision_based_sorting_ws/src/install/interbotix_xs_msgs:/opt/ros/humble LD_LIBRARY_PATH=/home/nishit/vision_based_sorting_ws/src/install/interbotix_xs_msgs/lib:${LD_LIBRARY_PATH} PYTHONPATH=/home/nishit/vision_based_sorting_ws/src/install/interbotix_xs_msgs/local/lib/python3.10/dist-packages:${PYTHONPATH} /usr/bin/cmake --build /home/nishit/vision_based_sorting_ws/src/build/interbotix_xs_ros_control -- -j16 -l16
[8.776s] Invoking command in '/home/nishit/vision_based_sorting_ws/src/build/interbotix_xs_ros_control': AMENT_PREFIX_PATH=/home/nishit/vision_based_sorting_ws/src/install/interbotix_xs_msgs:${AMENT_PREFIX_PATH} CMAKE_PREFIX_PATH=/home/nishit/vision_based_sorting_ws/src/install/interbotix_xs_msgs:/opt/ros/humble LD_LIBRARY_PATH=/home/nishit/vision_based_sorting_ws/src/install/interbotix_xs_msgs/lib:${LD_LIBRARY_PATH} PYTHONPATH=/home/nishit/vision_based_sorting_ws/src/install/interbotix_xs_msgs/local/lib/python3.10/dist-packages:${PYTHONPATH} /usr/bin/cmake --install /home/nishit/vision_based_sorting_ws/src/build/interbotix_xs_ros_control
[8.781s] -- Install configuration: ""
[8.782s] -- Execute custom install script
[8.782s] -- Symlinking: /home/nishit/vision_based_sorting_ws/src/install/interbotix_xs_ros_control/share/interbotix_xs_ros_control//interbotix_xs_ros_control.xml
[8.790s] -- Symlinking: /home/nishit/vision_based_sorting_ws/src/install/interbotix_xs_ros_control/include/interbotix_xs_ros_control/xs_hardware_interface.hpp
[8.798s] -- Symlinking: /home/nishit/vision_based_sorting_ws/src/install/interbotix_xs_ros_control/share/interbotix_xs_ros_control/environment/library_path.sh
[8.806s] -- Symlinking: /home/nishit/vision_based_sorting_ws/src/install/interbotix_xs_ros_control/share/interbotix_xs_ros_control/environment/library_path.dsv
[8.813s] -- Symlinking: /home/nishit/vision_based_sorting_ws/src/install/interbotix_xs_ros_control/share/ament_index/resource_index/package_run_dependencies/interbotix_xs_ros_control
[8.821s] -- Symlinking: /home/nishit/vision_based_sorting_ws/src/install/interbotix_xs_ros_control/share/ament_index/resource_index/parent_prefix_path/interbotix_xs_ros_control
[8.829s] -- Symlinking: /home/nishit/vision_based_sorting_ws/src/install/interbotix_xs_ros_control/share/interbotix_xs_ros_control/environment/ament_prefix_path.sh
[8.837s] -- Symlinking: /home/nishit/vision_based_sorting_ws/src/install/interbotix_xs_ros_control/share/interbotix_xs_ros_control/environment/ament_prefix_path.dsv
[8.844s] -- Symlinking: /home/nishit/vision_based_sorting_ws/src/install/interbotix_xs_ros_control/share/interbotix_xs_ros_control/environment/path.sh
[8.853s] -- Symlinking: /home/nishit/vision_based_sorting_ws/src/install/interbotix_xs_ros_control/share/interbotix_xs_ros_control/environment/path.dsv
[8.861s] -- Symlinking: /home/nishit/vision_based_sorting_ws/src/install/interbotix_xs_ros_control/share/interbotix_xs_ros_control/local_setup.bash
[8.869s] -- Symlinking: /home/nishit/vision_based_sorting_ws/src/install/interbotix_xs_ros_control/share/interbotix_xs_ros_control/local_setup.sh
[8.876s] -- Symlinking: /home/nishit/vision_based_sorting_ws/src/install/interbotix_xs_ros_control/share/interbotix_xs_ros_control/local_setup.zsh
[8.884s] -- Symlinking: /home/nishit/vision_based_sorting_ws/src/install/interbotix_xs_ros_control/share/interbotix_xs_ros_control/local_setup.dsv
[8.892s] -- Symlinking: /home/nishit/vision_based_sorting_ws/src/install/interbotix_xs_ros_control/share/interbotix_xs_ros_control/package.dsv
[8.900s] -- Symlinking: /home/nishit/vision_based_sorting_ws/src/install/interbotix_xs_ros_control/share/ament_index/resource_index/packages/interbotix_xs_ros_control
[8.908s] -- Symlinking: /home/nishit/vision_based_sorting_ws/src/install/interbotix_xs_ros_control/share/ament_index/resource_index/hardware_interface__pluginlib__plugin/interbotix_xs_ros_control
[8.917s] -- Symlinking: /home/nishit/vision_based_sorting_ws/src/install/interbotix_xs_ros_control/share/interbotix_xs_ros_control/cmake/ament_cmake_export_include_directories-extras.cmake
[8.924s] -- Symlinking: /home/nishit/vision_based_sorting_ws/src/install/interbotix_xs_ros_control/share/interbotix_xs_ros_control/cmake/ament_cmake_export_libraries-extras.cmake
[8.931s] -- Symlinking: /home/nishit/vision_based_sorting_ws/src/install/interbotix_xs_ros_control/share/interbotix_xs_ros_control/cmake/ament_cmake_export_targets-extras.cmake
[8.940s] -- Symlinking: /home/nishit/vision_based_sorting_ws/src/install/interbotix_xs_ros_control/share/interbotix_xs_ros_control/cmake/ament_cmake_export_dependencies-extras.cmake
[8.948s] -- Symlinking: /home/nishit/vision_based_sorting_ws/src/install/interbotix_xs_ros_control/share/interbotix_xs_ros_control/cmake/interbotix_xs_ros_controlConfig.cmake
[8.955s] -- Symlinking: /home/nishit/vision_based_sorting_ws/src/install/interbotix_xs_ros_control/share/interbotix_xs_ros_control/cmake/interbotix_xs_ros_controlConfig-version.cmake
[8.963s] -- Symlinking: /home/nishit/vision_based_sorting_ws/src/install/interbotix_xs_ros_control/share/interbotix_xs_ros_control/package.xml
[8.972s] -- Installing: /home/nishit/vision_based_sorting_ws/src/install/interbotix_xs_ros_control/lib/libinterbotix_xs_ros_control.so
[8.978s] -- Set runtime path of "/home/nishit/vision_based_sorting_ws/src/install/interbotix_xs_ros_control/lib/libinterbotix_xs_ros_control.so" to ""
[8.978s] -- Installing: /home/nishit/vision_based_sorting_ws/src/install/interbotix_xs_ros_control/share/interbotix_xs_ros_control/cmake/export_interbotix_xs_ros_controlExport.cmake
[8.978s] -- Installing: /home/nishit/vision_based_sorting_ws/src/install/interbotix_xs_ros_control/share/interbotix_xs_ros_control/cmake/export_interbotix_xs_ros_controlExport-noconfig.cmake
[8.981s] Invoked command in '/home/nishit/vision_based_sorting_ws/src/build/interbotix_xs_ros_control' returned '0': AMENT_PREFIX_PATH=/home/nishit/vision_based_sorting_ws/src/install/interbotix_xs_msgs:${AMENT_PREFIX_PATH} CMAKE_PREFIX_PATH=/home/nishit/vision_based_sorting_ws/src/install/interbotix_xs_msgs:/opt/ros/humble LD_LIBRARY_PATH=/home/nishit/vision_based_sorting_ws/src/install/interbotix_xs_msgs/lib:${LD_LIBRARY_PATH} PYTHONPATH=/home/nishit/vision_based_sorting_ws/src/install/interbotix_xs_msgs/local/lib/python3.10/dist-packages:${PYTHONPATH} /usr/bin/cmake --install /home/nishit/vision_based_sorting_ws/src/build/interbotix_xs_ros_control
