[0.348s] Invoking command in '/home/nishit/vision_based_sorting_ws/build/interbotix_xs_modules': AMENT_PREFIX_PATH=/home/nishit/vision_based_sorting_ws/install/interbotix_xs_sdk:/home/nishit/vision_based_sorting_ws/install/interbotix_xs_msgs:/home/nishit/vision_based_sorting_ws/install/interbotix_xs_driver:/home/nishit/vision_based_sorting_ws/install/interbotix_common_modules:${AMENT_PREFIX_PATH} CMAKE_PREFIX_PATH=/home/nishit/vision_based_sorting_ws/install/interbotix_xs_sdk:/home/nishit/vision_based_sorting_ws/install/interbotix_xs_msgs:/home/nishit/vision_based_sorting_ws/install/interbotix_xs_driver LD_LIBRARY_PATH=/home/nishit/vision_based_sorting_ws/install/interbotix_xs_msgs/lib:/home/nishit/vision_based_sorting_ws/install/interbotix_xs_driver/lib:${LD_LIBRARY_PATH} PYTHONPATH=/home/nishit/vision_based_sorting_ws/build/interbotix_xs_modules/prefix_override:/usr/lib/python3/dist-packages/colcon_core/task/python/colcon_distutils_commands:/home/nishit/vision_based_sorting_ws/install/interbotix_xs_modules/lib/python3.10/site-packages:/home/nishit/vision_based_sorting_ws/install/interbotix_xs_msgs/local/lib/python3.10/dist-packages:/home/nishit/vision_based_sorting_ws/build/interbotix_common_modules:/home/nishit/vision_based_sorting_ws/install/interbotix_common_modules/lib/python3.10/site-packages:${PYTHONPATH} /usr/bin/python3 -W ignore:setup.py install is deprecated -W ignore:easy_install command is deprecated setup.py develop --editable --build-directory /home/nishit/vision_based_sorting_ws/build/interbotix_xs_modules/build --no-deps symlink_data
[0.483s] running develop
[0.560s] running egg_info
[0.560s] creating interbotix_xs_modules.egg-info
[0.560s] writing interbotix_xs_modules.egg-info/PKG-INFO
[0.560s] writing dependency_links to interbotix_xs_modules.egg-info/dependency_links.txt
[0.560s] writing entry points to interbotix_xs_modules.egg-info/entry_points.txt
[0.560s] writing requirements to interbotix_xs_modules.egg-info/requires.txt
[0.560s] writing top-level names to interbotix_xs_modules.egg-info/top_level.txt
[0.560s] writing manifest file 'interbotix_xs_modules.egg-info/SOURCES.txt'
[0.562s] reading manifest file 'interbotix_xs_modules.egg-info/SOURCES.txt'
[0.562s] writing manifest file 'interbotix_xs_modules.egg-info/SOURCES.txt'
[0.563s] running build_ext
[0.563s] Creating /home/nishit/vision_based_sorting_ws/install/interbotix_xs_modules/lib/python3.10/site-packages/interbotix-xs-modules.egg-link (link to .)
[0.563s] 
[0.563s] Installed /home/nishit/vision_based_sorting_ws/build/interbotix_xs_modules
[0.564s] running symlink_data
[0.564s] creating /home/nishit/vision_based_sorting_ws/install/interbotix_xs_modules/share/ament_index
[0.564s] creating /home/nishit/vision_based_sorting_ws/install/interbotix_xs_modules/share/ament_index/resource_index
[0.564s] creating /home/nishit/vision_based_sorting_ws/install/interbotix_xs_modules/share/ament_index/resource_index/packages
[0.564s] symbolically linking /home/nishit/vision_based_sorting_ws/build/interbotix_xs_modules/resource/interbotix_xs_modules -> /home/nishit/vision_based_sorting_ws/install/interbotix_xs_modules/share/ament_index/resource_index/packages
[0.564s] symbolically linking /home/nishit/vision_based_sorting_ws/build/interbotix_xs_modules/package.xml -> /home/nishit/vision_based_sorting_ws/install/interbotix_xs_modules/share/interbotix_xs_modules
[0.585s] Invoked command in '/home/nishit/vision_based_sorting_ws/build/interbotix_xs_modules' returned '0': AMENT_PREFIX_PATH=/home/nishit/vision_based_sorting_ws/install/interbotix_xs_sdk:/home/nishit/vision_based_sorting_ws/install/interbotix_xs_msgs:/home/nishit/vision_based_sorting_ws/install/interbotix_xs_driver:/home/nishit/vision_based_sorting_ws/install/interbotix_common_modules:${AMENT_PREFIX_PATH} CMAKE_PREFIX_PATH=/home/nishit/vision_based_sorting_ws/install/interbotix_xs_sdk:/home/nishit/vision_based_sorting_ws/install/interbotix_xs_msgs:/home/nishit/vision_based_sorting_ws/install/interbotix_xs_driver LD_LIBRARY_PATH=/home/nishit/vision_based_sorting_ws/install/interbotix_xs_msgs/lib:/home/nishit/vision_based_sorting_ws/install/interbotix_xs_driver/lib:${LD_LIBRARY_PATH} PYTHONPATH=/home/nishit/vision_based_sorting_ws/build/interbotix_xs_modules/prefix_override:/usr/lib/python3/dist-packages/colcon_core/task/python/colcon_distutils_commands:/home/nishit/vision_based_sorting_ws/install/interbotix_xs_modules/lib/python3.10/site-packages:/home/nishit/vision_based_sorting_ws/install/interbotix_xs_msgs/local/lib/python3.10/dist-packages:/home/nishit/vision_based_sorting_ws/build/interbotix_common_modules:/home/nishit/vision_based_sorting_ws/install/interbotix_common_modules/lib/python3.10/site-packages:${PYTHONPATH} /usr/bin/python3 -W ignore:setup.py install is deprecated -W ignore:easy_install command is deprecated setup.py develop --editable --build-directory /home/nishit/vision_based_sorting_ws/build/interbotix_xs_modules/build --no-deps symlink_data
