[0.722s] Invoking command in '/home/nishit/vision_based_sorting_ws/src/build/my_simulation': PYTHONPATH=/home/nishit/vision_based_sorting_ws/src/build/my_simulation/prefix_override:/usr/lib/python3/dist-packages/colcon_core/task/python/colcon_distutils_commands:/home/nishit/vision_based_sorting_ws/src/install/my_simulation/lib/python3.10/site-packages:${PYTHONPATH} /usr/bin/python3 -W ignore:setup.py install is deprecated -W ignore:easy_install command is deprecated setup.py develop --editable --build-directory /home/nishit/vision_based_sorting_ws/src/build/my_simulation/build --no-deps symlink_data
[0.886s] running develop
[0.980s] running egg_info
[0.980s] creating my_simulation.egg-info
[0.980s] writing my_simulation.egg-info/PKG-INFO
[0.980s] writing dependency_links to my_simulation.egg-info/dependency_links.txt
[0.981s] writing entry points to my_simulation.egg-info/entry_points.txt
[0.981s] writing requirements to my_simulation.egg-info/requires.txt
[0.981s] writing top-level names to my_simulation.egg-info/top_level.txt
[0.981s] writing manifest file 'my_simulation.egg-info/SOURCES.txt'
[0.982s] reading manifest file 'my_simulation.egg-info/SOURCES.txt'
[0.983s] writing manifest file 'my_simulation.egg-info/SOURCES.txt'
[0.984s] running build_ext
[0.984s] Creating /home/nishit/vision_based_sorting_ws/src/install/my_simulation/lib/python3.10/site-packages/my-simulation.egg-link (link to .)
[0.985s] 
[0.985s] Installed /home/nishit/vision_based_sorting_ws/src/build/my_simulation
[0.985s] running symlink_data
[0.985s] creating /home/nishit/vision_based_sorting_ws/src/install/my_simulation/share/ament_index
[0.985s] creating /home/nishit/vision_based_sorting_ws/src/install/my_simulation/share/ament_index/resource_index
[0.985s] creating /home/nishit/vision_based_sorting_ws/src/install/my_simulation/share/ament_index/resource_index/packages
[0.985s] symbolically linking /home/nishit/vision_based_sorting_ws/src/build/my_simulation/resource/my_simulation -> /home/nishit/vision_based_sorting_ws/src/install/my_simulation/share/ament_index/resource_index/packages
[0.985s] symbolically linking /home/nishit/vision_based_sorting_ws/src/build/my_simulation/package.xml -> /home/nishit/vision_based_sorting_ws/src/install/my_simulation/share/my_simulation
[1.083s] Invoked command in '/home/nishit/vision_based_sorting_ws/src/build/my_simulation' returned '0': PYTHONPATH=/home/nishit/vision_based_sorting_ws/src/build/my_simulation/prefix_override:/usr/lib/python3/dist-packages/colcon_core/task/python/colcon_distutils_commands:/home/nishit/vision_based_sorting_ws/src/install/my_simulation/lib/python3.10/site-packages:${PYTHONPATH} /usr/bin/python3 -W ignore:setup.py install is deprecated -W ignore:easy_install command is deprecated setup.py develop --editable --build-directory /home/nishit/vision_based_sorting_ws/src/build/my_simulation/build --no-deps symlink_data
