[0.016s] Invoking command in '/home/nishit/vision_based_sorting_ws/src/build/interbotix_xs_sdk': AMENT_PREFIX_PATH=/home/nishit/vision_based_sorting_ws/src/install/interbotix_xs_msgs:/home/nishit/vision_based_sorting_ws/src/install/interbotix_xs_driver:${AMENT_PREFIX_PATH} CMAKE_PREFIX_PATH=/home/nishit/vision_based_sorting_ws/src/install/interbotix_xs_msgs:/home/nishit/vision_based_sorting_ws/src/install/interbotix_xs_driver:/opt/ros/humble LD_LIBRARY_PATH=/home/nishit/vision_based_sorting_ws/src/install/interbotix_xs_msgs/lib:/home/nishit/vision_based_sorting_ws/src/install/interbotix_xs_driver/lib:${LD_LIBRARY_PATH} PYTHONPATH=/home/nishit/vision_based_sorting_ws/src/install/interbotix_xs_msgs/local/lib/python3.10/dist-packages:${PYTHONPATH} /usr/bin/cmake /home/nishit/vision_based_sorting_ws/src/rx200_ros2_stack/interbotix_xs_sdk -DAMENT_CMAKE_SYMLINK_INSTALL=1 -DCMAKE_INSTALL_PREFIX=/home/nishit/vision_based_sorting_ws/src/install/interbotix_xs_sdk
[0.063s] -- The C compiler identification is GNU 11.4.0
[0.106s] -- The CXX compiler identification is GNU 11.4.0
[0.115s] -- Detecting C compiler ABI info
[0.178s] -- Detecting C compiler ABI info - done
[0.182s] -- Check for working C compiler: /usr/bin/cc - skipped
[0.182s] -- Detecting C compile features
[0.182s] -- Detecting C compile features - done
[0.184s] -- Detecting CXX compiler ABI info
[0.250s] -- Detecting CXX compiler ABI info - done
[0.259s] -- Check for working CXX compiler: /usr/bin/c++ - skipped
[0.259s] -- Detecting CXX compile features
[0.259s] -- Detecting CXX compile features - done
[0.262s] -- Found ament_cmake: 1.3.11 (/opt/ros/humble/share/ament_cmake/cmake)
[0.369s] -- Found Python3: /usr/bin/python3 (found version "3.10.12") found components: Interpreter 
[0.414s] -- Override CMake install command with custom implementation using symlinks instead of copying resources
[0.454s] -- Found ament_index_cpp: 1.4.0 (/opt/ros/humble/share/ament_index_cpp/cmake)
[0.457s] -- Found rclcpp: 16.0.12 (/opt/ros/humble/share/rclcpp/cmake)
[0.482s] -- Found rosidl_generator_c: 3.1.6 (/opt/ros/humble/share/rosidl_generator_c/cmake)
[0.485s] -- Found rosidl_adapter: 3.1.6 (/opt/ros/humble/share/rosidl_adapter/cmake)
[0.490s] -- Found rosidl_generator_cpp: 3.1.6 (/opt/ros/humble/share/rosidl_generator_cpp/cmake)
[0.497s] -- Using all available rosidl_typesupport_c: rosidl_typesupport_fastrtps_c;rosidl_typesupport_introspection_c
[0.507s] -- Using all available rosidl_typesupport_cpp: rosidl_typesupport_fastrtps_cpp;rosidl_typesupport_introspection_cpp
[0.534s] -- Found rmw_implementation_cmake: 6.1.2 (/opt/ros/humble/share/rmw_implementation_cmake/cmake)
[0.536s] -- Found rmw_fastrtps_cpp: 6.2.7 (/opt/ros/humble/share/rmw_fastrtps_cpp/cmake)
[0.610s] -- Found OpenSSL: /usr/lib/x86_64-linux-gnu/libcrypto.so (found version "3.0.2")  
[0.631s] -- Found FastRTPS: /opt/ros/humble/include  
[0.665s] -- Using RMW implementation 'rmw_fastrtps_cpp' as default
[0.671s] -- Looking for pthread.h
[0.741s] -- Looking for pthread.h - found
[0.742s] -- Performing Test CMAKE_HAVE_LIBC_PTHREAD
[0.813s] -- Performing Test CMAKE_HAVE_LIBC_PTHREAD - Success
[0.814s] -- Found Threads: TRUE  
[0.845s] -- Found rclpy: 3.3.16 (/opt/ros/humble/share/rclpy/cmake)
[0.846s] -- Found sensor_msgs: 4.8.0 (/opt/ros/humble/share/sensor_msgs/cmake)
[0.867s] -- Found urdf: 2.6.1 (/opt/ros/humble/share/urdf/cmake)
[0.893s] -- Found interbotix_xs_msgs: 0.0.0 (/home/nishit/vision_based_sorting_ws/src/install/interbotix_xs_msgs/share/interbotix_xs_msgs/cmake)
[0.913s] -- Found interbotix_xs_driver: 0.3.7 (/home/nishit/vision_based_sorting_ws/src/install/interbotix_xs_driver/share/interbotix_xs_driver/cmake)
[0.918s] -- Found ament_lint_auto: 0.12.12 (/opt/ros/humble/share/ament_lint_auto/cmake)
[0.978s] -- Added test 'copyright' to check source files copyright and LICENSE
[0.979s] -- Added test 'cppcheck' to perform static code analysis on C / C++ code
[0.979s] -- Configured cppcheck include dirs: /home/nishit/vision_based_sorting_ws/src/rx200_ros2_stack/interbotix_xs_sdk/include
[0.979s] -- Configured cppcheck exclude dirs and/or files: 
[0.980s] -- Added test 'cpplint' to check C / C++ code against the Google style
[0.980s] -- Configured cpplint exclude dirs and/or files: 
[0.980s] -- Added test 'flake8' to check Python code syntax and style conventions
[0.981s] -- Added test 'lint_cmake' to check CMake code style
[0.981s] -- Added test 'pep257' to check Python code against some of the docstring style conventions in PEP 257
[0.982s] -- Added test 'uncrustify' to check C / C++ code style
[0.982s] -- Configured uncrustify additional arguments: 
[0.982s] -- Added test 'xmllint' to check XML markup files
[0.983s] -- Configuring done
[0.996s] -- Generating done
[1.000s] -- Build files have been written to: /home/nishit/vision_based_sorting_ws/src/build/interbotix_xs_sdk
[1.018s] Invoked command in '/home/nishit/vision_based_sorting_ws/src/build/interbotix_xs_sdk' returned '0': AMENT_PREFIX_PATH=/home/nishit/vision_based_sorting_ws/src/install/interbotix_xs_msgs:/home/nishit/vision_based_sorting_ws/src/install/interbotix_xs_driver:${AMENT_PREFIX_PATH} CMAKE_PREFIX_PATH=/home/nishit/vision_based_sorting_ws/src/install/interbotix_xs_msgs:/home/nishit/vision_based_sorting_ws/src/install/interbotix_xs_driver:/opt/ros/humble LD_LIBRARY_PATH=/home/nishit/vision_based_sorting_ws/src/install/interbotix_xs_msgs/lib:/home/nishit/vision_based_sorting_ws/src/install/interbotix_xs_driver/lib:${LD_LIBRARY_PATH} PYTHONPATH=/home/nishit/vision_based_sorting_ws/src/install/interbotix_xs_msgs/local/lib/python3.10/dist-packages:${PYTHONPATH} /usr/bin/cmake /home/nishit/vision_based_sorting_ws/src/rx200_ros2_stack/interbotix_xs_sdk -DAMENT_CMAKE_SYMLINK_INSTALL=1 -DCMAKE_INSTALL_PREFIX=/home/nishit/vision_based_sorting_ws/src/install/interbotix_xs_sdk
[1.020s] Invoking command in '/home/nishit/vision_based_sorting_ws/src/build/interbotix_xs_sdk': AMENT_PREFIX_PATH=/home/nishit/vision_based_sorting_ws/src/install/interbotix_xs_msgs:/home/nishit/vision_based_sorting_ws/src/install/interbotix_xs_driver:${AMENT_PREFIX_PATH} CMAKE_PREFIX_PATH=/home/nishit/vision_based_sorting_ws/src/install/interbotix_xs_msgs:/home/nishit/vision_based_sorting_ws/src/install/interbotix_xs_driver:/opt/ros/humble LD_LIBRARY_PATH=/home/nishit/vision_based_sorting_ws/src/install/interbotix_xs_msgs/lib:/home/nishit/vision_based_sorting_ws/src/install/interbotix_xs_driver/lib:${LD_LIBRARY_PATH} PYTHONPATH=/home/nishit/vision_based_sorting_ws/src/install/interbotix_xs_msgs/local/lib/python3.10/dist-packages:${PYTHONPATH} /usr/bin/cmake --build /home/nishit/vision_based_sorting_ws/src/build/interbotix_xs_sdk -- -j16 -l16
[1.065s] [ 66%] [32mBuilding CXX object CMakeFiles/xs_sdk.dir/src/xs_sdk.cpp.o[0m
[1.065s] [ 66%] [32mBuilding CXX object CMakeFiles/xs_sdk.dir/src/xs_sdk_obj.cpp.o[0m
[14.240s] [100%] [32m[1mLinking CXX executable xs_sdk[0m
[14.859s] [100%] Built target xs_sdk
[14.870s] Invoked command in '/home/nishit/vision_based_sorting_ws/src/build/interbotix_xs_sdk' returned '0': AMENT_PREFIX_PATH=/home/nishit/vision_based_sorting_ws/src/install/interbotix_xs_msgs:/home/nishit/vision_based_sorting_ws/src/install/interbotix_xs_driver:${AMENT_PREFIX_PATH} CMAKE_PREFIX_PATH=/home/nishit/vision_based_sorting_ws/src/install/interbotix_xs_msgs:/home/nishit/vision_based_sorting_ws/src/install/interbotix_xs_driver:/opt/ros/humble LD_LIBRARY_PATH=/home/nishit/vision_based_sorting_ws/src/install/interbotix_xs_msgs/lib:/home/nishit/vision_based_sorting_ws/src/install/interbotix_xs_driver/lib:${LD_LIBRARY_PATH} PYTHONPATH=/home/nishit/vision_based_sorting_ws/src/install/interbotix_xs_msgs/local/lib/python3.10/dist-packages:${PYTHONPATH} /usr/bin/cmake --build /home/nishit/vision_based_sorting_ws/src/build/interbotix_xs_sdk -- -j16 -l16
[14.872s] Invoking command in '/home/nishit/vision_based_sorting_ws/src/build/interbotix_xs_sdk': AMENT_PREFIX_PATH=/home/nishit/vision_based_sorting_ws/src/install/interbotix_xs_msgs:/home/nishit/vision_based_sorting_ws/src/install/interbotix_xs_driver:${AMENT_PREFIX_PATH} CMAKE_PREFIX_PATH=/home/nishit/vision_based_sorting_ws/src/install/interbotix_xs_msgs:/home/nishit/vision_based_sorting_ws/src/install/interbotix_xs_driver:/opt/ros/humble LD_LIBRARY_PATH=/home/nishit/vision_based_sorting_ws/src/install/interbotix_xs_msgs/lib:/home/nishit/vision_based_sorting_ws/src/install/interbotix_xs_driver/lib:${LD_LIBRARY_PATH} PYTHONPATH=/home/nishit/vision_based_sorting_ws/src/install/interbotix_xs_msgs/local/lib/python3.10/dist-packages:${PYTHONPATH} /usr/bin/cmake --install /home/nishit/vision_based_sorting_ws/src/build/interbotix_xs_sdk
[14.877s] -- Install configuration: ""
[14.877s] -- Execute custom install script
[14.878s] -- Symlinking: /home/nishit/vision_based_sorting_ws/src/install/interbotix_xs_sdk/lib/interbotix_xs_sdk/xs_sdk
[14.885s] -- Symlinking: /home/nishit/vision_based_sorting_ws/src/install/interbotix_xs_sdk/lib/interbotix_xs_sdk/xs_sdk_sim.py
[14.892s] -- Symlinking: /home/nishit/vision_based_sorting_ws/src/install/interbotix_xs_sdk/share/interbotix_xs_sdk//config/mode_configs_template.yaml
[14.900s] -- Symlinking: /home/nishit/vision_based_sorting_ws/src/install/interbotix_xs_sdk/share/interbotix_xs_sdk//config/motor_configs_template.yaml
[14.906s] -- Symlinking: /home/nishit/vision_based_sorting_ws/src/install/interbotix_xs_sdk/share/ament_index/resource_index/package_run_dependencies/interbotix_xs_sdk
[14.913s] -- Symlinking: /home/nishit/vision_based_sorting_ws/src/install/interbotix_xs_sdk/share/ament_index/resource_index/parent_prefix_path/interbotix_xs_sdk
[14.920s] -- Symlinking: /home/nishit/vision_based_sorting_ws/src/install/interbotix_xs_sdk/share/interbotix_xs_sdk/environment/ament_prefix_path.sh
[14.926s] -- Symlinking: /home/nishit/vision_based_sorting_ws/src/install/interbotix_xs_sdk/share/interbotix_xs_sdk/environment/ament_prefix_path.dsv
[14.932s] -- Symlinking: /home/nishit/vision_based_sorting_ws/src/install/interbotix_xs_sdk/share/interbotix_xs_sdk/environment/path.sh
[14.938s] -- Symlinking: /home/nishit/vision_based_sorting_ws/src/install/interbotix_xs_sdk/share/interbotix_xs_sdk/environment/path.dsv
[14.944s] -- Symlinking: /home/nishit/vision_based_sorting_ws/src/install/interbotix_xs_sdk/share/interbotix_xs_sdk/local_setup.bash
[14.949s] -- Symlinking: /home/nishit/vision_based_sorting_ws/src/install/interbotix_xs_sdk/share/interbotix_xs_sdk/local_setup.sh
[14.955s] -- Symlinking: /home/nishit/vision_based_sorting_ws/src/install/interbotix_xs_sdk/share/interbotix_xs_sdk/local_setup.zsh
[14.961s] -- Symlinking: /home/nishit/vision_based_sorting_ws/src/install/interbotix_xs_sdk/share/interbotix_xs_sdk/local_setup.dsv
[14.968s] -- Symlinking: /home/nishit/vision_based_sorting_ws/src/install/interbotix_xs_sdk/share/interbotix_xs_sdk/package.dsv
[14.974s] -- Symlinking: /home/nishit/vision_based_sorting_ws/src/install/interbotix_xs_sdk/share/ament_index/resource_index/packages/interbotix_xs_sdk
[14.981s] -- Symlinking: /home/nishit/vision_based_sorting_ws/src/install/interbotix_xs_sdk/share/interbotix_xs_sdk/cmake/interbotix_xs_sdkConfig.cmake
[14.988s] -- Symlinking: /home/nishit/vision_based_sorting_ws/src/install/interbotix_xs_sdk/share/interbotix_xs_sdk/cmake/interbotix_xs_sdkConfig-version.cmake
[14.993s] -- Symlinking: /home/nishit/vision_based_sorting_ws/src/install/interbotix_xs_sdk/share/interbotix_xs_sdk/package.xml
[15.004s] Invoked command in '/home/nishit/vision_based_sorting_ws/src/build/interbotix_xs_sdk' returned '0': AMENT_PREFIX_PATH=/home/nishit/vision_based_sorting_ws/src/install/interbotix_xs_msgs:/home/nishit/vision_based_sorting_ws/src/install/interbotix_xs_driver:${AMENT_PREFIX_PATH} CMAKE_PREFIX_PATH=/home/nishit/vision_based_sorting_ws/src/install/interbotix_xs_msgs:/home/nishit/vision_based_sorting_ws/src/install/interbotix_xs_driver:/opt/ros/humble LD_LIBRARY_PATH=/home/nishit/vision_based_sorting_ws/src/install/interbotix_xs_msgs/lib:/home/nishit/vision_based_sorting_ws/src/install/interbotix_xs_driver/lib:${LD_LIBRARY_PATH} PYTHONPATH=/home/nishit/vision_based_sorting_ws/src/install/interbotix_xs_msgs/local/lib/python3.10/dist-packages:${PYTHONPATH} /usr/bin/cmake --install /home/nishit/vision_based_sorting_ws/src/build/interbotix_xs_sdk
