[0.015s] Invoking command in '/home/nishit/vision_based_sorting_ws/build/interbotix_xsarm_descriptions': AMENT_PREFIX_PATH=/home/nishit/vision_based_sorting_ws/install/interbotix_xs_modules:/home/nishit/vision_based_sorting_ws/install/interbotix_xs_sdk:/home/nishit/vision_based_sorting_ws/install/interbotix_xs_msgs:/home/nishit/vision_based_sorting_ws/install/interbotix_xs_driver:/home/nishit/vision_based_sorting_ws/install/interbotix_common_modules:${AMENT_PREFIX_PATH} CMAKE_PREFIX_PATH=/home/nishit/vision_based_sorting_ws/install/interbotix_xs_sdk:/home/nishit/vision_based_sorting_ws/install/interbotix_xs_msgs:/home/nishit/vision_based_sorting_ws/install/interbotix_xs_driver:/opt/ros/humble LD_LIBRARY_PATH=/home/nishit/vision_based_sorting_ws/install/interbotix_xs_msgs/lib:/home/nishit/vision_based_sorting_ws/install/interbotix_xs_driver/lib:${LD_LIBRARY_PATH} PYTHONPATH=/home/nishit/vision_based_sorting_ws/build/interbotix_xs_modules:/home/nishit/vision_based_sorting_ws/install/interbotix_xs_modules/lib/python3.10/site-packages:/home/nishit/vision_based_sorting_ws/install/interbotix_xs_msgs/local/lib/python3.10/dist-packages:/home/nishit/vision_based_sorting_ws/build/interbotix_common_modules:/home/nishit/vision_based_sorting_ws/install/interbotix_common_modules/lib/python3.10/site-packages:${PYTHONPATH} /usr/bin/cmake /home/nishit/vision_based_sorting_ws/src/rx200_ros2_stack/interbotix_ros_manipulators/interbotix_ros_xsarms/interbotix_xsarm_descriptions -DAMENT_CMAKE_SYMLINK_INSTALL=1 -DCMAKE_INSTALL_PREFIX=/home/nishit/vision_based_sorting_ws/install/interbotix_xsarm_descriptions
[0.058s] -- The C compiler identification is GNU 11.4.0
[0.096s] -- The CXX compiler identification is GNU 11.4.0
[0.102s] -- Detecting C compiler ABI info
[0.157s] -- Detecting C compiler ABI info - done
[0.161s] -- Check for working C compiler: /usr/bin/cc - skipped
[0.161s] -- Detecting C compile features
[0.161s] -- Detecting C compile features - done
[0.163s] -- Detecting CXX compiler ABI info
[0.223s] -- Detecting CXX compiler ABI info - done
[0.227s] -- Check for working CXX compiler: /usr/bin/c++ - skipped
[0.227s] -- Detecting CXX compile features
[0.228s] -- Detecting CXX compile features - done
[0.230s] -- Found ament_cmake: 1.3.11 (/opt/ros/humble/share/ament_cmake/cmake)
[0.326s] -- Found Python3: /usr/bin/python3 (found version "3.10.12") found components: Interpreter 
[0.363s] -- Override CMake install command with custom implementation using symlinks instead of copying resources
[0.405s] -- Found robot_state_publisher: 3.0.3 (/opt/ros/humble/share/robot_state_publisher/cmake)
[0.428s] -- Found rosidl_generator_c: 3.1.6 (/opt/ros/humble/share/rosidl_generator_c/cmake)
[0.432s] -- Found rosidl_adapter: 3.1.6 (/opt/ros/humble/share/rosidl_adapter/cmake)
[0.437s] -- Found rosidl_generator_cpp: 3.1.6 (/opt/ros/humble/share/rosidl_generator_cpp/cmake)
[0.444s] -- Using all available rosidl_typesupport_c: rosidl_typesupport_fastrtps_c;rosidl_typesupport_introspection_c
[0.454s] -- Using all available rosidl_typesupport_cpp: rosidl_typesupport_fastrtps_cpp;rosidl_typesupport_introspection_cpp
[0.490s] -- Found eigen3_cmake_module: 0.1.1 (/opt/ros/humble/share/eigen3_cmake_module/cmake)
[0.491s] -- Found Eigen3: TRUE (found version "3.4.0") 
[0.491s] -- Ensuring Eigen3 include directory is part of orocos-kdl CMake target
[0.518s] -- Found rmw_implementation_cmake: 6.1.2 (/opt/ros/humble/share/rmw_implementation_cmake/cmake)
[0.520s] -- Found rmw_fastrtps_cpp: 6.2.7 (/opt/ros/humble/share/rmw_fastrtps_cpp/cmake)
[0.591s] -- Found OpenSSL: /usr/lib/x86_64-linux-gnu/libcrypto.so (found version "3.0.2")  
[0.611s] -- Found FastRTPS: /opt/ros/humble/include  
[0.640s] -- Using RMW implementation 'rmw_fastrtps_cpp' as default
[0.646s] -- Looking for pthread.h
[0.703s] -- Looking for pthread.h - found
[0.703s] -- Performing Test CMAKE_HAVE_LIBC_PTHREAD
[0.758s] -- Performing Test CMAKE_HAVE_LIBC_PTHREAD - Success
[0.759s] -- Found Threads: TRUE  
[0.872s] -- Found rviz2: 11.2.16 (/opt/ros/humble/share/rviz2/cmake)
[0.874s] -- Found xacro: 2.0.13 (/opt/ros/humble/share/xacro/cmake)
[0.875s] -- Found ament_lint_auto: 0.12.12 (/opt/ros/humble/share/ament_lint_auto/cmake)
[0.928s] -- Added test 'copyright' to check source files copyright and LICENSE
[0.943s] -- Added test 'flake8' to check Python code syntax and style conventions
[0.944s] -- Added test 'lint_cmake' to check CMake code style
[0.945s] -- Added test 'pep257' to check Python code against some of the docstring style conventions in PEP 257
[0.951s] -- Added test 'xmllint' to check XML markup files
[0.952s] -- Configuring done
[0.956s] -- Generating done
[0.957s] -- Build files have been written to: /home/nishit/vision_based_sorting_ws/build/interbotix_xsarm_descriptions
[0.965s] Invoked command in '/home/nishit/vision_based_sorting_ws/build/interbotix_xsarm_descriptions' returned '0': AMENT_PREFIX_PATH=/home/nishit/vision_based_sorting_ws/install/interbotix_xs_modules:/home/nishit/vision_based_sorting_ws/install/interbotix_xs_sdk:/home/nishit/vision_based_sorting_ws/install/interbotix_xs_msgs:/home/nishit/vision_based_sorting_ws/install/interbotix_xs_driver:/home/nishit/vision_based_sorting_ws/install/interbotix_common_modules:${AMENT_PREFIX_PATH} CMAKE_PREFIX_PATH=/home/nishit/vision_based_sorting_ws/install/interbotix_xs_sdk:/home/nishit/vision_based_sorting_ws/install/interbotix_xs_msgs:/home/nishit/vision_based_sorting_ws/install/interbotix_xs_driver:/opt/ros/humble LD_LIBRARY_PATH=/home/nishit/vision_based_sorting_ws/install/interbotix_xs_msgs/lib:/home/nishit/vision_based_sorting_ws/install/interbotix_xs_driver/lib:${LD_LIBRARY_PATH} PYTHONPATH=/home/nishit/vision_based_sorting_ws/build/interbotix_xs_modules:/home/nishit/vision_based_sorting_ws/install/interbotix_xs_modules/lib/python3.10/site-packages:/home/nishit/vision_based_sorting_ws/install/interbotix_xs_msgs/local/lib/python3.10/dist-packages:/home/nishit/vision_based_sorting_ws/build/interbotix_common_modules:/home/nishit/vision_based_sorting_ws/install/interbotix_common_modules/lib/python3.10/site-packages:${PYTHONPATH} /usr/bin/cmake /home/nishit/vision_based_sorting_ws/src/rx200_ros2_stack/interbotix_ros_manipulators/interbotix_ros_xsarms/interbotix_xsarm_descriptions -DAMENT_CMAKE_SYMLINK_INSTALL=1 -DCMAKE_INSTALL_PREFIX=/home/nishit/vision_based_sorting_ws/install/interbotix_xsarm_descriptions
[0.967s] Invoking command in '/home/nishit/vision_based_sorting_ws/build/interbotix_xsarm_descriptions': AMENT_PREFIX_PATH=/home/nishit/vision_based_sorting_ws/install/interbotix_xs_modules:/home/nishit/vision_based_sorting_ws/install/interbotix_xs_sdk:/home/nishit/vision_based_sorting_ws/install/interbotix_xs_msgs:/home/nishit/vision_based_sorting_ws/install/interbotix_xs_driver:/home/nishit/vision_based_sorting_ws/install/interbotix_common_modules:${AMENT_PREFIX_PATH} CMAKE_PREFIX_PATH=/home/nishit/vision_based_sorting_ws/install/interbotix_xs_sdk:/home/nishit/vision_based_sorting_ws/install/interbotix_xs_msgs:/home/nishit/vision_based_sorting_ws/install/interbotix_xs_driver:/opt/ros/humble LD_LIBRARY_PATH=/home/nishit/vision_based_sorting_ws/install/interbotix_xs_msgs/lib:/home/nishit/vision_based_sorting_ws/install/interbotix_xs_driver/lib:${LD_LIBRARY_PATH} PYTHONPATH=/home/nishit/vision_based_sorting_ws/build/interbotix_xs_modules:/home/nishit/vision_based_sorting_ws/install/interbotix_xs_modules/lib/python3.10/site-packages:/home/nishit/vision_based_sorting_ws/install/interbotix_xs_msgs/local/lib/python3.10/dist-packages:/home/nishit/vision_based_sorting_ws/build/interbotix_common_modules:/home/nishit/vision_based_sorting_ws/install/interbotix_common_modules/lib/python3.10/site-packages:${PYTHONPATH} /usr/bin/cmake --build /home/nishit/vision_based_sorting_ws/build/interbotix_xsarm_descriptions -- -j16 -l16
[1.004s] Invoked command in '/home/nishit/vision_based_sorting_ws/build/interbotix_xsarm_descriptions' returned '0': AMENT_PREFIX_PATH=/home/nishit/vision_based_sorting_ws/install/interbotix_xs_modules:/home/nishit/vision_based_sorting_ws/install/interbotix_xs_sdk:/home/nishit/vision_based_sorting_ws/install/interbotix_xs_msgs:/home/nishit/vision_based_sorting_ws/install/interbotix_xs_driver:/home/nishit/vision_based_sorting_ws/install/interbotix_common_modules:${AMENT_PREFIX_PATH} CMAKE_PREFIX_PATH=/home/nishit/vision_based_sorting_ws/install/interbotix_xs_sdk:/home/nishit/vision_based_sorting_ws/install/interbotix_xs_msgs:/home/nishit/vision_based_sorting_ws/install/interbotix_xs_driver:/opt/ros/humble LD_LIBRARY_PATH=/home/nishit/vision_based_sorting_ws/install/interbotix_xs_msgs/lib:/home/nishit/vision_based_sorting_ws/install/interbotix_xs_driver/lib:${LD_LIBRARY_PATH} PYTHONPATH=/home/nishit/vision_based_sorting_ws/build/interbotix_xs_modules:/home/nishit/vision_based_sorting_ws/install/interbotix_xs_modules/lib/python3.10/site-packages:/home/nishit/vision_based_sorting_ws/install/interbotix_xs_msgs/local/lib/python3.10/dist-packages:/home/nishit/vision_based_sorting_ws/build/interbotix_common_modules:/home/nishit/vision_based_sorting_ws/install/interbotix_common_modules/lib/python3.10/site-packages:${PYTHONPATH} /usr/bin/cmake --build /home/nishit/vision_based_sorting_ws/build/interbotix_xsarm_descriptions -- -j16 -l16
[1.006s] Invoking command in '/home/nishit/vision_based_sorting_ws/build/interbotix_xsarm_descriptions': AMENT_PREFIX_PATH=/home/nishit/vision_based_sorting_ws/install/interbotix_xs_modules:/home/nishit/vision_based_sorting_ws/install/interbotix_xs_sdk:/home/nishit/vision_based_sorting_ws/install/interbotix_xs_msgs:/home/nishit/vision_based_sorting_ws/install/interbotix_xs_driver:/home/nishit/vision_based_sorting_ws/install/interbotix_common_modules:${AMENT_PREFIX_PATH} CMAKE_PREFIX_PATH=/home/nishit/vision_based_sorting_ws/install/interbotix_xs_sdk:/home/nishit/vision_based_sorting_ws/install/interbotix_xs_msgs:/home/nishit/vision_based_sorting_ws/install/interbotix_xs_driver:/opt/ros/humble LD_LIBRARY_PATH=/home/nishit/vision_based_sorting_ws/install/interbotix_xs_msgs/lib:/home/nishit/vision_based_sorting_ws/install/interbotix_xs_driver/lib:${LD_LIBRARY_PATH} PYTHONPATH=/home/nishit/vision_based_sorting_ws/build/interbotix_xs_modules:/home/nishit/vision_based_sorting_ws/install/interbotix_xs_modules/lib/python3.10/site-packages:/home/nishit/vision_based_sorting_ws/install/interbotix_xs_msgs/local/lib/python3.10/dist-packages:/home/nishit/vision_based_sorting_ws/build/interbotix_common_modules:/home/nishit/vision_based_sorting_ws/install/interbotix_common_modules/lib/python3.10/site-packages:${PYTHONPATH} /usr/bin/cmake --install /home/nishit/vision_based_sorting_ws/build/interbotix_xsarm_descriptions
[1.011s] -- Install configuration: ""
[1.011s] -- Execute custom install script
[1.012s] -- Symlinking: /home/nishit/vision_based_sorting_ws/install/interbotix_xsarm_descriptions/share/interbotix_xsarm_descriptions//urdf/aloha_vx300s.urdf.xacro
[1.018s] -- Symlinking: /home/nishit/vision_based_sorting_ws/install/interbotix_xsarm_descriptions/share/interbotix_xsarm_descriptions//urdf/aloha_wx250s.urdf.xacro
[1.025s] -- Symlinking: /home/nishit/vision_based_sorting_ws/install/interbotix_xsarm_descriptions/share/interbotix_xsarm_descriptions//urdf/ar_tag.urdf.xacro
[1.031s] -- Symlinking: /home/nishit/vision_based_sorting_ws/install/interbotix_xsarm_descriptions/share/interbotix_xsarm_descriptions//urdf/control.urdf.xacro
[1.038s] -- Symlinking: /home/nishit/vision_based_sorting_ws/install/interbotix_xsarm_descriptions/share/interbotix_xsarm_descriptions//urdf/gazebo_configs.urdf.xacro
[1.044s] -- Symlinking: /home/nishit/vision_based_sorting_ws/install/interbotix_xsarm_descriptions/share/interbotix_xsarm_descriptions//urdf/mobile_px100.urdf.xacro
[1.050s] -- Symlinking: /home/nishit/vision_based_sorting_ws/install/interbotix_xsarm_descriptions/share/interbotix_xsarm_descriptions//urdf/mobile_wx200.urdf.xacro
[1.057s] -- Symlinking: /home/nishit/vision_based_sorting_ws/install/interbotix_xsarm_descriptions/share/interbotix_xsarm_descriptions//urdf/mobile_wx250s.urdf.xacro
[1.065s] -- Symlinking: /home/nishit/vision_based_sorting_ws/install/interbotix_xsarm_descriptions/share/interbotix_xsarm_descriptions//urdf/px100.urdf.xacro
[1.071s] -- Symlinking: /home/nishit/vision_based_sorting_ws/install/interbotix_xsarm_descriptions/share/interbotix_xsarm_descriptions//urdf/px150.urdf.xacro
[1.079s] -- Symlinking: /home/nishit/vision_based_sorting_ws/install/interbotix_xsarm_descriptions/share/interbotix_xsarm_descriptions//urdf/rx150.urdf.xacro
[1.087s] -- Symlinking: /home/nishit/vision_based_sorting_ws/install/interbotix_xsarm_descriptions/share/interbotix_xsarm_descriptions//urdf/rx200.urdf.xacro
[1.093s] -- Symlinking: /home/nishit/vision_based_sorting_ws/install/interbotix_xsarm_descriptions/share/interbotix_xsarm_descriptions//urdf/vx250.urdf.xacro
[1.099s] -- Symlinking: /home/nishit/vision_based_sorting_ws/install/interbotix_xsarm_descriptions/share/interbotix_xsarm_descriptions//urdf/vx300.urdf.xacro
[1.106s] -- Symlinking: /home/nishit/vision_based_sorting_ws/install/interbotix_xsarm_descriptions/share/interbotix_xsarm_descriptions//urdf/vx300s.urdf.xacro
[1.112s] -- Symlinking: /home/nishit/vision_based_sorting_ws/install/interbotix_xsarm_descriptions/share/interbotix_xsarm_descriptions//urdf/wx200.urdf.xacro
[1.118s] -- Symlinking: /home/nishit/vision_based_sorting_ws/install/interbotix_xsarm_descriptions/share/interbotix_xsarm_descriptions//urdf/wx250.urdf.xacro
[1.124s] -- Symlinking: /home/nishit/vision_based_sorting_ws/install/interbotix_xsarm_descriptions/share/interbotix_xsarm_descriptions//urdf/wx250s.urdf.xacro
[1.131s] -- Symlinking: /home/nishit/vision_based_sorting_ws/install/interbotix_xsarm_descriptions/share/interbotix_xsarm_descriptions//launch/remote_view.launch.py
[1.139s] -- Symlinking: /home/nishit/vision_based_sorting_ws/install/interbotix_xsarm_descriptions/share/interbotix_xsarm_descriptions//launch/xsarm_description.launch.py
[1.146s] -- Symlinking: /home/nishit/vision_based_sorting_ws/install/interbotix_xsarm_descriptions/share/interbotix_xsarm_descriptions//meshes/aloha_vx300s_meshes/base.stl
[1.153s] -- Symlinking: /home/nishit/vision_based_sorting_ws/install/interbotix_xsarm_descriptions/share/interbotix_xsarm_descriptions//meshes/aloha_vx300s_meshes/gripper.stl
[1.159s] -- Symlinking: /home/nishit/vision_based_sorting_ws/install/interbotix_xsarm_descriptions/share/interbotix_xsarm_descriptions//meshes/aloha_vx300s_meshes/gripper_bar.stl
[1.166s] -- Symlinking: /home/nishit/vision_based_sorting_ws/install/interbotix_xsarm_descriptions/share/interbotix_xsarm_descriptions//meshes/aloha_vx300s_meshes/gripper_finger.stl
[1.173s] -- Symlinking: /home/nishit/vision_based_sorting_ws/install/interbotix_xsarm_descriptions/share/interbotix_xsarm_descriptions//meshes/aloha_vx300s_meshes/gripper_prop.stl
[1.179s] -- Symlinking: /home/nishit/vision_based_sorting_ws/install/interbotix_xsarm_descriptions/share/interbotix_xsarm_descriptions//meshes/aloha_vx300s_meshes/lower_forearm.stl
[1.185s] -- Symlinking: /home/nishit/vision_based_sorting_ws/install/interbotix_xsarm_descriptions/share/interbotix_xsarm_descriptions//meshes/aloha_vx300s_meshes/shoulder.stl
[1.193s] -- Symlinking: /home/nishit/vision_based_sorting_ws/install/interbotix_xsarm_descriptions/share/interbotix_xsarm_descriptions//meshes/aloha_vx300s_meshes/upper_arm.stl
[1.200s] -- Symlinking: /home/nishit/vision_based_sorting_ws/install/interbotix_xsarm_descriptions/share/interbotix_xsarm_descriptions//meshes/aloha_vx300s_meshes/upper_forearm.stl
[1.206s] -- Symlinking: /home/nishit/vision_based_sorting_ws/install/interbotix_xsarm_descriptions/share/interbotix_xsarm_descriptions//meshes/aloha_vx300s_meshes/wrist.stl
[1.213s] -- Symlinking: /home/nishit/vision_based_sorting_ws/install/interbotix_xsarm_descriptions/share/interbotix_xsarm_descriptions//meshes/aloha_wx250s_meshes/base.stl
[1.219s] -- Symlinking: /home/nishit/vision_based_sorting_ws/install/interbotix_xsarm_descriptions/share/interbotix_xsarm_descriptions//meshes/aloha_wx250s_meshes/gripper.stl
[1.225s] -- Symlinking: /home/nishit/vision_based_sorting_ws/install/interbotix_xsarm_descriptions/share/interbotix_xsarm_descriptions//meshes/aloha_wx250s_meshes/gripper_bar.stl
[1.231s] -- Symlinking: /home/nishit/vision_based_sorting_ws/install/interbotix_xsarm_descriptions/share/interbotix_xsarm_descriptions//meshes/aloha_wx250s_meshes/gripper_finger.stl
[1.237s] -- Symlinking: /home/nishit/vision_based_sorting_ws/install/interbotix_xsarm_descriptions/share/interbotix_xsarm_descriptions//meshes/aloha_wx250s_meshes/gripper_prop.stl
[1.243s] -- Symlinking: /home/nishit/vision_based_sorting_ws/install/interbotix_xsarm_descriptions/share/interbotix_xsarm_descriptions//meshes/aloha_wx250s_meshes/lower_forearm.stl
[1.249s] -- Symlinking: /home/nishit/vision_based_sorting_ws/install/interbotix_xsarm_descriptions/share/interbotix_xsarm_descriptions//meshes/aloha_wx250s_meshes/shoulder.stl
[1.255s] -- Symlinking: /home/nishit/vision_based_sorting_ws/install/interbotix_xsarm_descriptions/share/interbotix_xsarm_descriptions//meshes/aloha_wx250s_meshes/upper_arm.stl
[1.261s] -- Symlinking: /home/nishit/vision_based_sorting_ws/install/interbotix_xsarm_descriptions/share/interbotix_xsarm_descriptions//meshes/aloha_wx250s_meshes/upper_forearm.stl
[1.268s] -- Symlinking: /home/nishit/vision_based_sorting_ws/install/interbotix_xsarm_descriptions/share/interbotix_xsarm_descriptions//meshes/aloha_wx250s_meshes/wrist.stl
[1.274s] -- Symlinking: /home/nishit/vision_based_sorting_ws/install/interbotix_xsarm_descriptions/share/interbotix_xsarm_descriptions//meshes/ar_tag.stl
[1.280s] -- Symlinking: /home/nishit/vision_based_sorting_ws/install/interbotix_xsarm_descriptions/share/interbotix_xsarm_descriptions//meshes/interbotix_black.png
[1.288s] -- Symlinking: /home/nishit/vision_based_sorting_ws/install/interbotix_xsarm_descriptions/share/interbotix_xsarm_descriptions//meshes/mobile_px100_meshes/base.stl
[1.297s] -- Symlinking: /home/nishit/vision_based_sorting_ws/install/interbotix_xsarm_descriptions/share/interbotix_xsarm_descriptions//meshes/mobile_px100_meshes/forearm.stl
[1.303s] -- Symlinking: /home/nishit/vision_based_sorting_ws/install/interbotix_xsarm_descriptions/share/interbotix_xsarm_descriptions//meshes/mobile_px100_meshes/gripper.stl
[1.311s] -- Symlinking: /home/nishit/vision_based_sorting_ws/install/interbotix_xsarm_descriptions/share/interbotix_xsarm_descriptions//meshes/mobile_px100_meshes/gripper_bar.stl
[1.320s] -- Symlinking: /home/nishit/vision_based_sorting_ws/install/interbotix_xsarm_descriptions/share/interbotix_xsarm_descriptions//meshes/mobile_px100_meshes/gripper_finger.stl
[1.328s] -- Symlinking: /home/nishit/vision_based_sorting_ws/install/interbotix_xsarm_descriptions/share/interbotix_xsarm_descriptions//meshes/mobile_px100_meshes/gripper_prop.stl
[1.336s] -- Symlinking: /home/nishit/vision_based_sorting_ws/install/interbotix_xsarm_descriptions/share/interbotix_xsarm_descriptions//meshes/mobile_px100_meshes/shoulder.stl
[1.343s] -- Symlinking: /home/nishit/vision_based_sorting_ws/install/interbotix_xsarm_descriptions/share/interbotix_xsarm_descriptions//meshes/mobile_px100_meshes/upper_arm.stl
[1.349s] -- Symlinking: /home/nishit/vision_based_sorting_ws/install/interbotix_xsarm_descriptions/share/interbotix_xsarm_descriptions//meshes/mobile_wx200_meshes/base.stl
[1.355s] -- Symlinking: /home/nishit/vision_based_sorting_ws/install/interbotix_xsarm_descriptions/share/interbotix_xsarm_descriptions//meshes/mobile_wx200_meshes/forearm.stl
[1.362s] -- Symlinking: /home/nishit/vision_based_sorting_ws/install/interbotix_xsarm_descriptions/share/interbotix_xsarm_descriptions//meshes/mobile_wx200_meshes/gripper.stl
[1.369s] -- Symlinking: /home/nishit/vision_based_sorting_ws/install/interbotix_xsarm_descriptions/share/interbotix_xsarm_descriptions//meshes/mobile_wx200_meshes/gripper_bar.stl
[1.375s] -- Symlinking: /home/nishit/vision_based_sorting_ws/install/interbotix_xsarm_descriptions/share/interbotix_xsarm_descriptions//meshes/mobile_wx200_meshes/gripper_finger.stl
[1.381s] -- Symlinking: /home/nishit/vision_based_sorting_ws/install/interbotix_xsarm_descriptions/share/interbotix_xsarm_descriptions//meshes/mobile_wx200_meshes/gripper_prop.stl
[1.390s] -- Symlinking: /home/nishit/vision_based_sorting_ws/install/interbotix_xsarm_descriptions/share/interbotix_xsarm_descriptions//meshes/mobile_wx200_meshes/shoulder.stl
[1.397s] -- Symlinking: /home/nishit/vision_based_sorting_ws/install/interbotix_xsarm_descriptions/share/interbotix_xsarm_descriptions//meshes/mobile_wx200_meshes/upper_arm.stl
[1.403s] -- Symlinking: /home/nishit/vision_based_sorting_ws/install/interbotix_xsarm_descriptions/share/interbotix_xsarm_descriptions//meshes/mobile_wx200_meshes/wrist.stl
[1.408s] -- Symlinking: /home/nishit/vision_based_sorting_ws/install/interbotix_xsarm_descriptions/share/interbotix_xsarm_descriptions//meshes/mobile_wx250s_meshes/base.stl
[1.415s] -- Symlinking: /home/nishit/vision_based_sorting_ws/install/interbotix_xsarm_descriptions/share/interbotix_xsarm_descriptions//meshes/mobile_wx250s_meshes/gripper.stl
[1.422s] -- Symlinking: /home/nishit/vision_based_sorting_ws/install/interbotix_xsarm_descriptions/share/interbotix_xsarm_descriptions//meshes/mobile_wx250s_meshes/gripper_bar.stl
[1.428s] -- Symlinking: /home/nishit/vision_based_sorting_ws/install/interbotix_xsarm_descriptions/share/interbotix_xsarm_descriptions//meshes/mobile_wx250s_meshes/gripper_finger.stl
[1.434s] -- Symlinking: /home/nishit/vision_based_sorting_ws/install/interbotix_xsarm_descriptions/share/interbotix_xsarm_descriptions//meshes/mobile_wx250s_meshes/gripper_prop.stl
[1.440s] -- Symlinking: /home/nishit/vision_based_sorting_ws/install/interbotix_xsarm_descriptions/share/interbotix_xsarm_descriptions//meshes/mobile_wx250s_meshes/lower_forearm.stl
[1.446s] -- Symlinking: /home/nishit/vision_based_sorting_ws/install/interbotix_xsarm_descriptions/share/interbotix_xsarm_descriptions//meshes/mobile_wx250s_meshes/shoulder.stl
[1.452s] -- Symlinking: /home/nishit/vision_based_sorting_ws/install/interbotix_xsarm_descriptions/share/interbotix_xsarm_descriptions//meshes/mobile_wx250s_meshes/upper_arm.stl
[1.459s] -- Symlinking: /home/nishit/vision_based_sorting_ws/install/interbotix_xsarm_descriptions/share/interbotix_xsarm_descriptions//meshes/mobile_wx250s_meshes/upper_forearm.stl
[1.466s] -- Symlinking: /home/nishit/vision_based_sorting_ws/install/interbotix_xsarm_descriptions/share/interbotix_xsarm_descriptions//meshes/mobile_wx250s_meshes/wrist.stl
[1.472s] -- Symlinking: /home/nishit/vision_based_sorting_ws/install/interbotix_xsarm_descriptions/share/interbotix_xsarm_descriptions//meshes/px100_meshes/base.stl
[1.478s] -- Symlinking: /home/nishit/vision_based_sorting_ws/install/interbotix_xsarm_descriptions/share/interbotix_xsarm_descriptions//meshes/px100_meshes/forearm.stl
[1.484s] -- Symlinking: /home/nishit/vision_based_sorting_ws/install/interbotix_xsarm_descriptions/share/interbotix_xsarm_descriptions//meshes/px100_meshes/gripper.stl
[1.493s] -- Symlinking: /home/nishit/vision_based_sorting_ws/install/interbotix_xsarm_descriptions/share/interbotix_xsarm_descriptions//meshes/px100_meshes/gripper_bar.stl
[1.500s] -- Symlinking: /home/nishit/vision_based_sorting_ws/install/interbotix_xsarm_descriptions/share/interbotix_xsarm_descriptions//meshes/px100_meshes/gripper_finger.stl
[1.507s] -- Symlinking: /home/nishit/vision_based_sorting_ws/install/interbotix_xsarm_descriptions/share/interbotix_xsarm_descriptions//meshes/px100_meshes/gripper_prop.stl
[1.514s] -- Symlinking: /home/nishit/vision_based_sorting_ws/install/interbotix_xsarm_descriptions/share/interbotix_xsarm_descriptions//meshes/px100_meshes/shoulder.stl
[1.520s] -- Symlinking: /home/nishit/vision_based_sorting_ws/install/interbotix_xsarm_descriptions/share/interbotix_xsarm_descriptions//meshes/px100_meshes/upper_arm.stl
[1.527s] -- Symlinking: /home/nishit/vision_based_sorting_ws/install/interbotix_xsarm_descriptions/share/interbotix_xsarm_descriptions//meshes/px150_meshes/base.stl
[1.535s] -- Symlinking: /home/nishit/vision_based_sorting_ws/install/interbotix_xsarm_descriptions/share/interbotix_xsarm_descriptions//meshes/px150_meshes/forearm.stl
[1.541s] -- Symlinking: /home/nishit/vision_based_sorting_ws/install/interbotix_xsarm_descriptions/share/interbotix_xsarm_descriptions//meshes/px150_meshes/gripper.stl
[1.547s] -- Symlinking: /home/nishit/vision_based_sorting_ws/install/interbotix_xsarm_descriptions/share/interbotix_xsarm_descriptions//meshes/px150_meshes/gripper_bar.stl
[1.553s] -- Symlinking: /home/nishit/vision_based_sorting_ws/install/interbotix_xsarm_descriptions/share/interbotix_xsarm_descriptions//meshes/px150_meshes/gripper_finger.stl
[1.559s] -- Symlinking: /home/nishit/vision_based_sorting_ws/install/interbotix_xsarm_descriptions/share/interbotix_xsarm_descriptions//meshes/px150_meshes/gripper_prop.stl
[1.565s] -- Symlinking: /home/nishit/vision_based_sorting_ws/install/interbotix_xsarm_descriptions/share/interbotix_xsarm_descriptions//meshes/px150_meshes/shoulder.stl
[1.572s] -- Symlinking: /home/nishit/vision_based_sorting_ws/install/interbotix_xsarm_descriptions/share/interbotix_xsarm_descriptions//meshes/px150_meshes/upper_arm.stl
[1.578s] -- Symlinking: /home/nishit/vision_based_sorting_ws/install/interbotix_xsarm_descriptions/share/interbotix_xsarm_descriptions//meshes/px150_meshes/wrist.stl
[1.584s] -- Symlinking: /home/nishit/vision_based_sorting_ws/install/interbotix_xsarm_descriptions/share/interbotix_xsarm_descriptions//meshes/rx150_meshes/base.stl
[1.593s] -- Symlinking: /home/nishit/vision_based_sorting_ws/install/interbotix_xsarm_descriptions/share/interbotix_xsarm_descriptions//meshes/rx150_meshes/forearm.stl
[1.601s] -- Symlinking: /home/nishit/vision_based_sorting_ws/install/interbotix_xsarm_descriptions/share/interbotix_xsarm_descriptions//meshes/rx150_meshes/gripper.stl
[1.607s] -- Symlinking: /home/nishit/vision_based_sorting_ws/install/interbotix_xsarm_descriptions/share/interbotix_xsarm_descriptions//meshes/rx150_meshes/gripper_bar.stl
[1.612s] -- Symlinking: /home/nishit/vision_based_sorting_ws/install/interbotix_xsarm_descriptions/share/interbotix_xsarm_descriptions//meshes/rx150_meshes/gripper_finger.stl
[1.618s] -- Symlinking: /home/nishit/vision_based_sorting_ws/install/interbotix_xsarm_descriptions/share/interbotix_xsarm_descriptions//meshes/rx150_meshes/gripper_prop.stl
[1.627s] -- Symlinking: /home/nishit/vision_based_sorting_ws/install/interbotix_xsarm_descriptions/share/interbotix_xsarm_descriptions//meshes/rx150_meshes/shoulder.stl
[1.634s] -- Symlinking: /home/nishit/vision_based_sorting_ws/install/interbotix_xsarm_descriptions/share/interbotix_xsarm_descriptions//meshes/rx150_meshes/upper_arm.stl
[1.640s] -- Symlinking: /home/nishit/vision_based_sorting_ws/install/interbotix_xsarm_descriptions/share/interbotix_xsarm_descriptions//meshes/rx150_meshes/wrist.stl
[1.648s] -- Symlinking: /home/nishit/vision_based_sorting_ws/install/interbotix_xsarm_descriptions/share/interbotix_xsarm_descriptions//meshes/rx200_meshes/base.stl
[1.654s] -- Symlinking: /home/nishit/vision_based_sorting_ws/install/interbotix_xsarm_descriptions/share/interbotix_xsarm_descriptions//meshes/rx200_meshes/forearm.stl
[1.661s] -- Symlinking: /home/nishit/vision_based_sorting_ws/install/interbotix_xsarm_descriptions/share/interbotix_xsarm_descriptions//meshes/rx200_meshes/gripper.stl
[1.667s] -- Symlinking: /home/nishit/vision_based_sorting_ws/install/interbotix_xsarm_descriptions/share/interbotix_xsarm_descriptions//meshes/rx200_meshes/gripper_bar.stl
[1.673s] -- Symlinking: /home/nishit/vision_based_sorting_ws/install/interbotix_xsarm_descriptions/share/interbotix_xsarm_descriptions//meshes/rx200_meshes/gripper_finger.stl
[1.680s] -- Symlinking: /home/nishit/vision_based_sorting_ws/install/interbotix_xsarm_descriptions/share/interbotix_xsarm_descriptions//meshes/rx200_meshes/gripper_prop.stl
[1.689s] -- Symlinking: /home/nishit/vision_based_sorting_ws/install/interbotix_xsarm_descriptions/share/interbotix_xsarm_descriptions//meshes/rx200_meshes/shoulder.stl
[1.696s] -- Symlinking: /home/nishit/vision_based_sorting_ws/install/interbotix_xsarm_descriptions/share/interbotix_xsarm_descriptions//meshes/rx200_meshes/upper_arm.stl
[1.704s] -- Symlinking: /home/nishit/vision_based_sorting_ws/install/interbotix_xsarm_descriptions/share/interbotix_xsarm_descriptions//meshes/rx200_meshes/wrist.stl
[1.712s] -- Symlinking: /home/nishit/vision_based_sorting_ws/install/interbotix_xsarm_descriptions/share/interbotix_xsarm_descriptions//meshes/vx250_meshes/base.stl
[1.719s] -- Symlinking: /home/nishit/vision_based_sorting_ws/install/interbotix_xsarm_descriptions/share/interbotix_xsarm_descriptions//meshes/vx250_meshes/forearm.stl
[1.726s] -- Symlinking: /home/nishit/vision_based_sorting_ws/install/interbotix_xsarm_descriptions/share/interbotix_xsarm_descriptions//meshes/vx250_meshes/gripper.stl
[1.732s] -- Symlinking: /home/nishit/vision_based_sorting_ws/install/interbotix_xsarm_descriptions/share/interbotix_xsarm_descriptions//meshes/vx250_meshes/gripper_bar.stl
[1.741s] -- Symlinking: /home/nishit/vision_based_sorting_ws/install/interbotix_xsarm_descriptions/share/interbotix_xsarm_descriptions//meshes/vx250_meshes/gripper_finger.stl
[1.747s] -- Symlinking: /home/nishit/vision_based_sorting_ws/install/interbotix_xsarm_descriptions/share/interbotix_xsarm_descriptions//meshes/vx250_meshes/gripper_prop.stl
[1.754s] -- Symlinking: /home/nishit/vision_based_sorting_ws/install/interbotix_xsarm_descriptions/share/interbotix_xsarm_descriptions//meshes/vx250_meshes/shoulder.stl
[1.761s] -- Symlinking: /home/nishit/vision_based_sorting_ws/install/interbotix_xsarm_descriptions/share/interbotix_xsarm_descriptions//meshes/vx250_meshes/upper_arm.stl
[1.767s] -- Symlinking: /home/nishit/vision_based_sorting_ws/install/interbotix_xsarm_descriptions/share/interbotix_xsarm_descriptions//meshes/vx250_meshes/wrist.stl
[1.773s] -- Symlinking: /home/nishit/vision_based_sorting_ws/install/interbotix_xsarm_descriptions/share/interbotix_xsarm_descriptions//meshes/vx300_meshes/base.stl
[1.781s] -- Symlinking: /home/nishit/vision_based_sorting_ws/install/interbotix_xsarm_descriptions/share/interbotix_xsarm_descriptions//meshes/vx300_meshes/forearm.stl
[1.789s] -- Symlinking: /home/nishit/vision_based_sorting_ws/install/interbotix_xsarm_descriptions/share/interbotix_xsarm_descriptions//meshes/vx300_meshes/gripper.stl
[1.797s] -- Symlinking: /home/nishit/vision_based_sorting_ws/install/interbotix_xsarm_descriptions/share/interbotix_xsarm_descriptions//meshes/vx300_meshes/gripper_bar.stl
[1.805s] -- Symlinking: /home/nishit/vision_based_sorting_ws/install/interbotix_xsarm_descriptions/share/interbotix_xsarm_descriptions//meshes/vx300_meshes/gripper_finger.stl
[1.811s] -- Symlinking: /home/nishit/vision_based_sorting_ws/install/interbotix_xsarm_descriptions/share/interbotix_xsarm_descriptions//meshes/vx300_meshes/gripper_prop.stl
[1.817s] -- Symlinking: /home/nishit/vision_based_sorting_ws/install/interbotix_xsarm_descriptions/share/interbotix_xsarm_descriptions//meshes/vx300_meshes/shoulder.stl
[1.824s] -- Symlinking: /home/nishit/vision_based_sorting_ws/install/interbotix_xsarm_descriptions/share/interbotix_xsarm_descriptions//meshes/vx300_meshes/upper_arm.stl
[1.831s] -- Symlinking: /home/nishit/vision_based_sorting_ws/install/interbotix_xsarm_descriptions/share/interbotix_xsarm_descriptions//meshes/vx300_meshes/wrist.stl
[1.838s] -- Symlinking: /home/nishit/vision_based_sorting_ws/install/interbotix_xsarm_descriptions/share/interbotix_xsarm_descriptions//meshes/vx300s_meshes/base.stl
[1.845s] -- Symlinking: /home/nishit/vision_based_sorting_ws/install/interbotix_xsarm_descriptions/share/interbotix_xsarm_descriptions//meshes/vx300s_meshes/gripper.stl
[1.851s] -- Symlinking: /home/nishit/vision_based_sorting_ws/install/interbotix_xsarm_descriptions/share/interbotix_xsarm_descriptions//meshes/vx300s_meshes/gripper_bar.stl
[1.857s] -- Symlinking: /home/nishit/vision_based_sorting_ws/install/interbotix_xsarm_descriptions/share/interbotix_xsarm_descriptions//meshes/vx300s_meshes/gripper_finger.stl
[1.864s] -- Symlinking: /home/nishit/vision_based_sorting_ws/install/interbotix_xsarm_descriptions/share/interbotix_xsarm_descriptions//meshes/vx300s_meshes/gripper_prop.stl
[1.871s] -- Symlinking: /home/nishit/vision_based_sorting_ws/install/interbotix_xsarm_descriptions/share/interbotix_xsarm_descriptions//meshes/vx300s_meshes/lower_forearm.stl
[1.878s] -- Symlinking: /home/nishit/vision_based_sorting_ws/install/interbotix_xsarm_descriptions/share/interbotix_xsarm_descriptions//meshes/vx300s_meshes/shoulder.stl
[1.885s] -- Symlinking: /home/nishit/vision_based_sorting_ws/install/interbotix_xsarm_descriptions/share/interbotix_xsarm_descriptions//meshes/vx300s_meshes/upper_arm.stl
[1.895s] -- Symlinking: /home/nishit/vision_based_sorting_ws/install/interbotix_xsarm_descriptions/share/interbotix_xsarm_descriptions//meshes/vx300s_meshes/upper_forearm.stl
[1.902s] -- Symlinking: /home/nishit/vision_based_sorting_ws/install/interbotix_xsarm_descriptions/share/interbotix_xsarm_descriptions//meshes/vx300s_meshes/wrist.stl
[1.909s] -- Symlinking: /home/nishit/vision_based_sorting_ws/install/interbotix_xsarm_descriptions/share/interbotix_xsarm_descriptions//meshes/wx200_meshes/base.stl
[1.916s] -- Symlinking: /home/nishit/vision_based_sorting_ws/install/interbotix_xsarm_descriptions/share/interbotix_xsarm_descriptions//meshes/wx200_meshes/forearm.stl
[1.923s] -- Symlinking: /home/nishit/vision_based_sorting_ws/install/interbotix_xsarm_descriptions/share/interbotix_xsarm_descriptions//meshes/wx200_meshes/gripper.stl
[1.930s] -- Symlinking: /home/nishit/vision_based_sorting_ws/install/interbotix_xsarm_descriptions/share/interbotix_xsarm_descriptions//meshes/wx200_meshes/gripper_bar.stl
[1.936s] -- Symlinking: /home/nishit/vision_based_sorting_ws/install/interbotix_xsarm_descriptions/share/interbotix_xsarm_descriptions//meshes/wx200_meshes/gripper_finger.stl
[1.942s] -- Symlinking: /home/nishit/vision_based_sorting_ws/install/interbotix_xsarm_descriptions/share/interbotix_xsarm_descriptions//meshes/wx200_meshes/gripper_prop.stl
[1.949s] -- Symlinking: /home/nishit/vision_based_sorting_ws/install/interbotix_xsarm_descriptions/share/interbotix_xsarm_descriptions//meshes/wx200_meshes/shoulder.stl
[1.956s] -- Symlinking: /home/nishit/vision_based_sorting_ws/install/interbotix_xsarm_descriptions/share/interbotix_xsarm_descriptions//meshes/wx200_meshes/upper_arm.stl
[1.963s] -- Symlinking: /home/nishit/vision_based_sorting_ws/install/interbotix_xsarm_descriptions/share/interbotix_xsarm_descriptions//meshes/wx200_meshes/wrist.stl
[1.971s] -- Symlinking: /home/nishit/vision_based_sorting_ws/install/interbotix_xsarm_descriptions/share/interbotix_xsarm_descriptions//meshes/wx250_meshes/base.stl
[1.978s] -- Symlinking: /home/nishit/vision_based_sorting_ws/install/interbotix_xsarm_descriptions/share/interbotix_xsarm_descriptions//meshes/wx250_meshes/forearm.stl
[1.984s] -- Symlinking: /home/nishit/vision_based_sorting_ws/install/interbotix_xsarm_descriptions/share/interbotix_xsarm_descriptions//meshes/wx250_meshes/gripper.stl
[1.993s] -- Symlinking: /home/nishit/vision_based_sorting_ws/install/interbotix_xsarm_descriptions/share/interbotix_xsarm_descriptions//meshes/wx250_meshes/gripper_bar.stl
[2.001s] -- Symlinking: /home/nishit/vision_based_sorting_ws/install/interbotix_xsarm_descriptions/share/interbotix_xsarm_descriptions//meshes/wx250_meshes/gripper_finger.stl
[2.007s] -- Symlinking: /home/nishit/vision_based_sorting_ws/install/interbotix_xsarm_descriptions/share/interbotix_xsarm_descriptions//meshes/wx250_meshes/gripper_prop.stl
[2.014s] -- Symlinking: /home/nishit/vision_based_sorting_ws/install/interbotix_xsarm_descriptions/share/interbotix_xsarm_descriptions//meshes/wx250_meshes/shoulder.stl
[2.021s] -- Symlinking: /home/nishit/vision_based_sorting_ws/install/interbotix_xsarm_descriptions/share/interbotix_xsarm_descriptions//meshes/wx250_meshes/upper_arm.stl
[2.028s] -- Symlinking: /home/nishit/vision_based_sorting_ws/install/interbotix_xsarm_descriptions/share/interbotix_xsarm_descriptions//meshes/wx250_meshes/wrist.stl
[2.035s] -- Symlinking: /home/nishit/vision_based_sorting_ws/install/interbotix_xsarm_descriptions/share/interbotix_xsarm_descriptions//meshes/wx250s_meshes/base.stl
[2.042s] -- Symlinking: /home/nishit/vision_based_sorting_ws/install/interbotix_xsarm_descriptions/share/interbotix_xsarm_descriptions//meshes/wx250s_meshes/gripper.stl
[2.048s] -- Symlinking: /home/nishit/vision_based_sorting_ws/install/interbotix_xsarm_descriptions/share/interbotix_xsarm_descriptions//meshes/wx250s_meshes/gripper_bar.stl
[2.056s] -- Symlinking: /home/nishit/vision_based_sorting_ws/install/interbotix_xsarm_descriptions/share/interbotix_xsarm_descriptions//meshes/wx250s_meshes/gripper_finger.stl
[2.063s] -- Symlinking: /home/nishit/vision_based_sorting_ws/install/interbotix_xsarm_descriptions/share/interbotix_xsarm_descriptions//meshes/wx250s_meshes/gripper_prop.stl
[2.070s] -- Symlinking: /home/nishit/vision_based_sorting_ws/install/interbotix_xsarm_descriptions/share/interbotix_xsarm_descriptions//meshes/wx250s_meshes/lower_forearm.stl
[2.077s] -- Symlinking: /home/nishit/vision_based_sorting_ws/install/interbotix_xsarm_descriptions/share/interbotix_xsarm_descriptions//meshes/wx250s_meshes/shoulder.stl
[2.084s] -- Symlinking: /home/nishit/vision_based_sorting_ws/install/interbotix_xsarm_descriptions/share/interbotix_xsarm_descriptions//meshes/wx250s_meshes/upper_arm.stl
[2.094s] -- Symlinking: /home/nishit/vision_based_sorting_ws/install/interbotix_xsarm_descriptions/share/interbotix_xsarm_descriptions//meshes/wx250s_meshes/upper_forearm.stl
[2.101s] -- Symlinking: /home/nishit/vision_based_sorting_ws/install/interbotix_xsarm_descriptions/share/interbotix_xsarm_descriptions//meshes/wx250s_meshes/wrist.stl
[2.107s] -- Symlinking: /home/nishit/vision_based_sorting_ws/install/interbotix_xsarm_descriptions/share/interbotix_xsarm_descriptions//rviz/xsarm_description.rviz
[2.114s] -- Symlinking: /home/nishit/vision_based_sorting_ws/install/interbotix_xsarm_descriptions/share/ament_index/resource_index/package_run_dependencies/interbotix_xsarm_descriptions
[2.120s] -- Symlinking: /home/nishit/vision_based_sorting_ws/install/interbotix_xsarm_descriptions/share/ament_index/resource_index/parent_prefix_path/interbotix_xsarm_descriptions
[2.128s] -- Symlinking: /home/nishit/vision_based_sorting_ws/install/interbotix_xsarm_descriptions/share/interbotix_xsarm_descriptions/environment/ament_prefix_path.sh
[2.134s] -- Symlinking: /home/nishit/vision_based_sorting_ws/install/interbotix_xsarm_descriptions/share/interbotix_xsarm_descriptions/environment/ament_prefix_path.dsv
[2.141s] -- Symlinking: /home/nishit/vision_based_sorting_ws/install/interbotix_xsarm_descriptions/share/interbotix_xsarm_descriptions/environment/path.sh
[2.149s] -- Symlinking: /home/nishit/vision_based_sorting_ws/install/interbotix_xsarm_descriptions/share/interbotix_xsarm_descriptions/environment/path.dsv
[2.156s] -- Symlinking: /home/nishit/vision_based_sorting_ws/install/interbotix_xsarm_descriptions/share/interbotix_xsarm_descriptions/local_setup.bash
[2.163s] -- Symlinking: /home/nishit/vision_based_sorting_ws/install/interbotix_xsarm_descriptions/share/interbotix_xsarm_descriptions/local_setup.sh
[2.170s] -- Symlinking: /home/nishit/vision_based_sorting_ws/install/interbotix_xsarm_descriptions/share/interbotix_xsarm_descriptions/local_setup.zsh
[2.178s] -- Symlinking: /home/nishit/vision_based_sorting_ws/install/interbotix_xsarm_descriptions/share/interbotix_xsarm_descriptions/local_setup.dsv
[2.185s] -- Symlinking: /home/nishit/vision_based_sorting_ws/install/interbotix_xsarm_descriptions/share/interbotix_xsarm_descriptions/package.dsv
[2.195s] -- Symlinking: /home/nishit/vision_based_sorting_ws/install/interbotix_xsarm_descriptions/share/ament_index/resource_index/packages/interbotix_xsarm_descriptions
[2.202s] -- Symlinking: /home/nishit/vision_based_sorting_ws/install/interbotix_xsarm_descriptions/share/interbotix_xsarm_descriptions/cmake/interbotix_xsarm_descriptionsConfig.cmake
[2.210s] -- Symlinking: /home/nishit/vision_based_sorting_ws/install/interbotix_xsarm_descriptions/share/interbotix_xsarm_descriptions/cmake/interbotix_xsarm_descriptionsConfig-version.cmake
[2.216s] -- Symlinking: /home/nishit/vision_based_sorting_ws/install/interbotix_xsarm_descriptions/share/interbotix_xsarm_descriptions/package.xml
[2.227s] Invoked command in '/home/nishit/vision_based_sorting_ws/build/interbotix_xsarm_descriptions' returned '0': AMENT_PREFIX_PATH=/home/nishit/vision_based_sorting_ws/install/interbotix_xs_modules:/home/nishit/vision_based_sorting_ws/install/interbotix_xs_sdk:/home/nishit/vision_based_sorting_ws/install/interbotix_xs_msgs:/home/nishit/vision_based_sorting_ws/install/interbotix_xs_driver:/home/nishit/vision_based_sorting_ws/install/interbotix_common_modules:${AMENT_PREFIX_PATH} CMAKE_PREFIX_PATH=/home/nishit/vision_based_sorting_ws/install/interbotix_xs_sdk:/home/nishit/vision_based_sorting_ws/install/interbotix_xs_msgs:/home/nishit/vision_based_sorting_ws/install/interbotix_xs_driver:/opt/ros/humble LD_LIBRARY_PATH=/home/nishit/vision_based_sorting_ws/install/interbotix_xs_msgs/lib:/home/nishit/vision_based_sorting_ws/install/interbotix_xs_driver/lib:${LD_LIBRARY_PATH} PYTHONPATH=/home/nishit/vision_based_sorting_ws/build/interbotix_xs_modules:/home/nishit/vision_based_sorting_ws/install/interbotix_xs_modules/lib/python3.10/site-packages:/home/nishit/vision_based_sorting_ws/install/interbotix_xs_msgs/local/lib/python3.10/dist-packages:/home/nishit/vision_based_sorting_ws/build/interbotix_common_modules:/home/nishit/vision_based_sorting_ws/install/interbotix_common_modules/lib/python3.10/site-packages:${PYTHONPATH} /usr/bin/cmake --install /home/nishit/vision_based_sorting_ws/build/interbotix_xsarm_descriptions
