[0.013s] Invoking command in '/home/nishit/vision_based_sorting_ws/src/build/interbotix_common_toolbox': AMENT_PREFIX_PATH=/home/nishit/vision_based_sorting_ws/src/install/interbotix_gravity_compensation:/home/nishit/vision_based_sorting_ws/src/install/interbotix_xs_msgs:/home/nishit/vision_based_sorting_ws/src/install/interbotix_common_sim:/home/nishit/vision_based_sorting_ws/src/install/interbotix_common_modules:${AMENT_PREFIX_PATH} CMAKE_PREFIX_PATH=/home/nishit/vision_based_sorting_ws/src/install/interbotix_gravity_compensation:/home/nishit/vision_based_sorting_ws/src/install/interbotix_xs_msgs:/home/nishit/vision_based_sorting_ws/src/install/interbotix_common_sim:/opt/ros/humble LD_LIBRARY_PATH=/home/nishit/vision_based_sorting_ws/src/install/interbotix_xs_msgs/lib:${LD_LIBRARY_PATH} PYTHONPATH=/home/nishit/vision_based_sorting_ws/src/install/interbotix_xs_msgs/local/lib/python3.10/dist-packages:/home/nishit/vision_based_sorting_ws/src/build/interbotix_common_modules:/home/nishit/vision_based_sorting_ws/src/install/interbotix_common_modules/lib/python3.10/site-packages:${PYTHONPATH} /usr/bin/cmake /home/nishit/vision_based_sorting_ws/src/rx200_ros2_stack/interbotix_ros_toolboxes/interbotix_common_toolbox/interbotix_common_toolbox -DAMENT_CMAKE_SYMLINK_INSTALL=1 -DCMAKE_INSTALL_PREFIX=/home/nishit/vision_based_sorting_ws/src/install/interbotix_common_toolbox
[0.056s] -- The C compiler identification is GNU 11.4.0
[0.096s] -- The CXX compiler identification is GNU 11.4.0
[0.101s] -- Detecting C compiler ABI info
[0.160s] -- Detecting C compiler ABI info - done
[0.169s] -- Check for working C compiler: /usr/bin/cc - skipped
[0.169s] -- Detecting C compile features
[0.170s] -- Detecting C compile features - done
[0.174s] -- Detecting CXX compiler ABI info
[0.243s] -- Detecting CXX compiler ABI info - done
[0.253s] -- Check for working CXX compiler: /usr/bin/c++ - skipped
[0.253s] -- Detecting CXX compile features
[0.254s] -- Detecting CXX compile features - done
[0.258s] -- Found ament_cmake: 1.3.11 (/opt/ros/humble/share/ament_cmake/cmake)
[0.369s] -- Found Python3: /usr/bin/python3 (found version "3.10.12") found components: Interpreter 
[0.409s] -- Override CMake install command with custom implementation using symlinks instead of copying resources
[0.453s] -- Found ament_lint_auto: 0.12.12 (/opt/ros/humble/share/ament_lint_auto/cmake)
[0.519s] -- Added test 'copyright' to check source files copyright and LICENSE
[0.520s] -- Added test 'lint_cmake' to check CMake code style
[0.520s] -- Added test 'xmllint' to check XML markup files
[0.521s] -- Configuring done
[0.523s] -- Generating done
[0.524s] -- Build files have been written to: /home/nishit/vision_based_sorting_ws/src/build/interbotix_common_toolbox
[0.528s] Invoked command in '/home/nishit/vision_based_sorting_ws/src/build/interbotix_common_toolbox' returned '0': AMENT_PREFIX_PATH=/home/nishit/vision_based_sorting_ws/src/install/interbotix_gravity_compensation:/home/nishit/vision_based_sorting_ws/src/install/interbotix_xs_msgs:/home/nishit/vision_based_sorting_ws/src/install/interbotix_common_sim:/home/nishit/vision_based_sorting_ws/src/install/interbotix_common_modules:${AMENT_PREFIX_PATH} CMAKE_PREFIX_PATH=/home/nishit/vision_based_sorting_ws/src/install/interbotix_gravity_compensation:/home/nishit/vision_based_sorting_ws/src/install/interbotix_xs_msgs:/home/nishit/vision_based_sorting_ws/src/install/interbotix_common_sim:/opt/ros/humble LD_LIBRARY_PATH=/home/nishit/vision_based_sorting_ws/src/install/interbotix_xs_msgs/lib:${LD_LIBRARY_PATH} PYTHONPATH=/home/nishit/vision_based_sorting_ws/src/install/interbotix_xs_msgs/local/lib/python3.10/dist-packages:/home/nishit/vision_based_sorting_ws/src/build/interbotix_common_modules:/home/nishit/vision_based_sorting_ws/src/install/interbotix_common_modules/lib/python3.10/site-packages:${PYTHONPATH} /usr/bin/cmake /home/nishit/vision_based_sorting_ws/src/rx200_ros2_stack/interbotix_ros_toolboxes/interbotix_common_toolbox/interbotix_common_toolbox -DAMENT_CMAKE_SYMLINK_INSTALL=1 -DCMAKE_INSTALL_PREFIX=/home/nishit/vision_based_sorting_ws/src/install/interbotix_common_toolbox
[0.530s] Invoking command in '/home/nishit/vision_based_sorting_ws/src/build/interbotix_common_toolbox': AMENT_PREFIX_PATH=/home/nishit/vision_based_sorting_ws/src/install/interbotix_gravity_compensation:/home/nishit/vision_based_sorting_ws/src/install/interbotix_xs_msgs:/home/nishit/vision_based_sorting_ws/src/install/interbotix_common_sim:/home/nishit/vision_based_sorting_ws/src/install/interbotix_common_modules:${AMENT_PREFIX_PATH} CMAKE_PREFIX_PATH=/home/nishit/vision_based_sorting_ws/src/install/interbotix_gravity_compensation:/home/nishit/vision_based_sorting_ws/src/install/interbotix_xs_msgs:/home/nishit/vision_based_sorting_ws/src/install/interbotix_common_sim:/opt/ros/humble LD_LIBRARY_PATH=/home/nishit/vision_based_sorting_ws/src/install/interbotix_xs_msgs/lib:${LD_LIBRARY_PATH} PYTHONPATH=/home/nishit/vision_based_sorting_ws/src/install/interbotix_xs_msgs/local/lib/python3.10/dist-packages:/home/nishit/vision_based_sorting_ws/src/build/interbotix_common_modules:/home/nishit/vision_based_sorting_ws/src/install/interbotix_common_modules/lib/python3.10/site-packages:${PYTHONPATH} /usr/bin/cmake --build /home/nishit/vision_based_sorting_ws/src/build/interbotix_common_toolbox -- -j16 -l16
[0.561s] Invoked command in '/home/nishit/vision_based_sorting_ws/src/build/interbotix_common_toolbox' returned '0': AMENT_PREFIX_PATH=/home/nishit/vision_based_sorting_ws/src/install/interbotix_gravity_compensation:/home/nishit/vision_based_sorting_ws/src/install/interbotix_xs_msgs:/home/nishit/vision_based_sorting_ws/src/install/interbotix_common_sim:/home/nishit/vision_based_sorting_ws/src/install/interbotix_common_modules:${AMENT_PREFIX_PATH} CMAKE_PREFIX_PATH=/home/nishit/vision_based_sorting_ws/src/install/interbotix_gravity_compensation:/home/nishit/vision_based_sorting_ws/src/install/interbotix_xs_msgs:/home/nishit/vision_based_sorting_ws/src/install/interbotix_common_sim:/opt/ros/humble LD_LIBRARY_PATH=/home/nishit/vision_based_sorting_ws/src/install/interbotix_xs_msgs/lib:${LD_LIBRARY_PATH} PYTHONPATH=/home/nishit/vision_based_sorting_ws/src/install/interbotix_xs_msgs/local/lib/python3.10/dist-packages:/home/nishit/vision_based_sorting_ws/src/build/interbotix_common_modules:/home/nishit/vision_based_sorting_ws/src/install/interbotix_common_modules/lib/python3.10/site-packages:${PYTHONPATH} /usr/bin/cmake --build /home/nishit/vision_based_sorting_ws/src/build/interbotix_common_toolbox -- -j16 -l16
[0.562s] Invoking command in '/home/nishit/vision_based_sorting_ws/src/build/interbotix_common_toolbox': AMENT_PREFIX_PATH=/home/nishit/vision_based_sorting_ws/src/install/interbotix_gravity_compensation:/home/nishit/vision_based_sorting_ws/src/install/interbotix_xs_msgs:/home/nishit/vision_based_sorting_ws/src/install/interbotix_common_sim:/home/nishit/vision_based_sorting_ws/src/install/interbotix_common_modules:${AMENT_PREFIX_PATH} CMAKE_PREFIX_PATH=/home/nishit/vision_based_sorting_ws/src/install/interbotix_gravity_compensation:/home/nishit/vision_based_sorting_ws/src/install/interbotix_xs_msgs:/home/nishit/vision_based_sorting_ws/src/install/interbotix_common_sim:/opt/ros/humble LD_LIBRARY_PATH=/home/nishit/vision_based_sorting_ws/src/install/interbotix_xs_msgs/lib:${LD_LIBRARY_PATH} PYTHONPATH=/home/nishit/vision_based_sorting_ws/src/install/interbotix_xs_msgs/local/lib/python3.10/dist-packages:/home/nishit/vision_based_sorting_ws/src/build/interbotix_common_modules:/home/nishit/vision_based_sorting_ws/src/install/interbotix_common_modules/lib/python3.10/site-packages:${PYTHONPATH} /usr/bin/cmake --install /home/nishit/vision_based_sorting_ws/src/build/interbotix_common_toolbox
[0.568s] -- Install configuration: ""
[0.568s] -- Execute custom install script
[0.568s] -- Symlinking: /home/nishit/vision_based_sorting_ws/src/install/interbotix_common_toolbox/share/ament_index/resource_index/package_run_dependencies/interbotix_common_toolbox
[0.575s] -- Symlinking: /home/nishit/vision_based_sorting_ws/src/install/interbotix_common_toolbox/share/ament_index/resource_index/parent_prefix_path/interbotix_common_toolbox
[0.582s] -- Symlinking: /home/nishit/vision_based_sorting_ws/src/install/interbotix_common_toolbox/share/interbotix_common_toolbox/environment/ament_prefix_path.sh
[0.588s] -- Symlinking: /home/nishit/vision_based_sorting_ws/src/install/interbotix_common_toolbox/share/interbotix_common_toolbox/environment/ament_prefix_path.dsv
[0.595s] -- Symlinking: /home/nishit/vision_based_sorting_ws/src/install/interbotix_common_toolbox/share/interbotix_common_toolbox/environment/path.sh
[0.602s] -- Symlinking: /home/nishit/vision_based_sorting_ws/src/install/interbotix_common_toolbox/share/interbotix_common_toolbox/environment/path.dsv
[0.611s] -- Symlinking: /home/nishit/vision_based_sorting_ws/src/install/interbotix_common_toolbox/share/interbotix_common_toolbox/local_setup.bash
[0.618s] -- Symlinking: /home/nishit/vision_based_sorting_ws/src/install/interbotix_common_toolbox/share/interbotix_common_toolbox/local_setup.sh
[0.626s] -- Symlinking: /home/nishit/vision_based_sorting_ws/src/install/interbotix_common_toolbox/share/interbotix_common_toolbox/local_setup.zsh
[0.633s] -- Symlinking: /home/nishit/vision_based_sorting_ws/src/install/interbotix_common_toolbox/share/interbotix_common_toolbox/local_setup.dsv
[0.640s] -- Symlinking: /home/nishit/vision_based_sorting_ws/src/install/interbotix_common_toolbox/share/interbotix_common_toolbox/package.dsv
[0.648s] -- Symlinking: /home/nishit/vision_based_sorting_ws/src/install/interbotix_common_toolbox/share/ament_index/resource_index/packages/interbotix_common_toolbox
[0.654s] -- Symlinking: /home/nishit/vision_based_sorting_ws/src/install/interbotix_common_toolbox/share/interbotix_common_toolbox/cmake/interbotix_common_toolboxConfig.cmake
[0.661s] -- Symlinking: /home/nishit/vision_based_sorting_ws/src/install/interbotix_common_toolbox/share/interbotix_common_toolbox/cmake/interbotix_common_toolboxConfig-version.cmake
[0.668s] -- Symlinking: /home/nishit/vision_based_sorting_ws/src/install/interbotix_common_toolbox/share/interbotix_common_toolbox/package.xml
[0.677s] Invoked command in '/home/nishit/vision_based_sorting_ws/src/build/interbotix_common_toolbox' returned '0': AMENT_PREFIX_PATH=/home/nishit/vision_based_sorting_ws/src/install/interbotix_gravity_compensation:/home/nishit/vision_based_sorting_ws/src/install/interbotix_xs_msgs:/home/nishit/vision_based_sorting_ws/src/install/interbotix_common_sim:/home/nishit/vision_based_sorting_ws/src/install/interbotix_common_modules:${AMENT_PREFIX_PATH} CMAKE_PREFIX_PATH=/home/nishit/vision_based_sorting_ws/src/install/interbotix_gravity_compensation:/home/nishit/vision_based_sorting_ws/src/install/interbotix_xs_msgs:/home/nishit/vision_based_sorting_ws/src/install/interbotix_common_sim:/opt/ros/humble LD_LIBRARY_PATH=/home/nishit/vision_based_sorting_ws/src/install/interbotix_xs_msgs/lib:${LD_LIBRARY_PATH} PYTHONPATH=/home/nishit/vision_based_sorting_ws/src/install/interbotix_xs_msgs/local/lib/python3.10/dist-packages:/home/nishit/vision_based_sorting_ws/src/build/interbotix_common_modules:/home/nishit/vision_based_sorting_ws/src/install/interbotix_common_modules/lib/python3.10/site-packages:${PYTHONPATH} /usr/bin/cmake --install /home/nishit/vision_based_sorting_ws/src/build/interbotix_common_toolbox
