[0.201s] Invoking command in '/home/nishit/vision_based_sorting_ws/src/build/interbotix_tf_tools': CMAKE_PREFIX_PATH=/opt/ros/humble /usr/bin/cmake /home/nishit/vision_based_sorting_ws/src/rx200_ros2_stack/interbotix_ros_toolboxes/interbotix_common_toolbox/interbotix_tf_tools -DAMENT_CMAKE_SYMLINK_INSTALL=1 -DCMAKE_INSTALL_PREFIX=/home/nishit/vision_based_sorting_ws/src/install/interbotix_tf_tools
[0.244s] -- The C compiler identification is GNU 11.4.0
[0.287s] -- The CXX compiler identification is GNU 11.4.0
[0.294s] -- Detecting C compiler ABI info
[0.357s] -- Detecting C compiler ABI info - done
[0.361s] -- Check for working C compiler: /usr/bin/cc - skipped
[0.361s] -- Detecting C compile features
[0.361s] -- Detecting C compile features - done
[0.363s] -- Detecting CXX compiler ABI info
[0.436s] -- Detecting CXX compiler ABI info - done
[0.440s] -- Check for working CXX compiler: /usr/bin/c++ - skipped
[0.440s] -- Detecting CXX compile features
[0.441s] -- Detecting CXX compile features - done
[0.443s] -- Found ament_cmake: 1.3.11 (/opt/ros/humble/share/ament_cmake/cmake)
[0.548s] -- Found Python3: /usr/bin/python3 (found version "3.10.12") found components: Interpreter 
[0.601s] -- Override CMake install command with custom implementation using symlinks instead of copying resources
[0.623s] -- Found geometry_msgs: 4.8.0 (/opt/ros/humble/share/geometry_msgs/cmake)
[0.659s] -- Found rosidl_generator_c: 3.1.6 (/opt/ros/humble/share/rosidl_generator_c/cmake)
[0.664s] -- Found rosidl_adapter: 3.1.6 (/opt/ros/humble/share/rosidl_adapter/cmake)
[0.672s] -- Found rosidl_generator_cpp: 3.1.6 (/opt/ros/humble/share/rosidl_generator_cpp/cmake)
[0.682s] -- Using all available rosidl_typesupport_c: rosidl_typesupport_fastrtps_c;rosidl_typesupport_introspection_c
[0.693s] -- Using all available rosidl_typesupport_cpp: rosidl_typesupport_fastrtps_cpp;rosidl_typesupport_introspection_cpp
[0.727s] -- Found rclcpp: 16.0.12 (/opt/ros/humble/share/rclcpp/cmake)
[0.751s] -- Found rmw_implementation_cmake: 6.1.2 (/opt/ros/humble/share/rmw_implementation_cmake/cmake)
[0.753s] -- Found rmw_fastrtps_cpp: 6.2.7 (/opt/ros/humble/share/rmw_fastrtps_cpp/cmake)
[0.826s] -- Found OpenSSL: /usr/lib/x86_64-linux-gnu/libcrypto.so (found version "3.0.2")  
[0.849s] -- Found FastRTPS: /opt/ros/humble/include  
[0.887s] -- Using RMW implementation 'rmw_fastrtps_cpp' as default
[0.893s] -- Looking for pthread.h
[0.958s] -- Looking for pthread.h - found
[0.958s] -- Performing Test CMAKE_HAVE_LIBC_PTHREAD
[1.026s] -- Performing Test CMAKE_HAVE_LIBC_PTHREAD - Success
[1.027s] -- Found Threads: TRUE  
[1.053s] -- Found rclcpp_components: 16.0.12 (/opt/ros/humble/share/rclcpp_components/cmake)
[1.075s] -- Found tf2_msgs: 0.25.12 (/opt/ros/humble/share/tf2_msgs/cmake)
[1.102s] -- Found tf2_ros: 0.25.12 (/opt/ros/humble/share/tf2_ros/cmake)
[1.121s] -- Found ament_lint_auto: 0.12.12 (/opt/ros/humble/share/ament_lint_auto/cmake)
[1.185s] -- Added test 'copyright' to check source files copyright and LICENSE
[1.185s] -- Added test 'cppcheck' to perform static code analysis on C / C++ code
[1.185s] -- Configured cppcheck include dirs: /home/nishit/vision_based_sorting_ws/src/rx200_ros2_stack/interbotix_ros_toolboxes/interbotix_common_toolbox/interbotix_tf_tools/include
[1.186s] -- Configured cppcheck exclude dirs and/or files: 
[1.186s] -- Added test 'cpplint' to check C / C++ code against the Google style
[1.186s] -- Configured cpplint exclude dirs and/or files: 
[1.187s] -- Added test 'flake8' to check Python code syntax and style conventions
[1.187s] -- Added test 'lint_cmake' to check CMake code style
[1.187s] -- Added test 'pep257' to check Python code against some of the docstring style conventions in PEP 257
[1.188s] -- Added test 'uncrustify' to check C / C++ code style
[1.188s] -- Configured uncrustify additional arguments: 
[1.188s] -- Added test 'xmllint' to check XML markup files
[1.189s] -- Configuring done
[1.202s] -- Generating done
[1.206s] -- Build files have been written to: /home/nishit/vision_based_sorting_ws/src/build/interbotix_tf_tools
[1.228s] Invoked command in '/home/nishit/vision_based_sorting_ws/src/build/interbotix_tf_tools' returned '0': CMAKE_PREFIX_PATH=/opt/ros/humble /usr/bin/cmake /home/nishit/vision_based_sorting_ws/src/rx200_ros2_stack/interbotix_ros_toolboxes/interbotix_common_toolbox/interbotix_tf_tools -DAMENT_CMAKE_SYMLINK_INSTALL=1 -DCMAKE_INSTALL_PREFIX=/home/nishit/vision_based_sorting_ws/src/install/interbotix_tf_tools
[1.230s] Invoking command in '/home/nishit/vision_based_sorting_ws/src/build/interbotix_tf_tools': CMAKE_PREFIX_PATH=/opt/ros/humble /usr/bin/cmake --build /home/nishit/vision_based_sorting_ws/src/build/interbotix_tf_tools -- -j16 -l16
[1.284s] [ 50%] [32mBuilding CXX object CMakeFiles/tf_rebroadcaster.dir/src/tf_rebroadcaster.cpp.o[0m
[13.662s] [100%] [32m[1mLinking CXX shared library libtf_rebroadcaster.so[0m
[13.937s] [100%] Built target tf_rebroadcaster
[13.946s] Invoked command in '/home/nishit/vision_based_sorting_ws/src/build/interbotix_tf_tools' returned '0': CMAKE_PREFIX_PATH=/opt/ros/humble /usr/bin/cmake --build /home/nishit/vision_based_sorting_ws/src/build/interbotix_tf_tools -- -j16 -l16
[13.948s] Invoking command in '/home/nishit/vision_based_sorting_ws/src/build/interbotix_tf_tools': CMAKE_PREFIX_PATH=/opt/ros/humble /usr/bin/cmake --install /home/nishit/vision_based_sorting_ws/src/build/interbotix_tf_tools
[13.953s] -- Install configuration: ""
[13.954s] -- Execute custom install script
[13.954s] -- Symlinking: /home/nishit/vision_based_sorting_ws/src/install/interbotix_tf_tools/lib/libtf_rebroadcaster.so
[13.963s] -- Symlinking: /home/nishit/vision_based_sorting_ws/src/install/interbotix_tf_tools/lib/interbotix_tf_tools/static_trans_pub.py
[13.970s] -- Symlinking: /home/nishit/vision_based_sorting_ws/src/install/interbotix_tf_tools/share/interbotix_tf_tools//config/tf_rebroadcaster.yaml
[13.977s] -- Symlinking: /home/nishit/vision_based_sorting_ws/src/install/interbotix_tf_tools/share/interbotix_tf_tools//launch/static_transform_pub.launch.py
[13.984s] -- Symlinking: /home/nishit/vision_based_sorting_ws/src/install/interbotix_tf_tools/share/interbotix_tf_tools//launch/tf_rebroadcaster.launch.py
[13.991s] -- Symlinking: /home/nishit/vision_based_sorting_ws/src/install/interbotix_tf_tools/share/ament_index/resource_index/package_run_dependencies/interbotix_tf_tools
[13.999s] -- Symlinking: /home/nishit/vision_based_sorting_ws/src/install/interbotix_tf_tools/share/ament_index/resource_index/parent_prefix_path/interbotix_tf_tools
[14.006s] -- Symlinking: /home/nishit/vision_based_sorting_ws/src/install/interbotix_tf_tools/share/interbotix_tf_tools/environment/ament_prefix_path.sh
[14.012s] -- Symlinking: /home/nishit/vision_based_sorting_ws/src/install/interbotix_tf_tools/share/interbotix_tf_tools/environment/ament_prefix_path.dsv
[14.019s] -- Symlinking: /home/nishit/vision_based_sorting_ws/src/install/interbotix_tf_tools/share/interbotix_tf_tools/environment/path.sh
[14.025s] -- Symlinking: /home/nishit/vision_based_sorting_ws/src/install/interbotix_tf_tools/share/interbotix_tf_tools/environment/path.dsv
[14.032s] -- Symlinking: /home/nishit/vision_based_sorting_ws/src/install/interbotix_tf_tools/share/interbotix_tf_tools/local_setup.bash
[14.038s] -- Symlinking: /home/nishit/vision_based_sorting_ws/src/install/interbotix_tf_tools/share/interbotix_tf_tools/local_setup.sh
[14.045s] -- Symlinking: /home/nishit/vision_based_sorting_ws/src/install/interbotix_tf_tools/share/interbotix_tf_tools/local_setup.zsh
[14.052s] -- Symlinking: /home/nishit/vision_based_sorting_ws/src/install/interbotix_tf_tools/share/interbotix_tf_tools/local_setup.dsv
[14.060s] -- Symlinking: /home/nishit/vision_based_sorting_ws/src/install/interbotix_tf_tools/share/interbotix_tf_tools/package.dsv
[14.066s] -- Symlinking: /home/nishit/vision_based_sorting_ws/src/install/interbotix_tf_tools/share/ament_index/resource_index/packages/interbotix_tf_tools
[14.073s] -- Symlinking: /home/nishit/vision_based_sorting_ws/src/install/interbotix_tf_tools/share/ament_index/resource_index/rclcpp_components/interbotix_tf_tools
[14.080s] -- Symlinking: /home/nishit/vision_based_sorting_ws/src/install/interbotix_tf_tools/share/interbotix_tf_tools/cmake/interbotix_tf_toolsConfig.cmake
[14.089s] -- Symlinking: /home/nishit/vision_based_sorting_ws/src/install/interbotix_tf_tools/share/interbotix_tf_tools/cmake/interbotix_tf_toolsConfig-version.cmake
[14.097s] -- Symlinking: /home/nishit/vision_based_sorting_ws/src/install/interbotix_tf_tools/share/interbotix_tf_tools/package.xml
[14.107s] Invoked command in '/home/nishit/vision_based_sorting_ws/src/build/interbotix_tf_tools' returned '0': CMAKE_PREFIX_PATH=/opt/ros/humble /usr/bin/cmake --install /home/nishit/vision_based_sorting_ws/src/build/interbotix_tf_tools
