[0.019s] Invoking command in '/home/nishit/vision_based_sorting_ws/src/build/interbotix_xs_driver': CMAKE_PREFIX_PATH=/opt/ros/humble /usr/bin/cmake /home/nishit/vision_based_sorting_ws/src/rx200_ros2_stack/interbotix_xs_driver -DAMENT_CMAKE_SYMLINK_INSTALL=1 -DCMAKE_INSTALL_PREFIX=/home/nishit/vision_based_sorting_ws/src/install/interbotix_xs_driver
[0.211s] -- The CXX compiler identification is GNU 11.4.0
[0.211s] -- Detecting CXX compiler ABI info
[0.211s] -- Detecting CXX compiler ABI info - done
[0.211s] -- Check for working CXX compiler: /usr/bin/c++ - skipped
[0.211s] -- Detecting CXX compile features
[0.211s] -- Detecting CXX compile features - done
[0.211s] -- Found dynamixel_workbench_toolbox: 2.2.4 (/opt/ros/humble/share/dynamixel_workbench_toolbox/cmake)
[0.271s] -- Found Python3: /usr/bin/python3 (found version "3.10.12") found components: Interpreter 
[0.327s] -- Override CMake install command with custom implementation using symlinks instead of copying resources
[0.380s] -- Found rosidl_generator_c: 3.1.6 (/opt/ros/humble/share/rosidl_generator_c/cmake)
[0.383s] -- Found rosidl_adapter: 3.1.6 (/opt/ros/humble/share/rosidl_adapter/cmake)
[0.388s] -- Found rosidl_generator_cpp: 3.1.6 (/opt/ros/humble/share/rosidl_generator_cpp/cmake)
[0.396s] -- Using all available rosidl_typesupport_c: rosidl_typesupport_fastrtps_c;rosidl_typesupport_introspection_c
[0.406s] -- Using all available rosidl_typesupport_cpp: rosidl_typesupport_fastrtps_cpp;rosidl_typesupport_introspection_cpp
[0.440s] -- Found rmw_implementation_cmake: 6.1.2 (/opt/ros/humble/share/rmw_implementation_cmake/cmake)
[0.441s] -- Found rmw_fastrtps_cpp: 6.2.7 (/opt/ros/humble/share/rmw_fastrtps_cpp/cmake)
[0.516s] -- Found OpenSSL: /usr/lib/x86_64-linux-gnu/libcrypto.so (found version "3.0.2")  
[0.544s] -- Found FastRTPS: /opt/ros/humble/include  
[0.583s] -- Using RMW implementation 'rmw_fastrtps_cpp' as default
[0.589s] -- Looking for C++ include pthread.h
[0.672s] -- Looking for C++ include pthread.h - found
[0.672s] -- Performing Test CMAKE_HAVE_LIBC_PTHREAD
[0.756s] -- Performing Test CMAKE_HAVE_LIBC_PTHREAD - Success
[0.757s] -- Found Threads: TRUE  
[0.794s] -- Found ament_lint_auto: 0.12.12 (/opt/ros/humble/share/ament_lint_auto/cmake)
[0.858s] -- Added test 'copyright' to check source files copyright and LICENSE
[0.861s] -- Added test 'cppcheck' to perform static code analysis on C / C++ code
[0.862s] -- Configured cppcheck include dirs: /home/nishit/vision_based_sorting_ws/src/rx200_ros2_stack/interbotix_xs_driver/include;$<BUILD_INTERFACE:/home/nishit/vision_based_sorting_ws/src/rx200_ros2_stack/interbotix_xs_driver/include>
[0.862s] -- Configured cppcheck exclude dirs and/or files: 
[0.864s] -- Added test 'cpplint' to check C / C++ code against the Google style
[0.864s] -- Configured cpplint exclude dirs and/or files: 
[0.865s] -- Added test 'lint_cmake' to check CMake code style
[0.868s] -- Added test 'uncrustify' to check C / C++ code style
[0.868s] -- Configured uncrustify additional arguments: 
[0.869s] -- Added test 'xmllint' to check XML markup files
[0.871s] -- Configuring done
[0.883s] -- Generating done
[0.886s] -- Build files have been written to: /home/nishit/vision_based_sorting_ws/src/build/interbotix_xs_driver
[0.903s] Invoked command in '/home/nishit/vision_based_sorting_ws/src/build/interbotix_xs_driver' returned '0': CMAKE_PREFIX_PATH=/opt/ros/humble /usr/bin/cmake /home/nishit/vision_based_sorting_ws/src/rx200_ros2_stack/interbotix_xs_driver -DAMENT_CMAKE_SYMLINK_INSTALL=1 -DCMAKE_INSTALL_PREFIX=/home/nishit/vision_based_sorting_ws/src/install/interbotix_xs_driver
[0.905s] Invoking command in '/home/nishit/vision_based_sorting_ws/src/build/interbotix_xs_driver': CMAKE_PREFIX_PATH=/opt/ros/humble /usr/bin/cmake --build /home/nishit/vision_based_sorting_ws/src/build/interbotix_xs_driver -- -j16 -l16
[0.952s] [ 66%] [32mBuilding CXX object CMakeFiles/interbotix_xs_driver.dir/src/xs_driver.cpp.o[0m
[0.952s] [ 66%] [32mBuilding CXX object CMakeFiles/interbotix_xs_driver.dir/src/xs_logging.cpp.o[0m
[2.738s] [100%] [32m[1mLinking CXX shared library libinterbotix_xs_driver.so[0m
[2.854s] [100%] Built target interbotix_xs_driver
[2.864s] Invoked command in '/home/nishit/vision_based_sorting_ws/src/build/interbotix_xs_driver' returned '0': CMAKE_PREFIX_PATH=/opt/ros/humble /usr/bin/cmake --build /home/nishit/vision_based_sorting_ws/src/build/interbotix_xs_driver -- -j16 -l16
[2.865s] Invoking command in '/home/nishit/vision_based_sorting_ws/src/build/interbotix_xs_driver': CMAKE_PREFIX_PATH=/opt/ros/humble /usr/bin/cmake --install /home/nishit/vision_based_sorting_ws/src/build/interbotix_xs_driver
[2.871s] -- Install configuration: ""
[2.872s] -- Execute custom install script
[2.872s] -- Symlinking: /home/nishit/vision_based_sorting_ws/src/install/interbotix_xs_driver/include/interbotix_xs_driver/version.hpp
[2.880s] -- Symlinking: /home/nishit/vision_based_sorting_ws/src/install/interbotix_xs_driver/include/interbotix_xs_driver/xs_common.hpp
[2.888s] -- Symlinking: /home/nishit/vision_based_sorting_ws/src/install/interbotix_xs_driver/include/interbotix_xs_driver/xs_driver.hpp
[2.895s] -- Symlinking: /home/nishit/vision_based_sorting_ws/src/install/interbotix_xs_driver/include/interbotix_xs_driver/xs_logging.hpp
[2.902s] -- Symlinking: /home/nishit/vision_based_sorting_ws/src/install/interbotix_xs_driver/share/interbotix_xs_driver/package.xml
[2.910s] -- Symlinking: /home/nishit/vision_based_sorting_ws/src/install/interbotix_xs_driver/share/ament_index/resource_index/package_run_dependencies/interbotix_xs_driver
[2.918s] -- Symlinking: /home/nishit/vision_based_sorting_ws/src/install/interbotix_xs_driver/share/ament_index/resource_index/parent_prefix_path/interbotix_xs_driver
[2.925s] -- Symlinking: /home/nishit/vision_based_sorting_ws/src/install/interbotix_xs_driver/share/interbotix_xs_driver/environment/ament_prefix_path.sh
[2.934s] -- Symlinking: /home/nishit/vision_based_sorting_ws/src/install/interbotix_xs_driver/share/interbotix_xs_driver/environment/ament_prefix_path.dsv
[2.942s] -- Symlinking: /home/nishit/vision_based_sorting_ws/src/install/interbotix_xs_driver/share/interbotix_xs_driver/environment/path.sh
[2.949s] -- Symlinking: /home/nishit/vision_based_sorting_ws/src/install/interbotix_xs_driver/share/interbotix_xs_driver/environment/path.dsv
[2.956s] -- Symlinking: /home/nishit/vision_based_sorting_ws/src/install/interbotix_xs_driver/share/interbotix_xs_driver/local_setup.bash
[2.963s] -- Symlinking: /home/nishit/vision_based_sorting_ws/src/install/interbotix_xs_driver/share/interbotix_xs_driver/local_setup.sh
[2.971s] -- Symlinking: /home/nishit/vision_based_sorting_ws/src/install/interbotix_xs_driver/share/interbotix_xs_driver/local_setup.zsh
[2.979s] -- Symlinking: /home/nishit/vision_based_sorting_ws/src/install/interbotix_xs_driver/share/interbotix_xs_driver/local_setup.dsv
[2.986s] -- Symlinking: /home/nishit/vision_based_sorting_ws/src/install/interbotix_xs_driver/share/interbotix_xs_driver/package.dsv
[2.995s] -- Symlinking: /home/nishit/vision_based_sorting_ws/src/install/interbotix_xs_driver/share/ament_index/resource_index/packages/interbotix_xs_driver
[3.004s] -- Symlinking: /home/nishit/vision_based_sorting_ws/src/install/interbotix_xs_driver/share/interbotix_xs_driver/cmake/ament_cmake_export_dependencies-extras.cmake
[3.013s] -- Symlinking: /home/nishit/vision_based_sorting_ws/src/install/interbotix_xs_driver/share/interbotix_xs_driver/cmake/ament_cmake_export_targets-extras.cmake
[3.026s] -- Symlinking: /home/nishit/vision_based_sorting_ws/src/install/interbotix_xs_driver/share/interbotix_xs_driver/cmake/interbotix_xs_driverConfig.cmake
[3.034s] -- Symlinking: /home/nishit/vision_based_sorting_ws/src/install/interbotix_xs_driver/share/interbotix_xs_driver/cmake/interbotix_xs_driverConfig-version.cmake
[3.042s] -- Up-to-date symlink: /home/nishit/vision_based_sorting_ws/src/install/interbotix_xs_driver/share/interbotix_xs_driver/package.xml
[3.042s] -- Installing: /home/nishit/vision_based_sorting_ws/src/install/interbotix_xs_driver/lib/libinterbotix_xs_driver.so
[3.046s] -- Set runtime path of "/home/nishit/vision_based_sorting_ws/src/install/interbotix_xs_driver/lib/libinterbotix_xs_driver.so" to ""
[3.046s] -- Installing: /home/nishit/vision_based_sorting_ws/src/install/interbotix_xs_driver/share/interbotix_xs_driver/cmake/export_interbotix_xs_driverExport.cmake
[3.046s] -- Installing: /home/nishit/vision_based_sorting_ws/src/install/interbotix_xs_driver/share/interbotix_xs_driver/cmake/export_interbotix_xs_driverExport-noconfig.cmake
[3.047s] Invoked command in '/home/nishit/vision_based_sorting_ws/src/build/interbotix_xs_driver' returned '0': CMAKE_PREFIX_PATH=/opt/ros/humble /usr/bin/cmake --install /home/nishit/vision_based_sorting_ws/src/build/interbotix_xs_driver
