[0.013s] Invoking command in '/home/nishit/vision_based_sorting_ws/build/interbotix_xsarm_moveit': AMENT_PREFIX_PATH=/home/nishit/vision_based_sorting_ws/install/interbotix_xsarm_ros_control:/home/nishit/vision_based_sorting_ws/install/interbotix_xsarm_sim:/home/nishit/vision_based_sorting_ws/install/interbotix_xsarm_control:/home/nishit/vision_based_sorting_ws/install/interbotix_xsarm_descriptions:/home/nishit/vision_based_sorting_ws/install/interbotix_xs_modules:/home/nishit/vision_based_sorting_ws/install/interbotix_xs_sdk:/home/nishit/vision_based_sorting_ws/install/interbotix_xs_ros_control:/home/nishit/vision_based_sorting_ws/install/interbotix_xs_msgs:/home/nishit/vision_based_sorting_ws/install/interbotix_xs_driver:/home/nishit/vision_based_sorting_ws/install/interbotix_common_sim:/home/nishit/vision_based_sorting_ws/install/interbotix_common_modules:${AMENT_PREFIX_PATH} CMAKE_PREFIX_PATH=/home/nishit/vision_based_sorting_ws/install/interbotix_xsarm_ros_control:/home/nishit/vision_based_sorting_ws/install/interbotix_xsarm_sim:/home/nishit/vision_based_sorting_ws/install/interbotix_xsarm_control:/home/nishit/vision_based_sorting_ws/install/interbotix_xsarm_descriptions:/home/nishit/vision_based_sorting_ws/install/interbotix_xs_sdk:/home/nishit/vision_based_sorting_ws/install/interbotix_xs_ros_control:/home/nishit/vision_based_sorting_ws/install/interbotix_xs_msgs:/home/nishit/vision_based_sorting_ws/install/interbotix_xs_driver:/home/nishit/vision_based_sorting_ws/install/interbotix_common_sim:/opt/ros/humble LD_LIBRARY_PATH=/home/nishit/vision_based_sorting_ws/install/interbotix_xs_ros_control/lib:/home/nishit/vision_based_sorting_ws/install/interbotix_xs_msgs/lib:/home/nishit/vision_based_sorting_ws/install/interbotix_xs_driver/lib:${LD_LIBRARY_PATH} PYTHONPATH=/home/nishit/vision_based_sorting_ws/build/interbotix_xs_modules:/home/nishit/vision_based_sorting_ws/install/interbotix_xs_modules/lib/python3.10/site-packages:/home/nishit/vision_based_sorting_ws/install/interbotix_xs_msgs/local/lib/python3.10/dist-packages:/home/nishit/vision_based_sorting_ws/build/interbotix_common_modules:/home/nishit/vision_based_sorting_ws/install/interbotix_common_modules/lib/python3.10/site-packages:${PYTHONPATH} /usr/bin/cmake /home/nishit/vision_based_sorting_ws/src/rx200_ros2_stack/interbotix_ros_manipulators/interbotix_ros_xsarms/interbotix_xsarm_moveit -DAMENT_CMAKE_SYMLINK_INSTALL=1 -DCMAKE_INSTALL_PREFIX=/home/nishit/vision_based_sorting_ws/install/interbotix_xsarm_moveit
[0.055s] -- The C compiler identification is GNU 11.4.0
[0.099s] -- The CXX compiler identification is GNU 11.4.0
[0.104s] -- Detecting C compiler ABI info
[0.163s] -- Detecting C compiler ABI info - done
[0.166s] -- Check for working C compiler: /usr/bin/cc - skipped
[0.167s] -- Detecting C compile features
[0.167s] -- Detecting C compile features - done
[0.168s] -- Detecting CXX compiler ABI info
[0.228s] -- Detecting CXX compiler ABI info - done
[0.232s] -- Check for working CXX compiler: /usr/bin/c++ - skipped
[0.232s] -- Detecting CXX compile features
[0.232s] -- Detecting CXX compile features - done
[0.235s] -- Found ament_cmake: 1.3.11 (/opt/ros/humble/share/ament_cmake/cmake)
[0.338s] -- Found Python3: /usr/bin/python3 (found version "3.10.12") found components: Interpreter 
[0.377s] -- Override CMake install command with custom implementation using symlinks instead of copying resources
[0.424s] -- Found ament_lint_auto: 0.12.12 (/opt/ros/humble/share/ament_lint_auto/cmake)
[0.481s] -- Added test 'copyright' to check source files copyright and LICENSE
[0.488s] -- Added test 'flake8' to check Python code syntax and style conventions
[0.488s] -- Added test 'lint_cmake' to check CMake code style
[0.489s] -- Added test 'pep257' to check Python code against some of the docstring style conventions in PEP 257
[0.491s] -- Added test 'xmllint' to check XML markup files
[0.492s] -- Configuring done
[0.496s] -- Generating done
[0.497s] -- Build files have been written to: /home/nishit/vision_based_sorting_ws/build/interbotix_xsarm_moveit
[0.501s] Invoked command in '/home/nishit/vision_based_sorting_ws/build/interbotix_xsarm_moveit' returned '0': AMENT_PREFIX_PATH=/home/nishit/vision_based_sorting_ws/install/interbotix_xsarm_ros_control:/home/nishit/vision_based_sorting_ws/install/interbotix_xsarm_sim:/home/nishit/vision_based_sorting_ws/install/interbotix_xsarm_control:/home/nishit/vision_based_sorting_ws/install/interbotix_xsarm_descriptions:/home/nishit/vision_based_sorting_ws/install/interbotix_xs_modules:/home/nishit/vision_based_sorting_ws/install/interbotix_xs_sdk:/home/nishit/vision_based_sorting_ws/install/interbotix_xs_ros_control:/home/nishit/vision_based_sorting_ws/install/interbotix_xs_msgs:/home/nishit/vision_based_sorting_ws/install/interbotix_xs_driver:/home/nishit/vision_based_sorting_ws/install/interbotix_common_sim:/home/nishit/vision_based_sorting_ws/install/interbotix_common_modules:${AMENT_PREFIX_PATH} CMAKE_PREFIX_PATH=/home/nishit/vision_based_sorting_ws/install/interbotix_xsarm_ros_control:/home/nishit/vision_based_sorting_ws/install/interbotix_xsarm_sim:/home/nishit/vision_based_sorting_ws/install/interbotix_xsarm_control:/home/nishit/vision_based_sorting_ws/install/interbotix_xsarm_descriptions:/home/nishit/vision_based_sorting_ws/install/interbotix_xs_sdk:/home/nishit/vision_based_sorting_ws/install/interbotix_xs_ros_control:/home/nishit/vision_based_sorting_ws/install/interbotix_xs_msgs:/home/nishit/vision_based_sorting_ws/install/interbotix_xs_driver:/home/nishit/vision_based_sorting_ws/install/interbotix_common_sim:/opt/ros/humble LD_LIBRARY_PATH=/home/nishit/vision_based_sorting_ws/install/interbotix_xs_ros_control/lib:/home/nishit/vision_based_sorting_ws/install/interbotix_xs_msgs/lib:/home/nishit/vision_based_sorting_ws/install/interbotix_xs_driver/lib:${LD_LIBRARY_PATH} PYTHONPATH=/home/nishit/vision_based_sorting_ws/build/interbotix_xs_modules:/home/nishit/vision_based_sorting_ws/install/interbotix_xs_modules/lib/python3.10/site-packages:/home/nishit/vision_based_sorting_ws/install/interbotix_xs_msgs/local/lib/python3.10/dist-packages:/home/nishit/vision_based_sorting_ws/build/interbotix_common_modules:/home/nishit/vision_based_sorting_ws/install/interbotix_common_modules/lib/python3.10/site-packages:${PYTHONPATH} /usr/bin/cmake /home/nishit/vision_based_sorting_ws/src/rx200_ros2_stack/interbotix_ros_manipulators/interbotix_ros_xsarms/interbotix_xsarm_moveit -DAMENT_CMAKE_SYMLINK_INSTALL=1 -DCMAKE_INSTALL_PREFIX=/home/nishit/vision_based_sorting_ws/install/interbotix_xsarm_moveit
[0.503s] Invoking command in '/home/nishit/vision_based_sorting_ws/build/interbotix_xsarm_moveit': AMENT_PREFIX_PATH=/home/nishit/vision_based_sorting_ws/install/interbotix_xsarm_ros_control:/home/nishit/vision_based_sorting_ws/install/interbotix_xsarm_sim:/home/nishit/vision_based_sorting_ws/install/interbotix_xsarm_control:/home/nishit/vision_based_sorting_ws/install/interbotix_xsarm_descriptions:/home/nishit/vision_based_sorting_ws/install/interbotix_xs_modules:/home/nishit/vision_based_sorting_ws/install/interbotix_xs_sdk:/home/nishit/vision_based_sorting_ws/install/interbotix_xs_ros_control:/home/nishit/vision_based_sorting_ws/install/interbotix_xs_msgs:/home/nishit/vision_based_sorting_ws/install/interbotix_xs_driver:/home/nishit/vision_based_sorting_ws/install/interbotix_common_sim:/home/nishit/vision_based_sorting_ws/install/interbotix_common_modules:${AMENT_PREFIX_PATH} CMAKE_PREFIX_PATH=/home/nishit/vision_based_sorting_ws/install/interbotix_xsarm_ros_control:/home/nishit/vision_based_sorting_ws/install/interbotix_xsarm_sim:/home/nishit/vision_based_sorting_ws/install/interbotix_xsarm_control:/home/nishit/vision_based_sorting_ws/install/interbotix_xsarm_descriptions:/home/nishit/vision_based_sorting_ws/install/interbotix_xs_sdk:/home/nishit/vision_based_sorting_ws/install/interbotix_xs_ros_control:/home/nishit/vision_based_sorting_ws/install/interbotix_xs_msgs:/home/nishit/vision_based_sorting_ws/install/interbotix_xs_driver:/home/nishit/vision_based_sorting_ws/install/interbotix_common_sim:/opt/ros/humble LD_LIBRARY_PATH=/home/nishit/vision_based_sorting_ws/install/interbotix_xs_ros_control/lib:/home/nishit/vision_based_sorting_ws/install/interbotix_xs_msgs/lib:/home/nishit/vision_based_sorting_ws/install/interbotix_xs_driver/lib:${LD_LIBRARY_PATH} PYTHONPATH=/home/nishit/vision_based_sorting_ws/build/interbotix_xs_modules:/home/nishit/vision_based_sorting_ws/install/interbotix_xs_modules/lib/python3.10/site-packages:/home/nishit/vision_based_sorting_ws/install/interbotix_xs_msgs/local/lib/python3.10/dist-packages:/home/nishit/vision_based_sorting_ws/build/interbotix_common_modules:/home/nishit/vision_based_sorting_ws/install/interbotix_common_modules/lib/python3.10/site-packages:${PYTHONPATH} /usr/bin/cmake --build /home/nishit/vision_based_sorting_ws/build/interbotix_xsarm_moveit -- -j16 -l16
[0.538s] Invoked command in '/home/nishit/vision_based_sorting_ws/build/interbotix_xsarm_moveit' returned '0': AMENT_PREFIX_PATH=/home/nishit/vision_based_sorting_ws/install/interbotix_xsarm_ros_control:/home/nishit/vision_based_sorting_ws/install/interbotix_xsarm_sim:/home/nishit/vision_based_sorting_ws/install/interbotix_xsarm_control:/home/nishit/vision_based_sorting_ws/install/interbotix_xsarm_descriptions:/home/nishit/vision_based_sorting_ws/install/interbotix_xs_modules:/home/nishit/vision_based_sorting_ws/install/interbotix_xs_sdk:/home/nishit/vision_based_sorting_ws/install/interbotix_xs_ros_control:/home/nishit/vision_based_sorting_ws/install/interbotix_xs_msgs:/home/nishit/vision_based_sorting_ws/install/interbotix_xs_driver:/home/nishit/vision_based_sorting_ws/install/interbotix_common_sim:/home/nishit/vision_based_sorting_ws/install/interbotix_common_modules:${AMENT_PREFIX_PATH} CMAKE_PREFIX_PATH=/home/nishit/vision_based_sorting_ws/install/interbotix_xsarm_ros_control:/home/nishit/vision_based_sorting_ws/install/interbotix_xsarm_sim:/home/nishit/vision_based_sorting_ws/install/interbotix_xsarm_control:/home/nishit/vision_based_sorting_ws/install/interbotix_xsarm_descriptions:/home/nishit/vision_based_sorting_ws/install/interbotix_xs_sdk:/home/nishit/vision_based_sorting_ws/install/interbotix_xs_ros_control:/home/nishit/vision_based_sorting_ws/install/interbotix_xs_msgs:/home/nishit/vision_based_sorting_ws/install/interbotix_xs_driver:/home/nishit/vision_based_sorting_ws/install/interbotix_common_sim:/opt/ros/humble LD_LIBRARY_PATH=/home/nishit/vision_based_sorting_ws/install/interbotix_xs_ros_control/lib:/home/nishit/vision_based_sorting_ws/install/interbotix_xs_msgs/lib:/home/nishit/vision_based_sorting_ws/install/interbotix_xs_driver/lib:${LD_LIBRARY_PATH} PYTHONPATH=/home/nishit/vision_based_sorting_ws/build/interbotix_xs_modules:/home/nishit/vision_based_sorting_ws/install/interbotix_xs_modules/lib/python3.10/site-packages:/home/nishit/vision_based_sorting_ws/install/interbotix_xs_msgs/local/lib/python3.10/dist-packages:/home/nishit/vision_based_sorting_ws/build/interbotix_common_modules:/home/nishit/vision_based_sorting_ws/install/interbotix_common_modules/lib/python3.10/site-packages:${PYTHONPATH} /usr/bin/cmake --build /home/nishit/vision_based_sorting_ws/build/interbotix_xsarm_moveit -- -j16 -l16
[0.540s] Invoking command in '/home/nishit/vision_based_sorting_ws/build/interbotix_xsarm_moveit': AMENT_PREFIX_PATH=/home/nishit/vision_based_sorting_ws/install/interbotix_xsarm_ros_control:/home/nishit/vision_based_sorting_ws/install/interbotix_xsarm_sim:/home/nishit/vision_based_sorting_ws/install/interbotix_xsarm_control:/home/nishit/vision_based_sorting_ws/install/interbotix_xsarm_descriptions:/home/nishit/vision_based_sorting_ws/install/interbotix_xs_modules:/home/nishit/vision_based_sorting_ws/install/interbotix_xs_sdk:/home/nishit/vision_based_sorting_ws/install/interbotix_xs_ros_control:/home/nishit/vision_based_sorting_ws/install/interbotix_xs_msgs:/home/nishit/vision_based_sorting_ws/install/interbotix_xs_driver:/home/nishit/vision_based_sorting_ws/install/interbotix_common_sim:/home/nishit/vision_based_sorting_ws/install/interbotix_common_modules:${AMENT_PREFIX_PATH} CMAKE_PREFIX_PATH=/home/nishit/vision_based_sorting_ws/install/interbotix_xsarm_ros_control:/home/nishit/vision_based_sorting_ws/install/interbotix_xsarm_sim:/home/nishit/vision_based_sorting_ws/install/interbotix_xsarm_control:/home/nishit/vision_based_sorting_ws/install/interbotix_xsarm_descriptions:/home/nishit/vision_based_sorting_ws/install/interbotix_xs_sdk:/home/nishit/vision_based_sorting_ws/install/interbotix_xs_ros_control:/home/nishit/vision_based_sorting_ws/install/interbotix_xs_msgs:/home/nishit/vision_based_sorting_ws/install/interbotix_xs_driver:/home/nishit/vision_based_sorting_ws/install/interbotix_common_sim:/opt/ros/humble LD_LIBRARY_PATH=/home/nishit/vision_based_sorting_ws/install/interbotix_xs_ros_control/lib:/home/nishit/vision_based_sorting_ws/install/interbotix_xs_msgs/lib:/home/nishit/vision_based_sorting_ws/install/interbotix_xs_driver/lib:${LD_LIBRARY_PATH} PYTHONPATH=/home/nishit/vision_based_sorting_ws/build/interbotix_xs_modules:/home/nishit/vision_based_sorting_ws/install/interbotix_xs_modules/lib/python3.10/site-packages:/home/nishit/vision_based_sorting_ws/install/interbotix_xs_msgs/local/lib/python3.10/dist-packages:/home/nishit/vision_based_sorting_ws/build/interbotix_common_modules:/home/nishit/vision_based_sorting_ws/install/interbotix_common_modules/lib/python3.10/site-packages:${PYTHONPATH} /usr/bin/cmake --install /home/nishit/vision_based_sorting_ws/build/interbotix_xsarm_moveit
[0.547s] -- Install configuration: ""
[0.547s] -- Execute custom install script
[0.547s] -- Symlinking: /home/nishit/vision_based_sorting_ws/install/interbotix_xsarm_moveit/share/interbotix_xsarm_moveit//launch/xsarm_moveit.launch.py
[0.556s] -- Symlinking: /home/nishit/vision_based_sorting_ws/install/interbotix_xsarm_moveit/share/interbotix_xsarm_moveit//config/chomp_planning.yaml
[0.564s] -- Symlinking: /home/nishit/vision_based_sorting_ws/install/interbotix_xsarm_moveit/share/interbotix_xsarm_moveit//config/controllers/mobile_px100_controllers.yaml
[0.571s] -- Symlinking: /home/nishit/vision_based_sorting_ws/install/interbotix_xsarm_moveit/share/interbotix_xsarm_moveit//config/controllers/mobile_wx200_controllers.yaml
[0.578s] -- Symlinking: /home/nishit/vision_based_sorting_ws/install/interbotix_xsarm_moveit/share/interbotix_xsarm_moveit//config/controllers/mobile_wx250s_controllers.yaml
[0.585s] -- Symlinking: /home/nishit/vision_based_sorting_ws/install/interbotix_xsarm_moveit/share/interbotix_xsarm_moveit//config/controllers/px100_controllers.yaml
[0.593s] -- Symlinking: /home/nishit/vision_based_sorting_ws/install/interbotix_xsarm_moveit/share/interbotix_xsarm_moveit//config/controllers/px150_controllers.yaml
[0.603s] -- Symlinking: /home/nishit/vision_based_sorting_ws/install/interbotix_xsarm_moveit/share/interbotix_xsarm_moveit//config/controllers/rx150_controllers.yaml
[0.610s] -- Symlinking: /home/nishit/vision_based_sorting_ws/install/interbotix_xsarm_moveit/share/interbotix_xsarm_moveit//config/controllers/rx200_controllers.yaml
[0.617s] -- Symlinking: /home/nishit/vision_based_sorting_ws/install/interbotix_xsarm_moveit/share/interbotix_xsarm_moveit//config/controllers/vx250_controllers.yaml
[0.625s] -- Symlinking: /home/nishit/vision_based_sorting_ws/install/interbotix_xsarm_moveit/share/interbotix_xsarm_moveit//config/controllers/vx300_controllers.yaml
[0.633s] -- Symlinking: /home/nishit/vision_based_sorting_ws/install/interbotix_xsarm_moveit/share/interbotix_xsarm_moveit//config/controllers/vx300s_controllers.yaml
[0.642s] -- Symlinking: /home/nishit/vision_based_sorting_ws/install/interbotix_xsarm_moveit/share/interbotix_xsarm_moveit//config/controllers/wx200_controllers.yaml
[0.649s] -- Symlinking: /home/nishit/vision_based_sorting_ws/install/interbotix_xsarm_moveit/share/interbotix_xsarm_moveit//config/controllers/wx250_controllers.yaml
[0.657s] -- Symlinking: /home/nishit/vision_based_sorting_ws/install/interbotix_xsarm_moveit/share/interbotix_xsarm_moveit//config/controllers/wx250s_controllers.yaml
[0.665s] -- Symlinking: /home/nishit/vision_based_sorting_ws/install/interbotix_xsarm_moveit/share/interbotix_xsarm_moveit//config/joint_limits/mobile_px100_joint_limits.yaml
[0.672s] -- Symlinking: /home/nishit/vision_based_sorting_ws/install/interbotix_xsarm_moveit/share/interbotix_xsarm_moveit//config/joint_limits/mobile_wx200_joint_limits.yaml
[0.679s] -- Symlinking: /home/nishit/vision_based_sorting_ws/install/interbotix_xsarm_moveit/share/interbotix_xsarm_moveit//config/joint_limits/mobile_wx250s_joint_limits.yaml
[0.686s] -- Symlinking: /home/nishit/vision_based_sorting_ws/install/interbotix_xsarm_moveit/share/interbotix_xsarm_moveit//config/joint_limits/px100_joint_limits.yaml
[0.694s] -- Symlinking: /home/nishit/vision_based_sorting_ws/install/interbotix_xsarm_moveit/share/interbotix_xsarm_moveit//config/joint_limits/px150_joint_limits.yaml
[0.703s] -- Symlinking: /home/nishit/vision_based_sorting_ws/install/interbotix_xsarm_moveit/share/interbotix_xsarm_moveit//config/joint_limits/rx150_joint_limits.yaml
[0.711s] -- Symlinking: /home/nishit/vision_based_sorting_ws/install/interbotix_xsarm_moveit/share/interbotix_xsarm_moveit//config/joint_limits/rx200_joint_limits.yaml
[0.718s] -- Symlinking: /home/nishit/vision_based_sorting_ws/install/interbotix_xsarm_moveit/share/interbotix_xsarm_moveit//config/joint_limits/vx250_joint_limits.yaml
[0.725s] -- Symlinking: /home/nishit/vision_based_sorting_ws/install/interbotix_xsarm_moveit/share/interbotix_xsarm_moveit//config/joint_limits/vx300_joint_limits.yaml
[0.733s] -- Symlinking: /home/nishit/vision_based_sorting_ws/install/interbotix_xsarm_moveit/share/interbotix_xsarm_moveit//config/joint_limits/vx300s_joint_limits.yaml
[0.740s] -- Symlinking: /home/nishit/vision_based_sorting_ws/install/interbotix_xsarm_moveit/share/interbotix_xsarm_moveit//config/joint_limits/wx200_joint_limits.yaml
[0.747s] -- Symlinking: /home/nishit/vision_based_sorting_ws/install/interbotix_xsarm_moveit/share/interbotix_xsarm_moveit//config/joint_limits/wx250_joint_limits.yaml
[0.755s] -- Symlinking: /home/nishit/vision_based_sorting_ws/install/interbotix_xsarm_moveit/share/interbotix_xsarm_moveit//config/joint_limits/wx250s_joint_limits.yaml
[0.763s] -- Symlinking: /home/nishit/vision_based_sorting_ws/install/interbotix_xsarm_moveit/share/interbotix_xsarm_moveit//config/kinematics.yaml
[0.771s] -- Symlinking: /home/nishit/vision_based_sorting_ws/install/interbotix_xsarm_moveit/share/interbotix_xsarm_moveit//config/modes.yaml
[0.778s] -- Symlinking: /home/nishit/vision_based_sorting_ws/install/interbotix_xsarm_moveit/share/interbotix_xsarm_moveit//config/ompl_planning.yaml
[0.785s] -- Symlinking: /home/nishit/vision_based_sorting_ws/install/interbotix_xsarm_moveit/share/interbotix_xsarm_moveit//config/srdf/mobile_px100.srdf.xacro
[0.793s] -- Symlinking: /home/nishit/vision_based_sorting_ws/install/interbotix_xsarm_moveit/share/interbotix_xsarm_moveit//config/srdf/mobile_wx200.srdf.xacro
[0.803s] -- Symlinking: /home/nishit/vision_based_sorting_ws/install/interbotix_xsarm_moveit/share/interbotix_xsarm_moveit//config/srdf/mobile_wx250s.srdf.xacro
[0.810s] -- Symlinking: /home/nishit/vision_based_sorting_ws/install/interbotix_xsarm_moveit/share/interbotix_xsarm_moveit//config/srdf/px100.srdf.xacro
[0.818s] -- Symlinking: /home/nishit/vision_based_sorting_ws/install/interbotix_xsarm_moveit/share/interbotix_xsarm_moveit//config/srdf/px150.srdf.xacro
[0.826s] -- Symlinking: /home/nishit/vision_based_sorting_ws/install/interbotix_xsarm_moveit/share/interbotix_xsarm_moveit//config/srdf/rx150.srdf.xacro
[0.833s] -- Symlinking: /home/nishit/vision_based_sorting_ws/install/interbotix_xsarm_moveit/share/interbotix_xsarm_moveit//config/srdf/rx200.srdf.xacro
[0.841s] -- Symlinking: /home/nishit/vision_based_sorting_ws/install/interbotix_xsarm_moveit/share/interbotix_xsarm_moveit//config/srdf/vx250.srdf.xacro
[0.849s] -- Symlinking: /home/nishit/vision_based_sorting_ws/install/interbotix_xsarm_moveit/share/interbotix_xsarm_moveit//config/srdf/vx300.srdf.xacro
[0.857s] -- Symlinking: /home/nishit/vision_based_sorting_ws/install/interbotix_xsarm_moveit/share/interbotix_xsarm_moveit//config/srdf/vx300s.srdf.xacro
[0.865s] -- Symlinking: /home/nishit/vision_based_sorting_ws/install/interbotix_xsarm_moveit/share/interbotix_xsarm_moveit//config/srdf/wx200.srdf.xacro
[0.873s] -- Symlinking: /home/nishit/vision_based_sorting_ws/install/interbotix_xsarm_moveit/share/interbotix_xsarm_moveit//config/srdf/wx250.srdf.xacro
[0.880s] -- Symlinking: /home/nishit/vision_based_sorting_ws/install/interbotix_xsarm_moveit/share/interbotix_xsarm_moveit//config/srdf/wx250s.srdf.xacro
[0.888s] -- Symlinking: /home/nishit/vision_based_sorting_ws/install/interbotix_xsarm_moveit/share/interbotix_xsarm_moveit//rviz/xsarm_moveit.rviz
[0.897s] -- Symlinking: /home/nishit/vision_based_sorting_ws/install/interbotix_xsarm_moveit/share/ament_index/resource_index/package_run_dependencies/interbotix_xsarm_moveit
[0.905s] -- Symlinking: /home/nishit/vision_based_sorting_ws/install/interbotix_xsarm_moveit/share/ament_index/resource_index/parent_prefix_path/interbotix_xsarm_moveit
[0.912s] -- Symlinking: /home/nishit/vision_based_sorting_ws/install/interbotix_xsarm_moveit/share/interbotix_xsarm_moveit/environment/ament_prefix_path.sh
[0.919s] -- Symlinking: /home/nishit/vision_based_sorting_ws/install/interbotix_xsarm_moveit/share/interbotix_xsarm_moveit/environment/ament_prefix_path.dsv
[0.927s] -- Symlinking: /home/nishit/vision_based_sorting_ws/install/interbotix_xsarm_moveit/share/interbotix_xsarm_moveit/environment/path.sh
[0.935s] -- Symlinking: /home/nishit/vision_based_sorting_ws/install/interbotix_xsarm_moveit/share/interbotix_xsarm_moveit/environment/path.dsv
[0.943s] -- Symlinking: /home/nishit/vision_based_sorting_ws/install/interbotix_xsarm_moveit/share/interbotix_xsarm_moveit/local_setup.bash
[0.951s] -- Symlinking: /home/nishit/vision_based_sorting_ws/install/interbotix_xsarm_moveit/share/interbotix_xsarm_moveit/local_setup.sh
[0.958s] -- Symlinking: /home/nishit/vision_based_sorting_ws/install/interbotix_xsarm_moveit/share/interbotix_xsarm_moveit/local_setup.zsh
[0.965s] -- Symlinking: /home/nishit/vision_based_sorting_ws/install/interbotix_xsarm_moveit/share/interbotix_xsarm_moveit/local_setup.dsv
[0.972s] -- Symlinking: /home/nishit/vision_based_sorting_ws/install/interbotix_xsarm_moveit/share/interbotix_xsarm_moveit/package.dsv
[0.981s] -- Symlinking: /home/nishit/vision_based_sorting_ws/install/interbotix_xsarm_moveit/share/ament_index/resource_index/packages/interbotix_xsarm_moveit
[0.988s] -- Symlinking: /home/nishit/vision_based_sorting_ws/install/interbotix_xsarm_moveit/share/interbotix_xsarm_moveit/cmake/interbotix_xsarm_moveitConfig.cmake
[0.997s] -- Symlinking: /home/nishit/vision_based_sorting_ws/install/interbotix_xsarm_moveit/share/interbotix_xsarm_moveit/cmake/interbotix_xsarm_moveitConfig-version.cmake
[1.004s] -- Symlinking: /home/nishit/vision_based_sorting_ws/install/interbotix_xsarm_moveit/share/interbotix_xsarm_moveit/package.xml
[1.015s] Invoked command in '/home/nishit/vision_based_sorting_ws/build/interbotix_xsarm_moveit' returned '0': AMENT_PREFIX_PATH=/home/nishit/vision_based_sorting_ws/install/interbotix_xsarm_ros_control:/home/nishit/vision_based_sorting_ws/install/interbotix_xsarm_sim:/home/nishit/vision_based_sorting_ws/install/interbotix_xsarm_control:/home/nishit/vision_based_sorting_ws/install/interbotix_xsarm_descriptions:/home/nishit/vision_based_sorting_ws/install/interbotix_xs_modules:/home/nishit/vision_based_sorting_ws/install/interbotix_xs_sdk:/home/nishit/vision_based_sorting_ws/install/interbotix_xs_ros_control:/home/nishit/vision_based_sorting_ws/install/interbotix_xs_msgs:/home/nishit/vision_based_sorting_ws/install/interbotix_xs_driver:/home/nishit/vision_based_sorting_ws/install/interbotix_common_sim:/home/nishit/vision_based_sorting_ws/install/interbotix_common_modules:${AMENT_PREFIX_PATH} CMAKE_PREFIX_PATH=/home/nishit/vision_based_sorting_ws/install/interbotix_xsarm_ros_control:/home/nishit/vision_based_sorting_ws/install/interbotix_xsarm_sim:/home/nishit/vision_based_sorting_ws/install/interbotix_xsarm_control:/home/nishit/vision_based_sorting_ws/install/interbotix_xsarm_descriptions:/home/nishit/vision_based_sorting_ws/install/interbotix_xs_sdk:/home/nishit/vision_based_sorting_ws/install/interbotix_xs_ros_control:/home/nishit/vision_based_sorting_ws/install/interbotix_xs_msgs:/home/nishit/vision_based_sorting_ws/install/interbotix_xs_driver:/home/nishit/vision_based_sorting_ws/install/interbotix_common_sim:/opt/ros/humble LD_LIBRARY_PATH=/home/nishit/vision_based_sorting_ws/install/interbotix_xs_ros_control/lib:/home/nishit/vision_based_sorting_ws/install/interbotix_xs_msgs/lib:/home/nishit/vision_based_sorting_ws/install/interbotix_xs_driver/lib:${LD_LIBRARY_PATH} PYTHONPATH=/home/nishit/vision_based_sorting_ws/build/interbotix_xs_modules:/home/nishit/vision_based_sorting_ws/install/interbotix_xs_modules/lib/python3.10/site-packages:/home/nishit/vision_based_sorting_ws/install/interbotix_xs_msgs/local/lib/python3.10/dist-packages:/home/nishit/vision_based_sorting_ws/build/interbotix_common_modules:/home/nishit/vision_based_sorting_ws/install/interbotix_common_modules/lib/python3.10/site-packages:${PYTHONPATH} /usr/bin/cmake --install /home/nishit/vision_based_sorting_ws/build/interbotix_xsarm_moveit
