[0.009s] Invoking command in '/home/nishit/vision_based_sorting_ws/build/interbotix_gravity_compensation': AMENT_PREFIX_PATH=/home/nishit/vision_based_sorting_ws/install/interbotix_xs_msgs:${AMENT_PREFIX_PATH} CMAKE_PREFIX_PATH=/home/nishit/vision_based_sorting_ws/install/interbotix_xs_msgs:/opt/ros/humble LD_LIBRARY_PATH=/home/nishit/vision_based_sorting_ws/install/interbotix_xs_msgs/lib:${LD_LIBRARY_PATH} PYTHONPATH=/home/nishit/vision_based_sorting_ws/install/interbotix_xs_msgs/local/lib/python3.10/dist-packages:${PYTHONPATH} /usr/bin/cmake --build /home/nishit/vision_based_sorting_ws/build/interbotix_gravity_compensation -- -j16 -l16
[0.047s] [35m[1mConsolidate compiler generated dependencies of target interbotix_gravity_compensation[0m
[0.062s] [100%] Built target interbotix_gravity_compensation
[0.073s] Invoked command in '/home/nishit/vision_based_sorting_ws/build/interbotix_gravity_compensation' returned '0': AMENT_PREFIX_PATH=/home/nishit/vision_based_sorting_ws/install/interbotix_xs_msgs:${AMENT_PREFIX_PATH} CMAKE_PREFIX_PATH=/home/nishit/vision_based_sorting_ws/install/interbotix_xs_msgs:/opt/ros/humble LD_LIBRARY_PATH=/home/nishit/vision_based_sorting_ws/install/interbotix_xs_msgs/lib:${LD_LIBRARY_PATH} PYTHONPATH=/home/nishit/vision_based_sorting_ws/install/interbotix_xs_msgs/local/lib/python3.10/dist-packages:${PYTHONPATH} /usr/bin/cmake --build /home/nishit/vision_based_sorting_ws/build/interbotix_gravity_compensation -- -j16 -l16
[0.074s] Invoking command in '/home/nishit/vision_based_sorting_ws/build/interbotix_gravity_compensation': AMENT_PREFIX_PATH=/home/nishit/vision_based_sorting_ws/install/interbotix_xs_msgs:${AMENT_PREFIX_PATH} CMAKE_PREFIX_PATH=/home/nishit/vision_based_sorting_ws/install/interbotix_xs_msgs:/opt/ros/humble LD_LIBRARY_PATH=/home/nishit/vision_based_sorting_ws/install/interbotix_xs_msgs/lib:${LD_LIBRARY_PATH} PYTHONPATH=/home/nishit/vision_based_sorting_ws/install/interbotix_xs_msgs/local/lib/python3.10/dist-packages:${PYTHONPATH} /usr/bin/cmake --install /home/nishit/vision_based_sorting_ws/build/interbotix_gravity_compensation
[0.084s] -- Install configuration: ""
[0.084s] -- Execute custom install script
[0.085s] -- Up-to-date symlink: /home/nishit/vision_based_sorting_ws/install/interbotix_gravity_compensation/lib/interbotix_gravity_compensation/interbotix_gravity_compensation
[0.085s] -- Up-to-date symlink: /home/nishit/vision_based_sorting_ws/install/interbotix_gravity_compensation/share/interbotix_gravity_compensation/config/motor_specs_example.yaml
[0.085s] -- Up-to-date symlink: /home/nishit/vision_based_sorting_ws/install/interbotix_gravity_compensation/share/ament_index/resource_index/package_run_dependencies/interbotix_gravity_compensation
[0.085s] -- Up-to-date symlink: /home/nishit/vision_based_sorting_ws/install/interbotix_gravity_compensation/share/ament_index/resource_index/parent_prefix_path/interbotix_gravity_compensation
[0.085s] -- Up-to-date symlink: /home/nishit/vision_based_sorting_ws/install/interbotix_gravity_compensation/share/interbotix_gravity_compensation/environment/ament_prefix_path.sh
[0.085s] -- Up-to-date symlink: /home/nishit/vision_based_sorting_ws/install/interbotix_gravity_compensation/share/interbotix_gravity_compensation/environment/ament_prefix_path.dsv
[0.085s] -- Up-to-date symlink: /home/nishit/vision_based_sorting_ws/install/interbotix_gravity_compensation/share/interbotix_gravity_compensation/environment/path.sh
[0.085s] -- Up-to-date symlink: /home/nishit/vision_based_sorting_ws/install/interbotix_gravity_compensation/share/interbotix_gravity_compensation/environment/path.dsv
[0.085s] -- Up-to-date symlink: /home/nishit/vision_based_sorting_ws/install/interbotix_gravity_compensation/share/interbotix_gravity_compensation/local_setup.bash
[0.086s] -- Up-to-date symlink: /home/nishit/vision_based_sorting_ws/install/interbotix_gravity_compensation/share/interbotix_gravity_compensation/local_setup.sh
[0.086s] -- Up-to-date symlink: /home/nishit/vision_based_sorting_ws/install/interbotix_gravity_compensation/share/interbotix_gravity_compensation/local_setup.zsh
[0.086s] -- Up-to-date symlink: /home/nishit/vision_based_sorting_ws/install/interbotix_gravity_compensation/share/interbotix_gravity_compensation/local_setup.dsv
[0.086s] -- Symlinking: /home/nishit/vision_based_sorting_ws/install/interbotix_gravity_compensation/share/interbotix_gravity_compensation/package.dsv
[0.096s] -- Up-to-date symlink: /home/nishit/vision_based_sorting_ws/install/interbotix_gravity_compensation/share/ament_index/resource_index/packages/interbotix_gravity_compensation
[0.096s] -- Up-to-date symlink: /home/nishit/vision_based_sorting_ws/install/interbotix_gravity_compensation/share/interbotix_gravity_compensation/cmake/interbotix_gravity_compensationConfig.cmake
[0.096s] -- Up-to-date symlink: /home/nishit/vision_based_sorting_ws/install/interbotix_gravity_compensation/share/interbotix_gravity_compensation/cmake/interbotix_gravity_compensationConfig-version.cmake
[0.096s] -- Up-to-date symlink: /home/nishit/vision_based_sorting_ws/install/interbotix_gravity_compensation/share/interbotix_gravity_compensation/package.xml
[0.109s] Invoked command in '/home/nishit/vision_based_sorting_ws/build/interbotix_gravity_compensation' returned '0': AMENT_PREFIX_PATH=/home/nishit/vision_based_sorting_ws/install/interbotix_xs_msgs:${AMENT_PREFIX_PATH} CMAKE_PREFIX_PATH=/home/nishit/vision_based_sorting_ws/install/interbotix_xs_msgs:/opt/ros/humble LD_LIBRARY_PATH=/home/nishit/vision_based_sorting_ws/install/interbotix_xs_msgs/lib:${LD_LIBRARY_PATH} PYTHONPATH=/home/nishit/vision_based_sorting_ws/install/interbotix_xs_msgs/local/lib/python3.10/dist-packages:${PYTHONPATH} /usr/bin/cmake --install /home/nishit/vision_based_sorting_ws/build/interbotix_gravity_compensation
