[0.009s] Invoking command in '/home/nishit/vision_based_sorting_ws/build/interbotix_xs_sdk': AMENT_PREFIX_PATH=/home/nishit/vision_based_sorting_ws/install/interbotix_xs_msgs:/home/nishit/vision_based_sorting_ws/install/interbotix_xs_driver:${AMENT_PREFIX_PATH} CMAKE_PREFIX_PATH=/home/nishit/vision_based_sorting_ws/install/interbotix_xs_msgs:/home/nishit/vision_based_sorting_ws/install/interbotix_xs_driver:/opt/ros/humble LD_LIBRARY_PATH=/home/nishit/vision_based_sorting_ws/install/interbotix_xs_msgs/lib:/home/nishit/vision_based_sorting_ws/install/interbotix_xs_driver/lib:${LD_LIBRARY_PATH} PYTHONPATH=/home/nishit/vision_based_sorting_ws/install/interbotix_xs_msgs/local/lib/python3.10/dist-packages:${PYTHONPATH} /usr/bin/cmake --build /home/nishit/vision_based_sorting_ws/build/interbotix_xs_sdk -- -j16 -l16
[0.051s] [35m[1mConsolidate compiler generated dependencies of target xs_sdk[0m
[0.066s] [100%] Built target xs_sdk
[0.079s] Invoked command in '/home/nishit/vision_based_sorting_ws/build/interbotix_xs_sdk' returned '0': AMENT_PREFIX_PATH=/home/nishit/vision_based_sorting_ws/install/interbotix_xs_msgs:/home/nishit/vision_based_sorting_ws/install/interbotix_xs_driver:${AMENT_PREFIX_PATH} CMAKE_PREFIX_PATH=/home/nishit/vision_based_sorting_ws/install/interbotix_xs_msgs:/home/nishit/vision_based_sorting_ws/install/interbotix_xs_driver:/opt/ros/humble LD_LIBRARY_PATH=/home/nishit/vision_based_sorting_ws/install/interbotix_xs_msgs/lib:/home/nishit/vision_based_sorting_ws/install/interbotix_xs_driver/lib:${LD_LIBRARY_PATH} PYTHONPATH=/home/nishit/vision_based_sorting_ws/install/interbotix_xs_msgs/local/lib/python3.10/dist-packages:${PYTHONPATH} /usr/bin/cmake --build /home/nishit/vision_based_sorting_ws/build/interbotix_xs_sdk -- -j16 -l16
[0.080s] Invoking command in '/home/nishit/vision_based_sorting_ws/build/interbotix_xs_sdk': AMENT_PREFIX_PATH=/home/nishit/vision_based_sorting_ws/install/interbotix_xs_msgs:/home/nishit/vision_based_sorting_ws/install/interbotix_xs_driver:${AMENT_PREFIX_PATH} CMAKE_PREFIX_PATH=/home/nishit/vision_based_sorting_ws/install/interbotix_xs_msgs:/home/nishit/vision_based_sorting_ws/install/interbotix_xs_driver:/opt/ros/humble LD_LIBRARY_PATH=/home/nishit/vision_based_sorting_ws/install/interbotix_xs_msgs/lib:/home/nishit/vision_based_sorting_ws/install/interbotix_xs_driver/lib:${LD_LIBRARY_PATH} PYTHONPATH=/home/nishit/vision_based_sorting_ws/install/interbotix_xs_msgs/local/lib/python3.10/dist-packages:${PYTHONPATH} /usr/bin/cmake --install /home/nishit/vision_based_sorting_ws/build/interbotix_xs_sdk
[0.088s] -- Install configuration: ""
[0.089s] -- Execute custom install script
[0.089s] -- Up-to-date symlink: /home/nishit/vision_based_sorting_ws/install/interbotix_xs_sdk/lib/interbotix_xs_sdk/xs_sdk
[0.089s] -- Up-to-date symlink: /home/nishit/vision_based_sorting_ws/install/interbotix_xs_sdk/lib/interbotix_xs_sdk/xs_sdk_sim.py
[0.089s] -- Up-to-date symlink: /home/nishit/vision_based_sorting_ws/install/interbotix_xs_sdk/share/interbotix_xs_sdk//config/mode_configs_template.yaml
[0.089s] -- Up-to-date symlink: /home/nishit/vision_based_sorting_ws/install/interbotix_xs_sdk/share/interbotix_xs_sdk//config/motor_configs_template.yaml
[0.089s] -- Up-to-date symlink: /home/nishit/vision_based_sorting_ws/install/interbotix_xs_sdk/share/ament_index/resource_index/package_run_dependencies/interbotix_xs_sdk
[0.089s] -- Up-to-date symlink: /home/nishit/vision_based_sorting_ws/install/interbotix_xs_sdk/share/ament_index/resource_index/parent_prefix_path/interbotix_xs_sdk
[0.089s] -- Up-to-date symlink: /home/nishit/vision_based_sorting_ws/install/interbotix_xs_sdk/share/interbotix_xs_sdk/environment/ament_prefix_path.sh
[0.090s] -- Up-to-date symlink: /home/nishit/vision_based_sorting_ws/install/interbotix_xs_sdk/share/interbotix_xs_sdk/environment/ament_prefix_path.dsv
[0.090s] -- Up-to-date symlink: /home/nishit/vision_based_sorting_ws/install/interbotix_xs_sdk/share/interbotix_xs_sdk/environment/path.sh
[0.090s] -- Up-to-date symlink: /home/nishit/vision_based_sorting_ws/install/interbotix_xs_sdk/share/interbotix_xs_sdk/environment/path.dsv
[0.090s] -- Up-to-date symlink: /home/nishit/vision_based_sorting_ws/install/interbotix_xs_sdk/share/interbotix_xs_sdk/local_setup.bash
[0.090s] -- Up-to-date symlink: /home/nishit/vision_based_sorting_ws/install/interbotix_xs_sdk/share/interbotix_xs_sdk/local_setup.sh
[0.090s] -- Up-to-date symlink: /home/nishit/vision_based_sorting_ws/install/interbotix_xs_sdk/share/interbotix_xs_sdk/local_setup.zsh
[0.090s] -- Up-to-date symlink: /home/nishit/vision_based_sorting_ws/install/interbotix_xs_sdk/share/interbotix_xs_sdk/local_setup.dsv
[0.090s] -- Symlinking: /home/nishit/vision_based_sorting_ws/install/interbotix_xs_sdk/share/interbotix_xs_sdk/package.dsv
[0.100s] -- Up-to-date symlink: /home/nishit/vision_based_sorting_ws/install/interbotix_xs_sdk/share/ament_index/resource_index/packages/interbotix_xs_sdk
[0.101s] -- Up-to-date symlink: /home/nishit/vision_based_sorting_ws/install/interbotix_xs_sdk/share/interbotix_xs_sdk/cmake/interbotix_xs_sdkConfig.cmake
[0.101s] -- Up-to-date symlink: /home/nishit/vision_based_sorting_ws/install/interbotix_xs_sdk/share/interbotix_xs_sdk/cmake/interbotix_xs_sdkConfig-version.cmake
[0.101s] -- Up-to-date symlink: /home/nishit/vision_based_sorting_ws/install/interbotix_xs_sdk/share/interbotix_xs_sdk/package.xml
[0.104s] Invoked command in '/home/nishit/vision_based_sorting_ws/build/interbotix_xs_sdk' returned '0': AMENT_PREFIX_PATH=/home/nishit/vision_based_sorting_ws/install/interbotix_xs_msgs:/home/nishit/vision_based_sorting_ws/install/interbotix_xs_driver:${AMENT_PREFIX_PATH} CMAKE_PREFIX_PATH=/home/nishit/vision_based_sorting_ws/install/interbotix_xs_msgs:/home/nishit/vision_based_sorting_ws/install/interbotix_xs_driver:/opt/ros/humble LD_LIBRARY_PATH=/home/nishit/vision_based_sorting_ws/install/interbotix_xs_msgs/lib:/home/nishit/vision_based_sorting_ws/install/interbotix_xs_driver/lib:${LD_LIBRARY_PATH} PYTHONPATH=/home/nishit/vision_based_sorting_ws/install/interbotix_xs_msgs/local/lib/python3.10/dist-packages:${PYTHONPATH} /usr/bin/cmake --install /home/nishit/vision_based_sorting_ws/build/interbotix_xs_sdk
