[0.845s] Invoking command in '/home/nishit/vision_based_sorting_ws/build/my_simulation': PYTHONPATH=/home/nishit/vision_based_sorting_ws/build/my_simulation/prefix_override:/usr/lib/python3/dist-packages/colcon_core/task/python/colcon_distutils_commands:/home/nishit/vision_based_sorting_ws/install/my_simulation/lib/python3.10/site-packages:${PYTHONPATH} /usr/bin/python3 -W ignore:setup.py install is deprecated -W ignore:easy_install command is deprecated setup.py develop --editable --build-directory /home/nishit/vision_based_sorting_ws/build/my_simulation/build --no-deps symlink_data
[0.999s] running develop
[1.085s] running egg_info
[1.085s] creating my_simulation.egg-info
[1.085s] writing my_simulation.egg-info/PKG-INFO
[1.086s] writing dependency_links to my_simulation.egg-info/dependency_links.txt
[1.086s] writing entry points to my_simulation.egg-info/entry_points.txt
[1.086s] writing requirements to my_simulation.egg-info/requires.txt
[1.086s] writing top-level names to my_simulation.egg-info/top_level.txt
[1.086s] writing manifest file 'my_simulation.egg-info/SOURCES.txt'
[1.087s] reading manifest file 'my_simulation.egg-info/SOURCES.txt'
[1.088s] writing manifest file 'my_simulation.egg-info/SOURCES.txt'
[1.089s] running build_ext
[1.089s] Creating /home/nishit/vision_based_sorting_ws/install/my_simulation/lib/python3.10/site-packages/my-simulation.egg-link (link to .)
[1.089s] 
[1.090s] Installed /home/nishit/vision_based_sorting_ws/build/my_simulation
[1.090s] running symlink_data
[1.090s] creating /home/nishit/vision_based_sorting_ws/install/my_simulation/share/ament_index
[1.090s] creating /home/nishit/vision_based_sorting_ws/install/my_simulation/share/ament_index/resource_index
[1.090s] creating /home/nishit/vision_based_sorting_ws/install/my_simulation/share/ament_index/resource_index/packages
[1.090s] symbolically linking /home/nishit/vision_based_sorting_ws/build/my_simulation/resource/my_simulation -> /home/nishit/vision_based_sorting_ws/install/my_simulation/share/ament_index/resource_index/packages
[1.090s] symbolically linking /home/nishit/vision_based_sorting_ws/build/my_simulation/package.xml -> /home/nishit/vision_based_sorting_ws/install/my_simulation/share/my_simulation
[1.150s] Invoked command in '/home/nishit/vision_based_sorting_ws/build/my_simulation' returned '0': PYTHONPATH=/home/nishit/vision_based_sorting_ws/build/my_simulation/prefix_override:/usr/lib/python3/dist-packages/colcon_core/task/python/colcon_distutils_commands:/home/nishit/vision_based_sorting_ws/install/my_simulation/lib/python3.10/site-packages:${PYTHONPATH} /usr/bin/python3 -W ignore:setup.py install is deprecated -W ignore:easy_install command is deprecated setup.py develop --editable --build-directory /home/nishit/vision_based_sorting_ws/build/my_simulation/build --no-deps symlink_data
