[0.009s] Invoking command in '/home/nishit/vision_based_sorting_ws/build/interbotix_xs_ros_control': AMENT_PREFIX_PATH=/home/nishit/vision_based_sorting_ws/install/interbotix_xs_msgs:${AMENT_PREFIX_PATH} CMAKE_PREFIX_PATH=/home/nishit/vision_based_sorting_ws/install/interbotix_xs_msgs:/opt/ros/humble LD_LIBRARY_PATH=/home/nishit/vision_based_sorting_ws/install/interbotix_xs_msgs/lib:${LD_LIBRARY_PATH} PYTHONPATH=/home/nishit/vision_based_sorting_ws/install/interbotix_xs_msgs/local/lib/python3.10/dist-packages:${PYTHONPATH} /usr/bin/cmake --build /home/nishit/vision_based_sorting_ws/build/interbotix_xs_ros_control -- -j16 -l16
[0.049s] [35m[1mConsolidate compiler generated dependencies of target gmock_main[0m
[0.049s] [35m[1mConsolidate compiler generated dependencies of target gmock[0m
[0.049s] [35m[1mConsolidate compiler generated dependencies of target interbotix_xs_ros_control[0m
[0.062s] [ 55%] Built target gmock_main
[0.062s] [ 55%] Built target gmock
[0.062s] [ 77%] Built target interbotix_xs_ros_control
[0.072s] [35m[1mConsolidate compiler generated dependencies of target test_load_xs_hardware_interface[0m
[0.092s] [100%] Built target test_load_xs_hardware_interface
[0.122s] Invoked command in '/home/nishit/vision_based_sorting_ws/build/interbotix_xs_ros_control' returned '0': AMENT_PREFIX_PATH=/home/nishit/vision_based_sorting_ws/install/interbotix_xs_msgs:${AMENT_PREFIX_PATH} CMAKE_PREFIX_PATH=/home/nishit/vision_based_sorting_ws/install/interbotix_xs_msgs:/opt/ros/humble LD_LIBRARY_PATH=/home/nishit/vision_based_sorting_ws/install/interbotix_xs_msgs/lib:${LD_LIBRARY_PATH} PYTHONPATH=/home/nishit/vision_based_sorting_ws/install/interbotix_xs_msgs/local/lib/python3.10/dist-packages:${PYTHONPATH} /usr/bin/cmake --build /home/nishit/vision_based_sorting_ws/build/interbotix_xs_ros_control -- -j16 -l16
[0.123s] Invoking command in '/home/nishit/vision_based_sorting_ws/build/interbotix_xs_ros_control': AMENT_PREFIX_PATH=/home/nishit/vision_based_sorting_ws/install/interbotix_xs_msgs:${AMENT_PREFIX_PATH} CMAKE_PREFIX_PATH=/home/nishit/vision_based_sorting_ws/install/interbotix_xs_msgs:/opt/ros/humble LD_LIBRARY_PATH=/home/nishit/vision_based_sorting_ws/install/interbotix_xs_msgs/lib:${LD_LIBRARY_PATH} PYTHONPATH=/home/nishit/vision_based_sorting_ws/install/interbotix_xs_msgs/local/lib/python3.10/dist-packages:${PYTHONPATH} /usr/bin/cmake --install /home/nishit/vision_based_sorting_ws/build/interbotix_xs_ros_control
[0.131s] -- Install configuration: ""
[0.132s] -- Execute custom install script
[0.132s] -- Up-to-date symlink: /home/nishit/vision_based_sorting_ws/install/interbotix_xs_ros_control/share/interbotix_xs_ros_control//interbotix_xs_ros_control.xml
[0.132s] -- Up-to-date symlink: /home/nishit/vision_based_sorting_ws/install/interbotix_xs_ros_control/include/interbotix_xs_ros_control/xs_hardware_interface.hpp
[0.132s] -- Up-to-date symlink: /home/nishit/vision_based_sorting_ws/install/interbotix_xs_ros_control/share/interbotix_xs_ros_control/environment/library_path.sh
[0.132s] -- Up-to-date symlink: /home/nishit/vision_based_sorting_ws/install/interbotix_xs_ros_control/share/interbotix_xs_ros_control/environment/library_path.dsv
[0.132s] -- Up-to-date symlink: /home/nishit/vision_based_sorting_ws/install/interbotix_xs_ros_control/share/ament_index/resource_index/package_run_dependencies/interbotix_xs_ros_control
[0.132s] -- Up-to-date symlink: /home/nishit/vision_based_sorting_ws/install/interbotix_xs_ros_control/share/ament_index/resource_index/parent_prefix_path/interbotix_xs_ros_control
[0.133s] -- Up-to-date symlink: /home/nishit/vision_based_sorting_ws/install/interbotix_xs_ros_control/share/interbotix_xs_ros_control/environment/ament_prefix_path.sh
[0.133s] -- Up-to-date symlink: /home/nishit/vision_based_sorting_ws/install/interbotix_xs_ros_control/share/interbotix_xs_ros_control/environment/ament_prefix_path.dsv
[0.133s] -- Up-to-date symlink: /home/nishit/vision_based_sorting_ws/install/interbotix_xs_ros_control/share/interbotix_xs_ros_control/environment/path.sh
[0.133s] -- Up-to-date symlink: /home/nishit/vision_based_sorting_ws/install/interbotix_xs_ros_control/share/interbotix_xs_ros_control/environment/path.dsv
[0.133s] -- Up-to-date symlink: /home/nishit/vision_based_sorting_ws/install/interbotix_xs_ros_control/share/interbotix_xs_ros_control/local_setup.bash
[0.133s] -- Up-to-date symlink: /home/nishit/vision_based_sorting_ws/install/interbotix_xs_ros_control/share/interbotix_xs_ros_control/local_setup.sh
[0.133s] -- Up-to-date symlink: /home/nishit/vision_based_sorting_ws/install/interbotix_xs_ros_control/share/interbotix_xs_ros_control/local_setup.zsh
[0.133s] -- Up-to-date symlink: /home/nishit/vision_based_sorting_ws/install/interbotix_xs_ros_control/share/interbotix_xs_ros_control/local_setup.dsv
[0.133s] -- Symlinking: /home/nishit/vision_based_sorting_ws/install/interbotix_xs_ros_control/share/interbotix_xs_ros_control/package.dsv
[0.143s] -- Up-to-date symlink: /home/nishit/vision_based_sorting_ws/install/interbotix_xs_ros_control/share/ament_index/resource_index/packages/interbotix_xs_ros_control
[0.143s] -- Up-to-date symlink: /home/nishit/vision_based_sorting_ws/install/interbotix_xs_ros_control/share/ament_index/resource_index/hardware_interface__pluginlib__plugin/interbotix_xs_ros_control
[0.143s] -- Up-to-date symlink: /home/nishit/vision_based_sorting_ws/install/interbotix_xs_ros_control/share/interbotix_xs_ros_control/cmake/ament_cmake_export_include_directories-extras.cmake
[0.143s] -- Up-to-date symlink: /home/nishit/vision_based_sorting_ws/install/interbotix_xs_ros_control/share/interbotix_xs_ros_control/cmake/ament_cmake_export_libraries-extras.cmake
[0.143s] -- Up-to-date symlink: /home/nishit/vision_based_sorting_ws/install/interbotix_xs_ros_control/share/interbotix_xs_ros_control/cmake/ament_cmake_export_targets-extras.cmake
[0.143s] -- Up-to-date symlink: /home/nishit/vision_based_sorting_ws/install/interbotix_xs_ros_control/share/interbotix_xs_ros_control/cmake/ament_cmake_export_dependencies-extras.cmake
[0.143s] -- Up-to-date symlink: /home/nishit/vision_based_sorting_ws/install/interbotix_xs_ros_control/share/interbotix_xs_ros_control/cmake/interbotix_xs_ros_controlConfig.cmake
[0.143s] -- Up-to-date symlink: /home/nishit/vision_based_sorting_ws/install/interbotix_xs_ros_control/share/interbotix_xs_ros_control/cmake/interbotix_xs_ros_controlConfig-version.cmake
[0.143s] -- Up-to-date symlink: /home/nishit/vision_based_sorting_ws/install/interbotix_xs_ros_control/share/interbotix_xs_ros_control/package.xml
[0.143s] -- Up-to-date: /home/nishit/vision_based_sorting_ws/install/interbotix_xs_ros_control/lib/libinterbotix_xs_ros_control.so
[0.144s] -- Up-to-date: /home/nishit/vision_based_sorting_ws/install/interbotix_xs_ros_control/share/interbotix_xs_ros_control/cmake/export_interbotix_xs_ros_controlExport.cmake
[0.144s] -- Up-to-date: /home/nishit/vision_based_sorting_ws/install/interbotix_xs_ros_control/share/interbotix_xs_ros_control/cmake/export_interbotix_xs_ros_controlExport-noconfig.cmake
[0.147s] Invoked command in '/home/nishit/vision_based_sorting_ws/build/interbotix_xs_ros_control' returned '0': AMENT_PREFIX_PATH=/home/nishit/vision_based_sorting_ws/install/interbotix_xs_msgs:${AMENT_PREFIX_PATH} CMAKE_PREFIX_PATH=/home/nishit/vision_based_sorting_ws/install/interbotix_xs_msgs:/opt/ros/humble LD_LIBRARY_PATH=/home/nishit/vision_based_sorting_ws/install/interbotix_xs_msgs/lib:${LD_LIBRARY_PATH} PYTHONPATH=/home/nishit/vision_based_sorting_ws/install/interbotix_xs_msgs/local/lib/python3.10/dist-packages:${PYTHONPATH} /usr/bin/cmake --install /home/nishit/vision_based_sorting_ws/build/interbotix_xs_ros_control
