[0.748s] Invoking command in '/home/nishit/vision_based_sorting_ws/build/interbotix_common_modules': PYTHONPATH=/home/nishit/vision_based_sorting_ws/build/interbotix_common_modules/prefix_override:/usr/lib/python3/dist-packages/colcon_core/task/python/colcon_distutils_commands:/home/nishit/vision_based_sorting_ws/install/interbotix_common_modules/lib/python3.10/site-packages:${PYTHONPATH} /usr/bin/python3 -W ignore:setup.py install is deprecated -W ignore:easy_install command is deprecated setup.py develop --editable --build-directory /home/nishit/vision_based_sorting_ws/build/interbotix_common_modules/build --no-deps symlink_data
[0.953s] running develop
[1.063s] running egg_info
[1.063s] creating interbotix_common_modules.egg-info
[1.063s] writing interbotix_common_modules.egg-info/PKG-INFO
[1.063s] writing dependency_links to interbotix_common_modules.egg-info/dependency_links.txt
[1.063s] writing entry points to interbotix_common_modules.egg-info/entry_points.txt
[1.064s] writing requirements to interbotix_common_modules.egg-info/requires.txt
[1.064s] writing top-level names to interbotix_common_modules.egg-info/top_level.txt
[1.064s] writing manifest file 'interbotix_common_modules.egg-info/SOURCES.txt'
[1.067s] reading manifest file 'interbotix_common_modules.egg-info/SOURCES.txt'
[1.068s] writing manifest file 'interbotix_common_modules.egg-info/SOURCES.txt'
[1.069s] running build_ext
[1.069s] Creating /home/nishit/vision_based_sorting_ws/install/interbotix_common_modules/lib/python3.10/site-packages/interbotix-common-modules.egg-link (link to .)
[1.070s] 
[1.070s] Installed /home/nishit/vision_based_sorting_ws/build/interbotix_common_modules
[1.070s] running symlink_data
[1.070s] creating /home/nishit/vision_based_sorting_ws/install/interbotix_common_modules/share/ament_index
[1.070s] creating /home/nishit/vision_based_sorting_ws/install/interbotix_common_modules/share/ament_index/resource_index
[1.070s] creating /home/nishit/vision_based_sorting_ws/install/interbotix_common_modules/share/ament_index/resource_index/packages
[1.070s] symbolically linking /home/nishit/vision_based_sorting_ws/build/interbotix_common_modules/resource/interbotix_common_modules -> /home/nishit/vision_based_sorting_ws/install/interbotix_common_modules/share/ament_index/resource_index/packages
[1.070s] symbolically linking /home/nishit/vision_based_sorting_ws/build/interbotix_common_modules/package.xml -> /home/nishit/vision_based_sorting_ws/install/interbotix_common_modules/share/interbotix_common_modules
[1.160s] Invoked command in '/home/nishit/vision_based_sorting_ws/build/interbotix_common_modules' returned '0': PYTHONPATH=/home/nishit/vision_based_sorting_ws/build/interbotix_common_modules/prefix_override:/usr/lib/python3/dist-packages/colcon_core/task/python/colcon_distutils_commands:/home/nishit/vision_based_sorting_ws/install/interbotix_common_modules/lib/python3.10/site-packages:${PYTHONPATH} /usr/bin/python3 -W ignore:setup.py install is deprecated -W ignore:easy_install command is deprecated setup.py develop --editable --build-directory /home/nishit/vision_based_sorting_ws/build/interbotix_common_modules/build --no-deps symlink_data
