[0.010s] Invoking command in '/home/nishit/vision_based_sorting_ws/src/build/interbotix_gravity_compensation': AMENT_PREFIX_PATH=/home/nishit/vision_based_sorting_ws/src/install/interbotix_xs_msgs:${AMENT_PREFIX_PATH} CMAKE_PREFIX_PATH=/home/nishit/vision_based_sorting_ws/src/install/interbotix_xs_msgs:/opt/ros/humble LD_LIBRARY_PATH=/home/nishit/vision_based_sorting_ws/src/install/interbotix_xs_msgs/lib:${LD_LIBRARY_PATH} PYTHONPATH=/home/nishit/vision_based_sorting_ws/src/install/interbotix_xs_msgs/local/lib/python3.10/dist-packages:${PYTHONPATH} /usr/bin/cmake /home/nishit/vision_based_sorting_ws/src/rx200_ros2_stack/interbotix_ros_toolboxes/interbotix_common_toolbox/interbotix_gravity_compensation -DAMENT_CMAKE_SYMLINK_INSTALL=1 -DCMAKE_INSTALL_PREFIX=/home/nishit/vision_based_sorting_ws/src/install/interbotix_gravity_compensation
[0.054s] -- The C compiler identification is GNU 11.4.0
[0.097s] -- The CXX compiler identification is GNU 11.4.0
[0.105s] -- Detecting C compiler ABI info
[0.169s] -- Detecting C compiler ABI info - done
[0.172s] -- Check for working C compiler: /usr/bin/cc - skipped
[0.172s] -- Detecting C compile features
[0.173s] -- Detecting C compile features - done
[0.175s] -- Detecting CXX compiler ABI info
[0.241s] -- Detecting CXX compiler ABI info - done
[0.249s] -- Check for working CXX compiler: /usr/bin/c++ - skipped
[0.249s] -- Detecting CXX compile features
[0.250s] -- Detecting CXX compile features - done
[0.253s] -- Found ament_cmake: 1.3.11 (/opt/ros/humble/share/ament_cmake/cmake)
[0.358s] -- Found Python3: /usr/bin/python3 (found version "3.10.12") found components: Interpreter 
[0.401s] -- Override CMake install command with custom implementation using symlinks instead of copying resources
[0.445s] -- Found interbotix_xs_msgs: 0.0.0 (/home/nishit/vision_based_sorting_ws/src/install/interbotix_xs_msgs/share/interbotix_xs_msgs/cmake)
[0.473s] -- Found rosidl_generator_c: 3.1.6 (/opt/ros/humble/share/rosidl_generator_c/cmake)
[0.476s] -- Found rosidl_adapter: 3.1.6 (/opt/ros/humble/share/rosidl_adapter/cmake)
[0.481s] -- Found rosidl_generator_cpp: 3.1.6 (/opt/ros/humble/share/rosidl_generator_cpp/cmake)
[0.488s] -- Using all available rosidl_typesupport_c: rosidl_typesupport_fastrtps_c;rosidl_typesupport_introspection_c
[0.498s] -- Using all available rosidl_typesupport_cpp: rosidl_typesupport_fastrtps_cpp;rosidl_typesupport_introspection_cpp
[0.539s] -- Found kdl_parser: 2.6.4 (/opt/ros/humble/share/kdl_parser/cmake)
[0.550s] -- Found eigen3_cmake_module: 0.1.1 (/opt/ros/humble/share/eigen3_cmake_module/cmake)
[0.551s] -- Found Eigen3: TRUE (found version "3.4.0") 
[0.551s] -- Ensuring Eigen3 include directory is part of orocos-kdl CMake target
[0.553s] -- Found rclcpp: 16.0.12 (/opt/ros/humble/share/rclcpp/cmake)
[0.577s] -- Found rmw_implementation_cmake: 6.1.2 (/opt/ros/humble/share/rmw_implementation_cmake/cmake)
[0.579s] -- Found rmw_fastrtps_cpp: 6.2.7 (/opt/ros/humble/share/rmw_fastrtps_cpp/cmake)
[0.651s] -- Found OpenSSL: /usr/lib/x86_64-linux-gnu/libcrypto.so (found version "3.0.2")  
[0.674s] -- Found FastRTPS: /opt/ros/humble/include  
[0.707s] -- Using RMW implementation 'rmw_fastrtps_cpp' as default
[0.712s] -- Looking for pthread.h
[0.781s] -- Looking for pthread.h - found
[0.781s] -- Performing Test CMAKE_HAVE_LIBC_PTHREAD
[0.847s] -- Performing Test CMAKE_HAVE_LIBC_PTHREAD - Success
[0.850s] -- Found Threads: TRUE  
[0.874s] -- Found sensor_msgs: 4.8.0 (/opt/ros/humble/share/sensor_msgs/cmake)
[0.885s] -- Found std_srvs: 4.8.0 (/opt/ros/humble/share/std_srvs/cmake)
[0.891s] -- Found yaml_cpp_vendor: 8.0.2 (/opt/ros/humble/share/yaml_cpp_vendor/cmake)
[0.895s] -- Found ament_lint_auto: 0.12.12 (/opt/ros/humble/share/ament_lint_auto/cmake)
[0.953s] -- Added test 'copyright' to check source files copyright and LICENSE
[0.953s] -- Added test 'cppcheck' to perform static code analysis on C / C++ code
[0.953s] -- Configured cppcheck include dirs: /home/nishit/vision_based_sorting_ws/src/rx200_ros2_stack/interbotix_ros_toolboxes/interbotix_common_toolbox/interbotix_gravity_compensation/include
[0.954s] -- Configured cppcheck exclude dirs and/or files: 
[0.954s] -- Added test 'cpplint' to check C / C++ code against the Google style
[0.954s] -- Configured cpplint exclude dirs and/or files: 
[0.955s] -- Added test 'lint_cmake' to check CMake code style
[0.955s] -- Added test 'uncrustify' to check C / C++ code style
[0.956s] -- Configured uncrustify additional arguments: 
[0.956s] -- Added test 'xmllint' to check XML markup files
[0.957s] -- Configuring done
[0.966s] -- Generating done
[0.969s] -- Build files have been written to: /home/nishit/vision_based_sorting_ws/src/build/interbotix_gravity_compensation
[0.989s] Invoked command in '/home/nishit/vision_based_sorting_ws/src/build/interbotix_gravity_compensation' returned '0': AMENT_PREFIX_PATH=/home/nishit/vision_based_sorting_ws/src/install/interbotix_xs_msgs:${AMENT_PREFIX_PATH} CMAKE_PREFIX_PATH=/home/nishit/vision_based_sorting_ws/src/install/interbotix_xs_msgs:/opt/ros/humble LD_LIBRARY_PATH=/home/nishit/vision_based_sorting_ws/src/install/interbotix_xs_msgs/lib:${LD_LIBRARY_PATH} PYTHONPATH=/home/nishit/vision_based_sorting_ws/src/install/interbotix_xs_msgs/local/lib/python3.10/dist-packages:${PYTHONPATH} /usr/bin/cmake /home/nishit/vision_based_sorting_ws/src/rx200_ros2_stack/interbotix_ros_toolboxes/interbotix_common_toolbox/interbotix_gravity_compensation -DAMENT_CMAKE_SYMLINK_INSTALL=1 -DCMAKE_INSTALL_PREFIX=/home/nishit/vision_based_sorting_ws/src/install/interbotix_gravity_compensation
[0.990s] Invoking command in '/home/nishit/vision_based_sorting_ws/src/build/interbotix_gravity_compensation': AMENT_PREFIX_PATH=/home/nishit/vision_based_sorting_ws/src/install/interbotix_xs_msgs:${AMENT_PREFIX_PATH} CMAKE_PREFIX_PATH=/home/nishit/vision_based_sorting_ws/src/install/interbotix_xs_msgs:/opt/ros/humble LD_LIBRARY_PATH=/home/nishit/vision_based_sorting_ws/src/install/interbotix_xs_msgs/lib:${LD_LIBRARY_PATH} PYTHONPATH=/home/nishit/vision_based_sorting_ws/src/install/interbotix_xs_msgs/local/lib/python3.10/dist-packages:${PYTHONPATH} /usr/bin/cmake --build /home/nishit/vision_based_sorting_ws/src/build/interbotix_gravity_compensation -- -j16 -l16
[1.036s] [ 66%] [32mBuilding CXX object CMakeFiles/interbotix_gravity_compensation.dir/src/interbotix_gravity_compensation_node.cpp.o[0m
[1.036s] [ 66%] [32mBuilding CXX object CMakeFiles/interbotix_gravity_compensation.dir/src/interbotix_gravity_compensation.cpp.o[0m
[9.978s] [100%] [32m[1mLinking CXX executable interbotix_gravity_compensation[0m
[10.328s] [100%] Built target interbotix_gravity_compensation
[10.336s] Invoked command in '/home/nishit/vision_based_sorting_ws/src/build/interbotix_gravity_compensation' returned '0': AMENT_PREFIX_PATH=/home/nishit/vision_based_sorting_ws/src/install/interbotix_xs_msgs:${AMENT_PREFIX_PATH} CMAKE_PREFIX_PATH=/home/nishit/vision_based_sorting_ws/src/install/interbotix_xs_msgs:/opt/ros/humble LD_LIBRARY_PATH=/home/nishit/vision_based_sorting_ws/src/install/interbotix_xs_msgs/lib:${LD_LIBRARY_PATH} PYTHONPATH=/home/nishit/vision_based_sorting_ws/src/install/interbotix_xs_msgs/local/lib/python3.10/dist-packages:${PYTHONPATH} /usr/bin/cmake --build /home/nishit/vision_based_sorting_ws/src/build/interbotix_gravity_compensation -- -j16 -l16
[10.338s] Invoking command in '/home/nishit/vision_based_sorting_ws/src/build/interbotix_gravity_compensation': AMENT_PREFIX_PATH=/home/nishit/vision_based_sorting_ws/src/install/interbotix_xs_msgs:${AMENT_PREFIX_PATH} CMAKE_PREFIX_PATH=/home/nishit/vision_based_sorting_ws/src/install/interbotix_xs_msgs:/opt/ros/humble LD_LIBRARY_PATH=/home/nishit/vision_based_sorting_ws/src/install/interbotix_xs_msgs/lib:${LD_LIBRARY_PATH} PYTHONPATH=/home/nishit/vision_based_sorting_ws/src/install/interbotix_xs_msgs/local/lib/python3.10/dist-packages:${PYTHONPATH} /usr/bin/cmake --install /home/nishit/vision_based_sorting_ws/src/build/interbotix_gravity_compensation
[10.343s] -- Install configuration: ""
[10.344s] -- Execute custom install script
[10.344s] -- Symlinking: /home/nishit/vision_based_sorting_ws/src/install/interbotix_gravity_compensation/lib/interbotix_gravity_compensation/interbotix_gravity_compensation
[10.352s] -- Symlinking: /home/nishit/vision_based_sorting_ws/src/install/interbotix_gravity_compensation/share/interbotix_gravity_compensation/config/motor_specs_example.yaml
[10.359s] -- Symlinking: /home/nishit/vision_based_sorting_ws/src/install/interbotix_gravity_compensation/share/ament_index/resource_index/package_run_dependencies/interbotix_gravity_compensation
[10.365s] -- Symlinking: /home/nishit/vision_based_sorting_ws/src/install/interbotix_gravity_compensation/share/ament_index/resource_index/parent_prefix_path/interbotix_gravity_compensation
[10.371s] -- Symlinking: /home/nishit/vision_based_sorting_ws/src/install/interbotix_gravity_compensation/share/interbotix_gravity_compensation/environment/ament_prefix_path.sh
[10.381s] -- Symlinking: /home/nishit/vision_based_sorting_ws/src/install/interbotix_gravity_compensation/share/interbotix_gravity_compensation/environment/ament_prefix_path.dsv
[10.388s] -- Symlinking: /home/nishit/vision_based_sorting_ws/src/install/interbotix_gravity_compensation/share/interbotix_gravity_compensation/environment/path.sh
[10.394s] -- Symlinking: /home/nishit/vision_based_sorting_ws/src/install/interbotix_gravity_compensation/share/interbotix_gravity_compensation/environment/path.dsv
[10.402s] -- Symlinking: /home/nishit/vision_based_sorting_ws/src/install/interbotix_gravity_compensation/share/interbotix_gravity_compensation/local_setup.bash
[10.409s] -- Symlinking: /home/nishit/vision_based_sorting_ws/src/install/interbotix_gravity_compensation/share/interbotix_gravity_compensation/local_setup.sh
[10.416s] -- Symlinking: /home/nishit/vision_based_sorting_ws/src/install/interbotix_gravity_compensation/share/interbotix_gravity_compensation/local_setup.zsh
[10.423s] -- Symlinking: /home/nishit/vision_based_sorting_ws/src/install/interbotix_gravity_compensation/share/interbotix_gravity_compensation/local_setup.dsv
[10.430s] -- Symlinking: /home/nishit/vision_based_sorting_ws/src/install/interbotix_gravity_compensation/share/interbotix_gravity_compensation/package.dsv
[10.437s] -- Symlinking: /home/nishit/vision_based_sorting_ws/src/install/interbotix_gravity_compensation/share/ament_index/resource_index/packages/interbotix_gravity_compensation
[10.444s] -- Symlinking: /home/nishit/vision_based_sorting_ws/src/install/interbotix_gravity_compensation/share/interbotix_gravity_compensation/cmake/interbotix_gravity_compensationConfig.cmake
[10.450s] -- Symlinking: /home/nishit/vision_based_sorting_ws/src/install/interbotix_gravity_compensation/share/interbotix_gravity_compensation/cmake/interbotix_gravity_compensationConfig-version.cmake
[10.456s] -- Symlinking: /home/nishit/vision_based_sorting_ws/src/install/interbotix_gravity_compensation/share/interbotix_gravity_compensation/package.xml
[10.464s] Invoked command in '/home/nishit/vision_based_sorting_ws/src/build/interbotix_gravity_compensation' returned '0': AMENT_PREFIX_PATH=/home/nishit/vision_based_sorting_ws/src/install/interbotix_xs_msgs:${AMENT_PREFIX_PATH} CMAKE_PREFIX_PATH=/home/nishit/vision_based_sorting_ws/src/install/interbotix_xs_msgs:/opt/ros/humble LD_LIBRARY_PATH=/home/nishit/vision_based_sorting_ws/src/install/interbotix_xs_msgs/lib:${LD_LIBRARY_PATH} PYTHONPATH=/home/nishit/vision_based_sorting_ws/src/install/interbotix_xs_msgs/local/lib/python3.10/dist-packages:${PYTHONPATH} /usr/bin/cmake --install /home/nishit/vision_based_sorting_ws/src/build/interbotix_gravity_compensation
