[0.020s] Invoking command in '/home/nishit/vision_based_sorting_ws/build/interbotix_xs_driver': CMAKE_PREFIX_PATH=/opt/ros/humble /usr/bin/cmake /home/nishit/vision_based_sorting_ws/src/rx200_ros2_stack/interbotix_xs_driver -DAMENT_CMAKE_SYMLINK_INSTALL=1 -DCMAKE_INSTALL_PREFIX=/home/nishit/vision_based_sorting_ws/install/interbotix_xs_driver
[0.196s] -- The CXX compiler identification is GNU 11.4.0
[0.196s] -- Detecting CXX compiler ABI info
[0.208s] -- Detecting CXX compiler ABI info - done
[0.212s] -- Check for working CXX compiler: /usr/bin/c++ - skipped
[0.212s] -- Detecting CXX compile features
[0.213s] -- Detecting CXX compile features - done
[0.215s] -- Found dynamixel_workbench_toolbox: 2.2.4 (/opt/ros/humble/share/dynamixel_workbench_toolbox/cmake)
[0.335s] -- Found Python3: /usr/bin/python3 (found version "3.10.12") found components: Interpreter 
[0.392s] -- Override CMake install command with custom implementation using symlinks instead of copying resources
[0.473s] -- Found rosidl_generator_c: 3.1.6 (/opt/ros/humble/share/rosidl_generator_c/cmake)
[0.477s] -- Found rosidl_adapter: 3.1.6 (/opt/ros/humble/share/rosidl_adapter/cmake)
[0.485s] -- Found rosidl_generator_cpp: 3.1.6 (/opt/ros/humble/share/rosidl_generator_cpp/cmake)
[0.495s] -- Using all available rosidl_typesupport_c: rosidl_typesupport_fastrtps_c;rosidl_typesupport_introspection_c
[0.507s] -- Using all available rosidl_typesupport_cpp: rosidl_typesupport_fastrtps_cpp;rosidl_typesupport_introspection_cpp
[0.546s] -- Found rmw_implementation_cmake: 6.1.2 (/opt/ros/humble/share/rmw_implementation_cmake/cmake)
[0.548s] -- Found rmw_fastrtps_cpp: 6.2.7 (/opt/ros/humble/share/rmw_fastrtps_cpp/cmake)
[0.630s] -- Found OpenSSL: /usr/lib/x86_64-linux-gnu/libcrypto.so (found version "3.0.2")  
[0.659s] -- Found FastRTPS: /opt/ros/humble/include  
[0.695s] -- Using RMW implementation 'rmw_fastrtps_cpp' as default
[0.703s] -- Looking for C++ include pthread.h
[0.788s] -- Looking for C++ include pthread.h - found
[0.788s] -- Performing Test CMAKE_HAVE_LIBC_PTHREAD
[0.866s] -- Performing Test CMAKE_HAVE_LIBC_PTHREAD - Success
[0.866s] -- Found Threads: TRUE  
[0.910s] -- Found ament_lint_auto: 0.12.12 (/opt/ros/humble/share/ament_lint_auto/cmake)
[0.985s] -- Added test 'copyright' to check source files copyright and LICENSE
[0.991s] -- Added test 'cppcheck' to perform static code analysis on C / C++ code
[0.991s] -- Configured cppcheck include dirs: /home/nishit/vision_based_sorting_ws/src/rx200_ros2_stack/interbotix_xs_driver/include;$<BUILD_INTERFACE:/home/nishit/vision_based_sorting_ws/src/rx200_ros2_stack/interbotix_xs_driver/include>
[0.991s] -- Configured cppcheck exclude dirs and/or files: 
[0.994s] -- Added test 'cpplint' to check C / C++ code against the Google style
[0.994s] -- Configured cpplint exclude dirs and/or files: 
[0.995s] -- Added test 'lint_cmake' to check CMake code style
[0.998s] -- Added test 'uncrustify' to check C / C++ code style
[0.998s] -- Configured uncrustify additional arguments: 
[0.999s] -- Added test 'xmllint' to check XML markup files
[1.001s] -- Configuring done
[1.019s] -- Generating done
[1.021s] -- Build files have been written to: /home/nishit/vision_based_sorting_ws/build/interbotix_xs_driver
[1.048s] Invoked command in '/home/nishit/vision_based_sorting_ws/build/interbotix_xs_driver' returned '0': CMAKE_PREFIX_PATH=/opt/ros/humble /usr/bin/cmake /home/nishit/vision_based_sorting_ws/src/rx200_ros2_stack/interbotix_xs_driver -DAMENT_CMAKE_SYMLINK_INSTALL=1 -DCMAKE_INSTALL_PREFIX=/home/nishit/vision_based_sorting_ws/install/interbotix_xs_driver
[1.048s] Invoking command in '/home/nishit/vision_based_sorting_ws/build/interbotix_xs_driver': CMAKE_PREFIX_PATH=/opt/ros/humble /usr/bin/cmake --build /home/nishit/vision_based_sorting_ws/build/interbotix_xs_driver -- -j16 -l16
[1.104s] [ 66%] [32mBuilding CXX object CMakeFiles/interbotix_xs_driver.dir/src/xs_driver.cpp.o[0m
[1.104s] [ 66%] [32mBuilding CXX object CMakeFiles/interbotix_xs_driver.dir/src/xs_logging.cpp.o[0m
[2.977s] [100%] [32m[1mLinking CXX shared library libinterbotix_xs_driver.so[0m
[3.100s] [100%] Built target interbotix_xs_driver
[3.113s] Invoked command in '/home/nishit/vision_based_sorting_ws/build/interbotix_xs_driver' returned '0': CMAKE_PREFIX_PATH=/opt/ros/humble /usr/bin/cmake --build /home/nishit/vision_based_sorting_ws/build/interbotix_xs_driver -- -j16 -l16
[3.115s] Invoking command in '/home/nishit/vision_based_sorting_ws/build/interbotix_xs_driver': CMAKE_PREFIX_PATH=/opt/ros/humble /usr/bin/cmake --install /home/nishit/vision_based_sorting_ws/build/interbotix_xs_driver
[3.123s] -- Install configuration: ""
[3.123s] -- Execute custom install script
[3.123s] -- Symlinking: /home/nishit/vision_based_sorting_ws/install/interbotix_xs_driver/include/interbotix_xs_driver/version.hpp
[3.134s] -- Symlinking: /home/nishit/vision_based_sorting_ws/install/interbotix_xs_driver/include/interbotix_xs_driver/xs_common.hpp
[3.144s] -- Symlinking: /home/nishit/vision_based_sorting_ws/install/interbotix_xs_driver/include/interbotix_xs_driver/xs_driver.hpp
[3.152s] -- Symlinking: /home/nishit/vision_based_sorting_ws/install/interbotix_xs_driver/include/interbotix_xs_driver/xs_logging.hpp
[3.160s] -- Symlinking: /home/nishit/vision_based_sorting_ws/install/interbotix_xs_driver/share/interbotix_xs_driver/package.xml
[3.167s] -- Symlinking: /home/nishit/vision_based_sorting_ws/install/interbotix_xs_driver/share/ament_index/resource_index/package_run_dependencies/interbotix_xs_driver
[3.175s] -- Symlinking: /home/nishit/vision_based_sorting_ws/install/interbotix_xs_driver/share/ament_index/resource_index/parent_prefix_path/interbotix_xs_driver
[3.186s] -- Symlinking: /home/nishit/vision_based_sorting_ws/install/interbotix_xs_driver/share/interbotix_xs_driver/environment/ament_prefix_path.sh
[3.197s] -- Symlinking: /home/nishit/vision_based_sorting_ws/install/interbotix_xs_driver/share/interbotix_xs_driver/environment/ament_prefix_path.dsv
[3.209s] -- Symlinking: /home/nishit/vision_based_sorting_ws/install/interbotix_xs_driver/share/interbotix_xs_driver/environment/path.sh
[3.222s] -- Symlinking: /home/nishit/vision_based_sorting_ws/install/interbotix_xs_driver/share/interbotix_xs_driver/environment/path.dsv
[3.237s] -- Symlinking: /home/nishit/vision_based_sorting_ws/install/interbotix_xs_driver/share/interbotix_xs_driver/local_setup.bash
[3.251s] -- Symlinking: /home/nishit/vision_based_sorting_ws/install/interbotix_xs_driver/share/interbotix_xs_driver/local_setup.sh
[3.259s] -- Symlinking: /home/nishit/vision_based_sorting_ws/install/interbotix_xs_driver/share/interbotix_xs_driver/local_setup.zsh
[3.267s] -- Symlinking: /home/nishit/vision_based_sorting_ws/install/interbotix_xs_driver/share/interbotix_xs_driver/local_setup.dsv
[3.276s] -- Symlinking: /home/nishit/vision_based_sorting_ws/install/interbotix_xs_driver/share/interbotix_xs_driver/package.dsv
[3.284s] -- Symlinking: /home/nishit/vision_based_sorting_ws/install/interbotix_xs_driver/share/ament_index/resource_index/packages/interbotix_xs_driver
[3.292s] -- Symlinking: /home/nishit/vision_based_sorting_ws/install/interbotix_xs_driver/share/interbotix_xs_driver/cmake/ament_cmake_export_dependencies-extras.cmake
[3.299s] -- Symlinking: /home/nishit/vision_based_sorting_ws/install/interbotix_xs_driver/share/interbotix_xs_driver/cmake/ament_cmake_export_targets-extras.cmake
[3.307s] -- Symlinking: /home/nishit/vision_based_sorting_ws/install/interbotix_xs_driver/share/interbotix_xs_driver/cmake/interbotix_xs_driverConfig.cmake
[3.315s] -- Symlinking: /home/nishit/vision_based_sorting_ws/install/interbotix_xs_driver/share/interbotix_xs_driver/cmake/interbotix_xs_driverConfig-version.cmake
[3.323s] -- Up-to-date symlink: /home/nishit/vision_based_sorting_ws/install/interbotix_xs_driver/share/interbotix_xs_driver/package.xml
[3.323s] -- Installing: /home/nishit/vision_based_sorting_ws/install/interbotix_xs_driver/lib/libinterbotix_xs_driver.so
[3.325s] -- Set runtime path of "/home/nishit/vision_based_sorting_ws/install/interbotix_xs_driver/lib/libinterbotix_xs_driver.so" to ""
[3.325s] -- Installing: /home/nishit/vision_based_sorting_ws/install/interbotix_xs_driver/share/interbotix_xs_driver/cmake/export_interbotix_xs_driverExport.cmake
[3.325s] -- Installing: /home/nishit/vision_based_sorting_ws/install/interbotix_xs_driver/share/interbotix_xs_driver/cmake/export_interbotix_xs_driverExport-noconfig.cmake
[3.328s] Invoked command in '/home/nishit/vision_based_sorting_ws/build/interbotix_xs_driver' returned '0': CMAKE_PREFIX_PATH=/opt/ros/humble /usr/bin/cmake --install /home/nishit/vision_based_sorting_ws/build/interbotix_xs_driver
