[0.018s] Invoking command in '/home/nishit/vision_based_sorting_ws/build/interbotix_xsarm_dual': AMENT_PREFIX_PATH=/home/nishit/vision_based_sorting_ws/install/interbotix_xsarm_control:/home/nishit/vision_based_sorting_ws/install/interbotix_xsarm_descriptions:/home/nishit/vision_based_sorting_ws/install/interbotix_xs_modules:/home/nishit/vision_based_sorting_ws/install/interbotix_xs_sdk:/home/nishit/vision_based_sorting_ws/install/interbotix_xs_msgs:/home/nishit/vision_based_sorting_ws/install/interbotix_xs_driver:/home/nishit/vision_based_sorting_ws/install/interbotix_common_modules:${AMENT_PREFIX_PATH} CMAKE_PREFIX_PATH=/home/nishit/vision_based_sorting_ws/install/interbotix_xsarm_control:/home/nishit/vision_based_sorting_ws/install/interbotix_xsarm_descriptions:/home/nishit/vision_based_sorting_ws/install/interbotix_xs_sdk:/home/nishit/vision_based_sorting_ws/install/interbotix_xs_msgs:/home/nishit/vision_based_sorting_ws/install/interbotix_xs_driver:/opt/ros/humble LD_LIBRARY_PATH=/home/nishit/vision_based_sorting_ws/install/interbotix_xs_msgs/lib:/home/nishit/vision_based_sorting_ws/install/interbotix_xs_driver/lib:${LD_LIBRARY_PATH} PYTHONPATH=/home/nishit/vision_based_sorting_ws/build/interbotix_xs_modules:/home/nishit/vision_based_sorting_ws/install/interbotix_xs_modules/lib/python3.10/site-packages:/home/nishit/vision_based_sorting_ws/install/interbotix_xs_msgs/local/lib/python3.10/dist-packages:/home/nishit/vision_based_sorting_ws/build/interbotix_common_modules:/home/nishit/vision_based_sorting_ws/install/interbotix_common_modules/lib/python3.10/site-packages:${PYTHONPATH} /usr/bin/cmake /home/nishit/vision_based_sorting_ws/src/rx200_ros2_stack/interbotix_ros_manipulators/interbotix_ros_xsarms/examples/interbotix_xsarm_dual -DAMENT_CMAKE_SYMLINK_INSTALL=1 -DCMAKE_INSTALL_PREFIX=/home/nishit/vision_based_sorting_ws/install/interbotix_xsarm_dual
[0.062s] -- The C compiler identification is GNU 11.4.0
[0.110s] -- The CXX compiler identification is GNU 11.4.0
[0.115s] -- Detecting C compiler ABI info
[0.176s] -- Detecting C compiler ABI info - done
[0.181s] -- Check for working C compiler: /usr/bin/cc - skipped
[0.181s] -- Detecting C compile features
[0.181s] -- Detecting C compile features - done
[0.183s] -- Detecting CXX compiler ABI info
[0.255s] -- Detecting CXX compiler ABI info - done
[0.260s] -- Check for working CXX compiler: /usr/bin/c++ - skipped
[0.261s] -- Detecting CXX compile features
[0.261s] -- Detecting CXX compile features - done
[0.263s] -- Found ament_cmake: 1.3.11 (/opt/ros/humble/share/ament_cmake/cmake)
[0.385s] -- Found Python3: /usr/bin/python3 (found version "3.10.12") found components: Interpreter 
[0.441s] -- Override CMake install command with custom implementation using symlinks instead of copying resources
[0.467s] -- Found ament_lint_auto: 0.12.12 (/opt/ros/humble/share/ament_lint_auto/cmake)
[0.538s] -- Added test 'copyright' to check source files copyright and LICENSE
[0.541s] -- Added test 'flake8' to check Python code syntax and style conventions
[0.542s] -- Added test 'lint_cmake' to check CMake code style
[0.543s] -- Added test 'pep257' to check Python code against some of the docstring style conventions in PEP 257
[0.544s] -- Added test 'xmllint' to check XML markup files
[0.545s] -- Configuring done
[0.548s] -- Generating done
[0.550s] -- Build files have been written to: /home/nishit/vision_based_sorting_ws/build/interbotix_xsarm_dual
[0.561s] Invoked command in '/home/nishit/vision_based_sorting_ws/build/interbotix_xsarm_dual' returned '0': AMENT_PREFIX_PATH=/home/nishit/vision_based_sorting_ws/install/interbotix_xsarm_control:/home/nishit/vision_based_sorting_ws/install/interbotix_xsarm_descriptions:/home/nishit/vision_based_sorting_ws/install/interbotix_xs_modules:/home/nishit/vision_based_sorting_ws/install/interbotix_xs_sdk:/home/nishit/vision_based_sorting_ws/install/interbotix_xs_msgs:/home/nishit/vision_based_sorting_ws/install/interbotix_xs_driver:/home/nishit/vision_based_sorting_ws/install/interbotix_common_modules:${AMENT_PREFIX_PATH} CMAKE_PREFIX_PATH=/home/nishit/vision_based_sorting_ws/install/interbotix_xsarm_control:/home/nishit/vision_based_sorting_ws/install/interbotix_xsarm_descriptions:/home/nishit/vision_based_sorting_ws/install/interbotix_xs_sdk:/home/nishit/vision_based_sorting_ws/install/interbotix_xs_msgs:/home/nishit/vision_based_sorting_ws/install/interbotix_xs_driver:/opt/ros/humble LD_LIBRARY_PATH=/home/nishit/vision_based_sorting_ws/install/interbotix_xs_msgs/lib:/home/nishit/vision_based_sorting_ws/install/interbotix_xs_driver/lib:${LD_LIBRARY_PATH} PYTHONPATH=/home/nishit/vision_based_sorting_ws/build/interbotix_xs_modules:/home/nishit/vision_based_sorting_ws/install/interbotix_xs_modules/lib/python3.10/site-packages:/home/nishit/vision_based_sorting_ws/install/interbotix_xs_msgs/local/lib/python3.10/dist-packages:/home/nishit/vision_based_sorting_ws/build/interbotix_common_modules:/home/nishit/vision_based_sorting_ws/install/interbotix_common_modules/lib/python3.10/site-packages:${PYTHONPATH} /usr/bin/cmake /home/nishit/vision_based_sorting_ws/src/rx200_ros2_stack/interbotix_ros_manipulators/interbotix_ros_xsarms/examples/interbotix_xsarm_dual -DAMENT_CMAKE_SYMLINK_INSTALL=1 -DCMAKE_INSTALL_PREFIX=/home/nishit/vision_based_sorting_ws/install/interbotix_xsarm_dual
[0.563s] Invoking command in '/home/nishit/vision_based_sorting_ws/build/interbotix_xsarm_dual': AMENT_PREFIX_PATH=/home/nishit/vision_based_sorting_ws/install/interbotix_xsarm_control:/home/nishit/vision_based_sorting_ws/install/interbotix_xsarm_descriptions:/home/nishit/vision_based_sorting_ws/install/interbotix_xs_modules:/home/nishit/vision_based_sorting_ws/install/interbotix_xs_sdk:/home/nishit/vision_based_sorting_ws/install/interbotix_xs_msgs:/home/nishit/vision_based_sorting_ws/install/interbotix_xs_driver:/home/nishit/vision_based_sorting_ws/install/interbotix_common_modules:${AMENT_PREFIX_PATH} CMAKE_PREFIX_PATH=/home/nishit/vision_based_sorting_ws/install/interbotix_xsarm_control:/home/nishit/vision_based_sorting_ws/install/interbotix_xsarm_descriptions:/home/nishit/vision_based_sorting_ws/install/interbotix_xs_sdk:/home/nishit/vision_based_sorting_ws/install/interbotix_xs_msgs:/home/nishit/vision_based_sorting_ws/install/interbotix_xs_driver:/opt/ros/humble LD_LIBRARY_PATH=/home/nishit/vision_based_sorting_ws/install/interbotix_xs_msgs/lib:/home/nishit/vision_based_sorting_ws/install/interbotix_xs_driver/lib:${LD_LIBRARY_PATH} PYTHONPATH=/home/nishit/vision_based_sorting_ws/build/interbotix_xs_modules:/home/nishit/vision_based_sorting_ws/install/interbotix_xs_modules/lib/python3.10/site-packages:/home/nishit/vision_based_sorting_ws/install/interbotix_xs_msgs/local/lib/python3.10/dist-packages:/home/nishit/vision_based_sorting_ws/build/interbotix_common_modules:/home/nishit/vision_based_sorting_ws/install/interbotix_common_modules/lib/python3.10/site-packages:${PYTHONPATH} /usr/bin/cmake --build /home/nishit/vision_based_sorting_ws/build/interbotix_xsarm_dual -- -j16 -l16
[0.592s] Invoked command in '/home/nishit/vision_based_sorting_ws/build/interbotix_xsarm_dual' returned '0': AMENT_PREFIX_PATH=/home/nishit/vision_based_sorting_ws/install/interbotix_xsarm_control:/home/nishit/vision_based_sorting_ws/install/interbotix_xsarm_descriptions:/home/nishit/vision_based_sorting_ws/install/interbotix_xs_modules:/home/nishit/vision_based_sorting_ws/install/interbotix_xs_sdk:/home/nishit/vision_based_sorting_ws/install/interbotix_xs_msgs:/home/nishit/vision_based_sorting_ws/install/interbotix_xs_driver:/home/nishit/vision_based_sorting_ws/install/interbotix_common_modules:${AMENT_PREFIX_PATH} CMAKE_PREFIX_PATH=/home/nishit/vision_based_sorting_ws/install/interbotix_xsarm_control:/home/nishit/vision_based_sorting_ws/install/interbotix_xsarm_descriptions:/home/nishit/vision_based_sorting_ws/install/interbotix_xs_sdk:/home/nishit/vision_based_sorting_ws/install/interbotix_xs_msgs:/home/nishit/vision_based_sorting_ws/install/interbotix_xs_driver:/opt/ros/humble LD_LIBRARY_PATH=/home/nishit/vision_based_sorting_ws/install/interbotix_xs_msgs/lib:/home/nishit/vision_based_sorting_ws/install/interbotix_xs_driver/lib:${LD_LIBRARY_PATH} PYTHONPATH=/home/nishit/vision_based_sorting_ws/build/interbotix_xs_modules:/home/nishit/vision_based_sorting_ws/install/interbotix_xs_modules/lib/python3.10/site-packages:/home/nishit/vision_based_sorting_ws/install/interbotix_xs_msgs/local/lib/python3.10/dist-packages:/home/nishit/vision_based_sorting_ws/build/interbotix_common_modules:/home/nishit/vision_based_sorting_ws/install/interbotix_common_modules/lib/python3.10/site-packages:${PYTHONPATH} /usr/bin/cmake --build /home/nishit/vision_based_sorting_ws/build/interbotix_xsarm_dual -- -j16 -l16
[0.593s] Invoking command in '/home/nishit/vision_based_sorting_ws/build/interbotix_xsarm_dual': AMENT_PREFIX_PATH=/home/nishit/vision_based_sorting_ws/install/interbotix_xsarm_control:/home/nishit/vision_based_sorting_ws/install/interbotix_xsarm_descriptions:/home/nishit/vision_based_sorting_ws/install/interbotix_xs_modules:/home/nishit/vision_based_sorting_ws/install/interbotix_xs_sdk:/home/nishit/vision_based_sorting_ws/install/interbotix_xs_msgs:/home/nishit/vision_based_sorting_ws/install/interbotix_xs_driver:/home/nishit/vision_based_sorting_ws/install/interbotix_common_modules:${AMENT_PREFIX_PATH} CMAKE_PREFIX_PATH=/home/nishit/vision_based_sorting_ws/install/interbotix_xsarm_control:/home/nishit/vision_based_sorting_ws/install/interbotix_xsarm_descriptions:/home/nishit/vision_based_sorting_ws/install/interbotix_xs_sdk:/home/nishit/vision_based_sorting_ws/install/interbotix_xs_msgs:/home/nishit/vision_based_sorting_ws/install/interbotix_xs_driver:/opt/ros/humble LD_LIBRARY_PATH=/home/nishit/vision_based_sorting_ws/install/interbotix_xs_msgs/lib:/home/nishit/vision_based_sorting_ws/install/interbotix_xs_driver/lib:${LD_LIBRARY_PATH} PYTHONPATH=/home/nishit/vision_based_sorting_ws/build/interbotix_xs_modules:/home/nishit/vision_based_sorting_ws/install/interbotix_xs_modules/lib/python3.10/site-packages:/home/nishit/vision_based_sorting_ws/install/interbotix_xs_msgs/local/lib/python3.10/dist-packages:/home/nishit/vision_based_sorting_ws/build/interbotix_common_modules:/home/nishit/vision_based_sorting_ws/install/interbotix_common_modules/lib/python3.10/site-packages:${PYTHONPATH} /usr/bin/cmake --install /home/nishit/vision_based_sorting_ws/build/interbotix_xsarm_dual
[0.597s] -- Install configuration: ""
[0.598s] -- Execute custom install script
[0.598s] -- Symlinking: /home/nishit/vision_based_sorting_ws/install/interbotix_xsarm_dual/lib/interbotix_xsarm_dual/xsarm_dual.py
[0.605s] -- Symlinking: /home/nishit/vision_based_sorting_ws/install/interbotix_xsarm_dual/share/interbotix_xsarm_dual//config/modes_1.yaml
[0.611s] -- Symlinking: /home/nishit/vision_based_sorting_ws/install/interbotix_xsarm_dual/share/interbotix_xsarm_dual//config/modes_2.yaml
[0.620s] -- Symlinking: /home/nishit/vision_based_sorting_ws/install/interbotix_xsarm_dual/share/interbotix_xsarm_dual//launch/xsarm_dual.launch.py
[0.628s] -- Symlinking: /home/nishit/vision_based_sorting_ws/install/interbotix_xsarm_dual/share/interbotix_xsarm_dual//rviz/xsarm_dual.rviz
[0.634s] -- Symlinking: /home/nishit/vision_based_sorting_ws/install/interbotix_xsarm_dual/share/ament_index/resource_index/package_run_dependencies/interbotix_xsarm_dual
[0.641s] -- Symlinking: /home/nishit/vision_based_sorting_ws/install/interbotix_xsarm_dual/share/ament_index/resource_index/parent_prefix_path/interbotix_xsarm_dual
[0.648s] -- Symlinking: /home/nishit/vision_based_sorting_ws/install/interbotix_xsarm_dual/share/interbotix_xsarm_dual/environment/ament_prefix_path.sh
[0.654s] -- Symlinking: /home/nishit/vision_based_sorting_ws/install/interbotix_xsarm_dual/share/interbotix_xsarm_dual/environment/ament_prefix_path.dsv
[0.661s] -- Symlinking: /home/nishit/vision_based_sorting_ws/install/interbotix_xsarm_dual/share/interbotix_xsarm_dual/environment/path.sh
[0.667s] -- Symlinking: /home/nishit/vision_based_sorting_ws/install/interbotix_xsarm_dual/share/interbotix_xsarm_dual/environment/path.dsv
[0.674s] -- Symlinking: /home/nishit/vision_based_sorting_ws/install/interbotix_xsarm_dual/share/interbotix_xsarm_dual/local_setup.bash
[0.680s] -- Symlinking: /home/nishit/vision_based_sorting_ws/install/interbotix_xsarm_dual/share/interbotix_xsarm_dual/local_setup.sh
[0.687s] -- Symlinking: /home/nishit/vision_based_sorting_ws/install/interbotix_xsarm_dual/share/interbotix_xsarm_dual/local_setup.zsh
[0.693s] -- Symlinking: /home/nishit/vision_based_sorting_ws/install/interbotix_xsarm_dual/share/interbotix_xsarm_dual/local_setup.dsv
[0.700s] -- Symlinking: /home/nishit/vision_based_sorting_ws/install/interbotix_xsarm_dual/share/interbotix_xsarm_dual/package.dsv
[0.707s] -- Symlinking: /home/nishit/vision_based_sorting_ws/install/interbotix_xsarm_dual/share/ament_index/resource_index/packages/interbotix_xsarm_dual
[0.715s] -- Symlinking: /home/nishit/vision_based_sorting_ws/install/interbotix_xsarm_dual/share/interbotix_xsarm_dual/cmake/interbotix_xsarm_dualConfig.cmake
[0.722s] -- Symlinking: /home/nishit/vision_based_sorting_ws/install/interbotix_xsarm_dual/share/interbotix_xsarm_dual/cmake/interbotix_xsarm_dualConfig-version.cmake
[0.730s] -- Symlinking: /home/nishit/vision_based_sorting_ws/install/interbotix_xsarm_dual/share/interbotix_xsarm_dual/package.xml
[0.740s] Invoked command in '/home/nishit/vision_based_sorting_ws/build/interbotix_xsarm_dual' returned '0': AMENT_PREFIX_PATH=/home/nishit/vision_based_sorting_ws/install/interbotix_xsarm_control:/home/nishit/vision_based_sorting_ws/install/interbotix_xsarm_descriptions:/home/nishit/vision_based_sorting_ws/install/interbotix_xs_modules:/home/nishit/vision_based_sorting_ws/install/interbotix_xs_sdk:/home/nishit/vision_based_sorting_ws/install/interbotix_xs_msgs:/home/nishit/vision_based_sorting_ws/install/interbotix_xs_driver:/home/nishit/vision_based_sorting_ws/install/interbotix_common_modules:${AMENT_PREFIX_PATH} CMAKE_PREFIX_PATH=/home/nishit/vision_based_sorting_ws/install/interbotix_xsarm_control:/home/nishit/vision_based_sorting_ws/install/interbotix_xsarm_descriptions:/home/nishit/vision_based_sorting_ws/install/interbotix_xs_sdk:/home/nishit/vision_based_sorting_ws/install/interbotix_xs_msgs:/home/nishit/vision_based_sorting_ws/install/interbotix_xs_driver:/opt/ros/humble LD_LIBRARY_PATH=/home/nishit/vision_based_sorting_ws/install/interbotix_xs_msgs/lib:/home/nishit/vision_based_sorting_ws/install/interbotix_xs_driver/lib:${LD_LIBRARY_PATH} PYTHONPATH=/home/nishit/vision_based_sorting_ws/build/interbotix_xs_modules:/home/nishit/vision_based_sorting_ws/install/interbotix_xs_modules/lib/python3.10/site-packages:/home/nishit/vision_based_sorting_ws/install/interbotix_xs_msgs/local/lib/python3.10/dist-packages:/home/nishit/vision_based_sorting_ws/build/interbotix_common_modules:/home/nishit/vision_based_sorting_ws/install/interbotix_common_modules/lib/python3.10/site-packages:${PYTHONPATH} /usr/bin/cmake --install /home/nishit/vision_based_sorting_ws/build/interbotix_xsarm_dual
