[0.028s] Invoking command in '/home/nishit/vision_based_sorting_ws/build/interbotix_xs_driver': CMAKE_PREFIX_PATH=${CMAKE_PREFIX_PATH}:/home/nishit/vision_based_sorting_ws/install/vision_pipeline:/home/nishit/vision_based_sorting_ws/install/my_simulation:/home/nishit/vision_based_sorting_ws/install/interbotix_xs_modules:/home/nishit/vision_based_sorting_ws/install/interbotix_common_modules:/opt/ros/humble /usr/bin/cmake --build /home/nishit/vision_based_sorting_ws/build/interbotix_xs_driver -- -j16 -l16
[0.409s] [100%] Built target interbotix_xs_driver
[0.410s] Invoked command in '/home/nishit/vision_based_sorting_ws/build/interbotix_xs_driver' returned '0': CMAKE_PREFIX_PATH=${CMAKE_PREFIX_PATH}:/home/nishit/vision_based_sorting_ws/install/vision_pipeline:/home/nishit/vision_based_sorting_ws/install/my_simulation:/home/nishit/vision_based_sorting_ws/install/interbotix_xs_modules:/home/nishit/vision_based_sorting_ws/install/interbotix_common_modules:/opt/ros/humble /usr/bin/cmake --build /home/nishit/vision_based_sorting_ws/build/interbotix_xs_driver -- -j16 -l16
[0.422s] Invoking command in '/home/nishit/vision_based_sorting_ws/build/interbotix_xs_driver': CMAKE_PREFIX_PATH=${CMAKE_PREFIX_PATH}:/home/nishit/vision_based_sorting_ws/install/vision_pipeline:/home/nishit/vision_based_sorting_ws/install/my_simulation:/home/nishit/vision_based_sorting_ws/install/interbotix_xs_modules:/home/nishit/vision_based_sorting_ws/install/interbotix_common_modules:/opt/ros/humble /usr/bin/cmake --install /home/nishit/vision_based_sorting_ws/build/interbotix_xs_driver
[0.599s] -- Install configuration: ""
[0.599s] -- Execute custom install script
[0.599s] -- Up-to-date symlink: /home/nishit/vision_based_sorting_ws/install/interbotix_xs_driver/include/interbotix_xs_driver/version.hpp
[0.599s] -- Up-to-date symlink: /home/nishit/vision_based_sorting_ws/install/interbotix_xs_driver/include/interbotix_xs_driver/xs_common.hpp
[0.599s] -- Up-to-date symlink: /home/nishit/vision_based_sorting_ws/install/interbotix_xs_driver/include/interbotix_xs_driver/xs_driver.hpp
[0.599s] -- Up-to-date symlink: /home/nishit/vision_based_sorting_ws/install/interbotix_xs_driver/include/interbotix_xs_driver/xs_logging.hpp
[0.599s] -- Up-to-date symlink: /home/nishit/vision_based_sorting_ws/install/interbotix_xs_driver/share/interbotix_xs_driver/package.xml
[0.599s] -- Up-to-date symlink: /home/nishit/vision_based_sorting_ws/install/interbotix_xs_driver/share/ament_index/resource_index/package_run_dependencies/interbotix_xs_driver
[0.599s] -- Up-to-date symlink: /home/nishit/vision_based_sorting_ws/install/interbotix_xs_driver/share/ament_index/resource_index/parent_prefix_path/interbotix_xs_driver
[0.599s] -- Up-to-date symlink: /home/nishit/vision_based_sorting_ws/install/interbotix_xs_driver/share/interbotix_xs_driver/environment/ament_prefix_path.sh
[0.599s] -- Up-to-date symlink: /home/nishit/vision_based_sorting_ws/install/interbotix_xs_driver/share/interbotix_xs_driver/environment/ament_prefix_path.dsv
[0.599s] -- Up-to-date symlink: /home/nishit/vision_based_sorting_ws/install/interbotix_xs_driver/share/interbotix_xs_driver/environment/path.sh
[0.599s] -- Up-to-date symlink: /home/nishit/vision_based_sorting_ws/install/interbotix_xs_driver/share/interbotix_xs_driver/environment/path.dsv
[0.600s] -- Up-to-date symlink: /home/nishit/vision_based_sorting_ws/install/interbotix_xs_driver/share/interbotix_xs_driver/local_setup.bash
[0.600s] -- Up-to-date symlink: /home/nishit/vision_based_sorting_ws/install/interbotix_xs_driver/share/interbotix_xs_driver/local_setup.sh
[0.600s] -- Up-to-date symlink: /home/nishit/vision_based_sorting_ws/install/interbotix_xs_driver/share/interbotix_xs_driver/local_setup.zsh
[0.600s] -- Up-to-date symlink: /home/nishit/vision_based_sorting_ws/install/interbotix_xs_driver/share/interbotix_xs_driver/local_setup.dsv
[0.600s] -- Symlinking: /home/nishit/vision_based_sorting_ws/install/interbotix_xs_driver/share/interbotix_xs_driver/package.dsv
[0.600s] -- Up-to-date symlink: /home/nishit/vision_based_sorting_ws/install/interbotix_xs_driver/share/ament_index/resource_index/packages/interbotix_xs_driver
[0.600s] -- Up-to-date symlink: /home/nishit/vision_based_sorting_ws/install/interbotix_xs_driver/share/interbotix_xs_driver/cmake/ament_cmake_export_dependencies-extras.cmake
[0.600s] -- Up-to-date symlink: /home/nishit/vision_based_sorting_ws/install/interbotix_xs_driver/share/interbotix_xs_driver/cmake/ament_cmake_export_targets-extras.cmake
[0.600s] -- Up-to-date symlink: /home/nishit/vision_based_sorting_ws/install/interbotix_xs_driver/share/interbotix_xs_driver/cmake/interbotix_xs_driverConfig.cmake
[0.600s] -- Up-to-date symlink: /home/nishit/vision_based_sorting_ws/install/interbotix_xs_driver/share/interbotix_xs_driver/cmake/interbotix_xs_driverConfig-version.cmake
[0.600s] -- Up-to-date symlink: /home/nishit/vision_based_sorting_ws/install/interbotix_xs_driver/share/interbotix_xs_driver/package.xml
[0.600s] -- Up-to-date: /home/nishit/vision_based_sorting_ws/install/interbotix_xs_driver/lib/libinterbotix_xs_driver.so
[0.600s] -- Up-to-date: /home/nishit/vision_based_sorting_ws/install/interbotix_xs_driver/share/interbotix_xs_driver/cmake/export_interbotix_xs_driverExport.cmake
[0.600s] -- Up-to-date: /home/nishit/vision_based_sorting_ws/install/interbotix_xs_driver/share/interbotix_xs_driver/cmake/export_interbotix_xs_driverExport-noconfig.cmake
[0.600s] Invoked command in '/home/nishit/vision_based_sorting_ws/build/interbotix_xs_driver' returned '0': CMAKE_PREFIX_PATH=${CMAKE_PREFIX_PATH}:/home/nishit/vision_based_sorting_ws/install/vision_pipeline:/home/nishit/vision_based_sorting_ws/install/my_simulation:/home/nishit/vision_based_sorting_ws/install/interbotix_xs_modules:/home/nishit/vision_based_sorting_ws/install/interbotix_common_modules:/opt/ros/humble /usr/bin/cmake --install /home/nishit/vision_based_sorting_ws/build/interbotix_xs_driver
