[0.200s] Invoking command in '/home/nishit/vision_based_sorting_ws/src/build/interbotix_common_sim': CMAKE_PREFIX_PATH=/opt/ros/humble /usr/bin/cmake /home/nishit/vision_based_sorting_ws/src/rx200_ros2_stack/interbotix_ros_toolboxes/interbotix_common_toolbox/interbotix_common_sim -DAMENT_CMAKE_SYMLINK_INSTALL=1 -DCMAKE_INSTALL_PREFIX=/home/nishit/vision_based_sorting_ws/src/install/interbotix_common_sim
[0.245s] -- The C compiler identification is GNU 11.4.0
[0.289s] -- The CXX compiler identification is GNU 11.4.0
[0.295s] -- Detecting C compiler ABI info
[0.359s] -- Detecting C compiler ABI info - done
[0.363s] -- Check for working C compiler: /usr/bin/cc - skipped
[0.363s] -- Detecting C compile features
[0.363s] -- Detecting C compile features - done
[0.365s] -- Detecting CXX compiler ABI info
[0.439s] -- Detecting CXX compiler ABI info - done
[0.443s] -- Check for working CXX compiler: /usr/bin/c++ - skipped
[0.443s] -- Detecting CXX compile features
[0.443s] -- Detecting CXX compile features - done
[0.445s] -- Found ament_cmake: 1.3.11 (/opt/ros/humble/share/ament_cmake/cmake)
[0.550s] -- Found Python3: /usr/bin/python3 (found version "3.10.12") found components: Interpreter 
[0.603s] -- Override CMake install command with custom implementation using symlinks instead of copying resources
[0.624s] -- Found ament_lint_auto: 0.12.12 (/opt/ros/humble/share/ament_lint_auto/cmake)
[0.682s] -- Configuring done
[0.685s] -- Generating done
[0.687s] -- Build files have been written to: /home/nishit/vision_based_sorting_ws/src/build/interbotix_common_sim
[0.692s] Invoked command in '/home/nishit/vision_based_sorting_ws/src/build/interbotix_common_sim' returned '0': CMAKE_PREFIX_PATH=/opt/ros/humble /usr/bin/cmake /home/nishit/vision_based_sorting_ws/src/rx200_ros2_stack/interbotix_ros_toolboxes/interbotix_common_toolbox/interbotix_common_sim -DAMENT_CMAKE_SYMLINK_INSTALL=1 -DCMAKE_INSTALL_PREFIX=/home/nishit/vision_based_sorting_ws/src/install/interbotix_common_sim
[0.694s] Invoking command in '/home/nishit/vision_based_sorting_ws/src/build/interbotix_common_sim': CMAKE_PREFIX_PATH=/opt/ros/humble /usr/bin/cmake --build /home/nishit/vision_based_sorting_ws/src/build/interbotix_common_sim -- -j16 -l16
[0.738s] Invoked command in '/home/nishit/vision_based_sorting_ws/src/build/interbotix_common_sim' returned '0': CMAKE_PREFIX_PATH=/opt/ros/humble /usr/bin/cmake --build /home/nishit/vision_based_sorting_ws/src/build/interbotix_common_sim -- -j16 -l16
[0.750s] Invoking command in '/home/nishit/vision_based_sorting_ws/src/build/interbotix_common_sim': CMAKE_PREFIX_PATH=/opt/ros/humble /usr/bin/cmake --install /home/nishit/vision_based_sorting_ws/src/build/interbotix_common_sim
[0.758s] -- Install configuration: ""
[0.758s] -- Execute custom install script
[0.758s] -- Symlinking: /home/nishit/vision_based_sorting_ws/src/install/interbotix_common_sim/share/interbotix_common_sim/models/RealSenseD415/RealSenseD415.sdf
[0.769s] -- Symlinking: /home/nishit/vision_based_sorting_ws/src/install/interbotix_common_sim/share/interbotix_common_sim/models/RealSenseD415/camera.stl
[0.779s] -- Symlinking: /home/nishit/vision_based_sorting_ws/src/install/interbotix_common_sim/share/interbotix_common_sim/models/RealSenseD415/model.config
[0.789s] -- Symlinking: /home/nishit/vision_based_sorting_ws/src/install/interbotix_common_sim/share/interbotix_common_sim/models/TrossenRoboticsOfficeBuilding/TrossenRoboticsOfficeBuilding.sdf
[0.797s] -- Symlinking: /home/nishit/vision_based_sorting_ws/src/install/interbotix_common_sim/share/interbotix_common_sim/models/TrossenRoboticsOfficeBuilding/model.config
[0.806s] -- Symlinking: /home/nishit/vision_based_sorting_ws/src/install/interbotix_common_sim/share/interbotix_common_sim/models/VisionKit/VisionKit.sdf
[0.816s] -- Symlinking: /home/nishit/vision_based_sorting_ws/src/install/interbotix_common_sim/share/interbotix_common_sim/models/VisionKit/model.config
[0.828s] -- Symlinking: /home/nishit/vision_based_sorting_ws/src/install/interbotix_common_sim/share/interbotix_common_sim/models/VisionKit/stand.stl
[0.838s] -- Symlinking: /home/nishit/vision_based_sorting_ws/src/install/interbotix_common_sim/share/interbotix_common_sim/worlds/interbotix.world
[0.847s] -- Symlinking: /home/nishit/vision_based_sorting_ws/src/install/interbotix_common_sim/share/interbotix_common_sim/worlds/vision_kit.world
[0.856s] -- Symlinking: /home/nishit/vision_based_sorting_ws/src/install/interbotix_common_sim/share/interbotix_common_sim/media/interbotix_black.png
[0.866s] -- Symlinking: /home/nishit/vision_based_sorting_ws/src/install/interbotix_common_sim/share/interbotix_common_sim/media/materials/scripts/interbotix_black.material
[0.875s] -- Symlinking: /home/nishit/vision_based_sorting_ws/src/install/interbotix_common_sim/share/interbotix_common_sim/media/materials/scripts/interbotix_texture.gazebo
[0.885s] -- Symlinking: /home/nishit/vision_based_sorting_ws/src/install/interbotix_common_sim/share/interbotix_common_sim/media/materials/textures/interbotix_black.png
[0.895s] -- Symlinking: /home/nishit/vision_based_sorting_ws/src/install/interbotix_common_sim/share/ament_index/resource_index/package_run_dependencies/interbotix_common_sim
[0.905s] -- Symlinking: /home/nishit/vision_based_sorting_ws/src/install/interbotix_common_sim/share/ament_index/resource_index/parent_prefix_path/interbotix_common_sim
[0.912s] -- Symlinking: /home/nishit/vision_based_sorting_ws/src/install/interbotix_common_sim/share/interbotix_common_sim/environment/ament_prefix_path.sh
[0.921s] -- Symlinking: /home/nishit/vision_based_sorting_ws/src/install/interbotix_common_sim/share/interbotix_common_sim/environment/ament_prefix_path.dsv
[0.930s] -- Symlinking: /home/nishit/vision_based_sorting_ws/src/install/interbotix_common_sim/share/interbotix_common_sim/environment/path.sh
[0.937s] -- Symlinking: /home/nishit/vision_based_sorting_ws/src/install/interbotix_common_sim/share/interbotix_common_sim/environment/path.dsv
[0.945s] -- Symlinking: /home/nishit/vision_based_sorting_ws/src/install/interbotix_common_sim/share/interbotix_common_sim/local_setup.bash
[0.956s] -- Symlinking: /home/nishit/vision_based_sorting_ws/src/install/interbotix_common_sim/share/interbotix_common_sim/local_setup.sh
[0.967s] -- Symlinking: /home/nishit/vision_based_sorting_ws/src/install/interbotix_common_sim/share/interbotix_common_sim/local_setup.zsh
[0.976s] -- Symlinking: /home/nishit/vision_based_sorting_ws/src/install/interbotix_common_sim/share/interbotix_common_sim/local_setup.dsv
[0.986s] -- Symlinking: /home/nishit/vision_based_sorting_ws/src/install/interbotix_common_sim/share/interbotix_common_sim/package.dsv
[0.996s] -- Symlinking: /home/nishit/vision_based_sorting_ws/src/install/interbotix_common_sim/share/ament_index/resource_index/packages/interbotix_common_sim
[1.007s] -- Symlinking: /home/nishit/vision_based_sorting_ws/src/install/interbotix_common_sim/share/interbotix_common_sim/cmake/interbotix_common_simConfig.cmake
[1.017s] -- Symlinking: /home/nishit/vision_based_sorting_ws/src/install/interbotix_common_sim/share/interbotix_common_sim/cmake/interbotix_common_simConfig-version.cmake
[1.030s] -- Symlinking: /home/nishit/vision_based_sorting_ws/src/install/interbotix_common_sim/share/interbotix_common_sim/package.xml
[1.045s] Invoked command in '/home/nishit/vision_based_sorting_ws/src/build/interbotix_common_sim' returned '0': CMAKE_PREFIX_PATH=/opt/ros/humble /usr/bin/cmake --install /home/nishit/vision_based_sorting_ws/src/build/interbotix_common_sim
