[0.186s] Invoking command in '/home/nishit/vision_based_sorting_ws/build/interbotix_tf_tools': CMAKE_PREFIX_PATH=/opt/ros/humble /usr/bin/cmake /home/nishit/vision_based_sorting_ws/src/rx200_ros2_stack/interbotix_ros_toolboxes/interbotix_common_toolbox/interbotix_tf_tools -DAMENT_CMAKE_SYMLINK_INSTALL=1 -DCMAKE_INSTALL_PREFIX=/home/nishit/vision_based_sorting_ws/install/interbotix_tf_tools
[0.229s] -- The C compiler identification is GNU 11.4.0
[0.270s] -- The CXX compiler identification is GNU 11.4.0
[0.275s] -- Detecting C compiler ABI info
[0.335s] -- Detecting C compiler ABI info - done
[0.339s] -- Check for working C compiler: /usr/bin/cc - skipped
[0.339s] -- Detecting C compile features
[0.339s] -- Detecting C compile features - done
[0.341s] -- Detecting CXX compiler ABI info
[0.412s] -- Detecting CXX compiler ABI info - done
[0.419s] -- Check for working CXX compiler: /usr/bin/c++ - skipped
[0.419s] -- Detecting CXX compile features
[0.419s] -- Detecting CXX compile features - done
[0.424s] -- Found ament_cmake: 1.3.11 (/opt/ros/humble/share/ament_cmake/cmake)
[0.528s] -- Found Python3: /usr/bin/python3 (found version "3.10.12") found components: Interpreter 
[0.572s] -- Override CMake install command with custom implementation using symlinks instead of copying resources
[0.590s] -- Found geometry_msgs: 4.8.0 (/opt/ros/humble/share/geometry_msgs/cmake)
[0.612s] -- Found rosidl_generator_c: 3.1.6 (/opt/ros/humble/share/rosidl_generator_c/cmake)
[0.618s] -- Found rosidl_adapter: 3.1.6 (/opt/ros/humble/share/rosidl_adapter/cmake)
[0.623s] -- Found rosidl_generator_cpp: 3.1.6 (/opt/ros/humble/share/rosidl_generator_cpp/cmake)
[0.631s] -- Using all available rosidl_typesupport_c: rosidl_typesupport_fastrtps_c;rosidl_typesupport_introspection_c
[0.642s] -- Using all available rosidl_typesupport_cpp: rosidl_typesupport_fastrtps_cpp;rosidl_typesupport_introspection_cpp
[0.667s] -- Found rclcpp: 16.0.12 (/opt/ros/humble/share/rclcpp/cmake)
[0.692s] -- Found rmw_implementation_cmake: 6.1.2 (/opt/ros/humble/share/rmw_implementation_cmake/cmake)
[0.693s] -- Found rmw_fastrtps_cpp: 6.2.7 (/opt/ros/humble/share/rmw_fastrtps_cpp/cmake)
[0.772s] -- Found OpenSSL: /usr/lib/x86_64-linux-gnu/libcrypto.so (found version "3.0.2")  
[0.806s] -- Found FastRTPS: /opt/ros/humble/include  
[0.861s] -- Using RMW implementation 'rmw_fastrtps_cpp' as default
[0.869s] -- Looking for pthread.h
[0.938s] -- Looking for pthread.h - found
[0.938s] -- Performing Test CMAKE_HAVE_LIBC_PTHREAD
[1.002s] -- Performing Test CMAKE_HAVE_LIBC_PTHREAD - Success
[1.003s] -- Found Threads: TRUE  
[1.046s] -- Found rclcpp_components: 16.0.12 (/opt/ros/humble/share/rclcpp_components/cmake)
[1.075s] -- Found tf2_msgs: 0.25.12 (/opt/ros/humble/share/tf2_msgs/cmake)
[1.108s] -- Found tf2_ros: 0.25.12 (/opt/ros/humble/share/tf2_ros/cmake)
[1.131s] -- Found ament_lint_auto: 0.12.12 (/opt/ros/humble/share/ament_lint_auto/cmake)
[1.197s] -- Added test 'copyright' to check source files copyright and LICENSE
[1.198s] -- Added test 'cppcheck' to perform static code analysis on C / C++ code
[1.198s] -- Configured cppcheck include dirs: /home/nishit/vision_based_sorting_ws/src/rx200_ros2_stack/interbotix_ros_toolboxes/interbotix_common_toolbox/interbotix_tf_tools/include
[1.198s] -- Configured cppcheck exclude dirs and/or files: 
[1.199s] -- Added test 'cpplint' to check C / C++ code against the Google style
[1.199s] -- Configured cpplint exclude dirs and/or files: 
[1.199s] -- Added test 'flake8' to check Python code syntax and style conventions
[1.200s] -- Added test 'lint_cmake' to check CMake code style
[1.200s] -- Added test 'pep257' to check Python code against some of the docstring style conventions in PEP 257
[1.201s] -- Added test 'uncrustify' to check C / C++ code style
[1.201s] -- Configured uncrustify additional arguments: 
[1.201s] -- Added test 'xmllint' to check XML markup files
[1.202s] -- Configuring done
[1.212s] -- Generating done
[1.215s] -- Build files have been written to: /home/nishit/vision_based_sorting_ws/build/interbotix_tf_tools
[1.236s] Invoked command in '/home/nishit/vision_based_sorting_ws/build/interbotix_tf_tools' returned '0': CMAKE_PREFIX_PATH=/opt/ros/humble /usr/bin/cmake /home/nishit/vision_based_sorting_ws/src/rx200_ros2_stack/interbotix_ros_toolboxes/interbotix_common_toolbox/interbotix_tf_tools -DAMENT_CMAKE_SYMLINK_INSTALL=1 -DCMAKE_INSTALL_PREFIX=/home/nishit/vision_based_sorting_ws/install/interbotix_tf_tools
[1.239s] Invoking command in '/home/nishit/vision_based_sorting_ws/build/interbotix_tf_tools': CMAKE_PREFIX_PATH=/opt/ros/humble /usr/bin/cmake --build /home/nishit/vision_based_sorting_ws/build/interbotix_tf_tools -- -j16 -l16
[1.288s] [ 50%] [32mBuilding CXX object CMakeFiles/tf_rebroadcaster.dir/src/tf_rebroadcaster.cpp.o[0m
[13.561s] [100%] [32m[1mLinking CXX shared library libtf_rebroadcaster.so[0m
[13.827s] [100%] Built target tf_rebroadcaster
[13.837s] Invoked command in '/home/nishit/vision_based_sorting_ws/build/interbotix_tf_tools' returned '0': CMAKE_PREFIX_PATH=/opt/ros/humble /usr/bin/cmake --build /home/nishit/vision_based_sorting_ws/build/interbotix_tf_tools -- -j16 -l16
[13.839s] Invoking command in '/home/nishit/vision_based_sorting_ws/build/interbotix_tf_tools': CMAKE_PREFIX_PATH=/opt/ros/humble /usr/bin/cmake --install /home/nishit/vision_based_sorting_ws/build/interbotix_tf_tools
[13.845s] -- Install configuration: ""
[13.845s] -- Execute custom install script
[13.845s] -- Symlinking: /home/nishit/vision_based_sorting_ws/install/interbotix_tf_tools/lib/libtf_rebroadcaster.so
[13.853s] -- Symlinking: /home/nishit/vision_based_sorting_ws/install/interbotix_tf_tools/lib/interbotix_tf_tools/static_trans_pub.py
[13.859s] -- Symlinking: /home/nishit/vision_based_sorting_ws/install/interbotix_tf_tools/share/interbotix_tf_tools//config/tf_rebroadcaster.yaml
[13.865s] -- Symlinking: /home/nishit/vision_based_sorting_ws/install/interbotix_tf_tools/share/interbotix_tf_tools//launch/static_transform_pub.launch.py
[13.872s] -- Symlinking: /home/nishit/vision_based_sorting_ws/install/interbotix_tf_tools/share/interbotix_tf_tools//launch/tf_rebroadcaster.launch.py
[13.879s] -- Symlinking: /home/nishit/vision_based_sorting_ws/install/interbotix_tf_tools/share/ament_index/resource_index/package_run_dependencies/interbotix_tf_tools
[13.886s] -- Symlinking: /home/nishit/vision_based_sorting_ws/install/interbotix_tf_tools/share/ament_index/resource_index/parent_prefix_path/interbotix_tf_tools
[13.892s] -- Symlinking: /home/nishit/vision_based_sorting_ws/install/interbotix_tf_tools/share/interbotix_tf_tools/environment/ament_prefix_path.sh
[13.900s] -- Symlinking: /home/nishit/vision_based_sorting_ws/install/interbotix_tf_tools/share/interbotix_tf_tools/environment/ament_prefix_path.dsv
[13.907s] -- Symlinking: /home/nishit/vision_based_sorting_ws/install/interbotix_tf_tools/share/interbotix_tf_tools/environment/path.sh
[13.913s] -- Symlinking: /home/nishit/vision_based_sorting_ws/install/interbotix_tf_tools/share/interbotix_tf_tools/environment/path.dsv
[13.918s] -- Symlinking: /home/nishit/vision_based_sorting_ws/install/interbotix_tf_tools/share/interbotix_tf_tools/local_setup.bash
[13.924s] -- Symlinking: /home/nishit/vision_based_sorting_ws/install/interbotix_tf_tools/share/interbotix_tf_tools/local_setup.sh
[13.931s] -- Symlinking: /home/nishit/vision_based_sorting_ws/install/interbotix_tf_tools/share/interbotix_tf_tools/local_setup.zsh
[13.938s] -- Symlinking: /home/nishit/vision_based_sorting_ws/install/interbotix_tf_tools/share/interbotix_tf_tools/local_setup.dsv
[13.944s] -- Symlinking: /home/nishit/vision_based_sorting_ws/install/interbotix_tf_tools/share/interbotix_tf_tools/package.dsv
[13.950s] -- Symlinking: /home/nishit/vision_based_sorting_ws/install/interbotix_tf_tools/share/ament_index/resource_index/packages/interbotix_tf_tools
[13.956s] -- Symlinking: /home/nishit/vision_based_sorting_ws/install/interbotix_tf_tools/share/ament_index/resource_index/rclcpp_components/interbotix_tf_tools
[13.962s] -- Symlinking: /home/nishit/vision_based_sorting_ws/install/interbotix_tf_tools/share/interbotix_tf_tools/cmake/interbotix_tf_toolsConfig.cmake
[13.968s] -- Symlinking: /home/nishit/vision_based_sorting_ws/install/interbotix_tf_tools/share/interbotix_tf_tools/cmake/interbotix_tf_toolsConfig-version.cmake
[13.974s] -- Symlinking: /home/nishit/vision_based_sorting_ws/install/interbotix_tf_tools/share/interbotix_tf_tools/package.xml
[13.984s] Invoked command in '/home/nishit/vision_based_sorting_ws/build/interbotix_tf_tools' returned '0': CMAKE_PREFIX_PATH=/opt/ros/humble /usr/bin/cmake --install /home/nishit/vision_based_sorting_ws/build/interbotix_tf_tools
