[ 20%] [34m[1mAutomatic MOC for target interbotix_xs_rviz[0m
[ 20%] Built target interbotix_xs_rviz_autogen
[35m[1mConsolidate compiler generated dependencies of target interbotix_xs_rviz[0m
[100%] Built target interbotix_xs_rviz
-- Install configuration: ""
-- Execute custom install script
-- Symlinking: /home/nishit/vision_based_sorting_ws/install/interbotix_xs_rviz/share/interbotix_xs_rviz//plugin_description.xml
-- Symlinking: /home/nishit/vision_based_sorting_ws/install/interbotix_xs_rviz/include//interbotix_xs_rviz/interbotix_control_panel.hpp
-- Symlinking: /home/nishit/vision_based_sorting_ws/install/interbotix_xs_rviz/include//interbotix_xs_rviz/xs_register_descriptions.hpp
-- Symlinking: /home/nishit/vision_based_sorting_ws/install/interbotix_xs_rviz/share/interbotix_xs_rviz//icons/classes/Interbotix Control Panel.png
-- Symlinking: /home/nishit/vision_based_sorting_ws/install/interbotix_xs_rviz/share/interbotix_xs_rviz/environment/library_path.sh
-- Symlinking: /home/nishit/vision_based_sorting_ws/install/interbotix_xs_rviz/share/interbotix_xs_rviz/environment/library_path.dsv
-- Symlinking: /home/nishit/vision_based_sorting_ws/install/interbotix_xs_rviz/share/ament_index/resource_index/package_run_dependencies/interbotix_xs_rviz
-- Symlinking: /home/nishit/vision_based_sorting_ws/install/interbotix_xs_rviz/share/ament_index/resource_index/parent_prefix_path/interbotix_xs_rviz
-- Symlinking: /home/nishit/vision_based_sorting_ws/install/interbotix_xs_rviz/share/interbotix_xs_rviz/environment/ament_prefix_path.sh
-- Symlinking: /home/nishit/vision_based_sorting_ws/install/interbotix_xs_rviz/share/interbotix_xs_rviz/environment/ament_prefix_path.dsv
-- Symlinking: /home/nishit/vision_based_sorting_ws/install/interbotix_xs_rviz/share/interbotix_xs_rviz/environment/path.sh
-- Symlinking: /home/nishit/vision_based_sorting_ws/install/interbotix_xs_rviz/share/interbotix_xs_rviz/environment/path.dsv
-- Symlinking: /home/nishit/vision_based_sorting_ws/install/interbotix_xs_rviz/share/interbotix_xs_rviz/local_setup.bash
-- Symlinking: /home/nishit/vision_based_sorting_ws/install/interbotix_xs_rviz/share/interbotix_xs_rviz/local_setup.sh
-- Symlinking: /home/nishit/vision_based_sorting_ws/install/interbotix_xs_rviz/share/interbotix_xs_rviz/local_setup.zsh
-- Symlinking: /home/nishit/vision_based_sorting_ws/install/interbotix_xs_rviz/share/interbotix_xs_rviz/local_setup.dsv
-- Symlinking: /home/nishit/vision_based_sorting_ws/install/interbotix_xs_rviz/share/interbotix_xs_rviz/package.dsv
-- Symlinking: /home/nishit/vision_based_sorting_ws/install/interbotix_xs_rviz/share/ament_index/resource_index/packages/interbotix_xs_rviz
-- Symlinking: /home/nishit/vision_based_sorting_ws/install/interbotix_xs_rviz/share/ament_index/resource_index/rviz_common__pluginlib__plugin/interbotix_xs_rviz
-- Symlinking: /home/nishit/vision_based_sorting_ws/install/interbotix_xs_rviz/share/interbotix_xs_rviz/cmake/ament_cmake_export_targets-extras.cmake
-- Symlinking: /home/nishit/vision_based_sorting_ws/install/interbotix_xs_rviz/share/interbotix_xs_rviz/cmake/ament_cmake_export_dependencies-extras.cmake
-- Symlinking: /home/nishit/vision_based_sorting_ws/install/interbotix_xs_rviz/share/interbotix_xs_rviz/cmake/interbotix_xs_rvizConfig.cmake
-- Symlinking: /home/nishit/vision_based_sorting_ws/install/interbotix_xs_rviz/share/interbotix_xs_rviz/cmake/interbotix_xs_rvizConfig-version.cmake
-- Symlinking: /home/nishit/vision_based_sorting_ws/install/interbotix_xs_rviz/share/interbotix_xs_rviz/package.xml
-- Installing: /home/nishit/vision_based_sorting_ws/install/interbotix_xs_rviz/lib/libinterbotix_xs_rviz.so
-- Set runtime path of "/home/nishit/vision_based_sorting_ws/install/interbotix_xs_rviz/lib/libinterbotix_xs_rviz.so" to ""
-- Installing: /home/nishit/vision_based_sorting_ws/install/interbotix_xs_rviz/share/interbotix_xs_rviz/cmake/interbotix_xs_rvizExport.cmake
-- Installing: /home/nishit/vision_based_sorting_ws/install/interbotix_xs_rviz/share/interbotix_xs_rviz/cmake/interbotix_xs_rvizExport-noconfig.cmake
