[0.011s] Invoking command in '/home/nishit/vision_based_sorting_ws/build/interbotix_xs_rviz': AMENT_PREFIX_PATH=/home/nishit/vision_based_sorting_ws/install/interbotix_xs_sdk:/home/nishit/vision_based_sorting_ws/install/interbotix_xs_msgs:/home/nishit/vision_based_sorting_ws/install/interbotix_xs_driver:${AMENT_PREFIX_PATH} CMAKE_PREFIX_PATH=/home/nishit/vision_based_sorting_ws/install/interbotix_xs_sdk:/home/nishit/vision_based_sorting_ws/install/interbotix_xs_msgs:/home/nishit/vision_based_sorting_ws/install/interbotix_xs_driver:/opt/ros/humble LD_LIBRARY_PATH=/home/nishit/vision_based_sorting_ws/install/interbotix_xs_msgs/lib:/home/nishit/vision_based_sorting_ws/install/interbotix_xs_driver/lib:${LD_LIBRARY_PATH} PYTHONPATH=/home/nishit/vision_based_sorting_ws/install/interbotix_xs_msgs/local/lib/python3.10/dist-packages:${PYTHONPATH} /usr/bin/cmake --build /home/nishit/vision_based_sorting_ws/build/interbotix_xs_rviz -- -j16 -l16
[0.072s] [ 20%] [34m[1mAutomatic MOC for target interbotix_xs_rviz[0m
[0.099s] [ 20%] Built target interbotix_xs_rviz_autogen
[0.113s] [35m[1mConsolidate compiler generated dependencies of target interbotix_xs_rviz[0m
[0.135s] [100%] Built target interbotix_xs_rviz
[0.148s] Invoked command in '/home/nishit/vision_based_sorting_ws/build/interbotix_xs_rviz' returned '0': AMENT_PREFIX_PATH=/home/nishit/vision_based_sorting_ws/install/interbotix_xs_sdk:/home/nishit/vision_based_sorting_ws/install/interbotix_xs_msgs:/home/nishit/vision_based_sorting_ws/install/interbotix_xs_driver:${AMENT_PREFIX_PATH} CMAKE_PREFIX_PATH=/home/nishit/vision_based_sorting_ws/install/interbotix_xs_sdk:/home/nishit/vision_based_sorting_ws/install/interbotix_xs_msgs:/home/nishit/vision_based_sorting_ws/install/interbotix_xs_driver:/opt/ros/humble LD_LIBRARY_PATH=/home/nishit/vision_based_sorting_ws/install/interbotix_xs_msgs/lib:/home/nishit/vision_based_sorting_ws/install/interbotix_xs_driver/lib:${LD_LIBRARY_PATH} PYTHONPATH=/home/nishit/vision_based_sorting_ws/install/interbotix_xs_msgs/local/lib/python3.10/dist-packages:${PYTHONPATH} /usr/bin/cmake --build /home/nishit/vision_based_sorting_ws/build/interbotix_xs_rviz -- -j16 -l16
[0.150s] Invoking command in '/home/nishit/vision_based_sorting_ws/build/interbotix_xs_rviz': AMENT_PREFIX_PATH=/home/nishit/vision_based_sorting_ws/install/interbotix_xs_sdk:/home/nishit/vision_based_sorting_ws/install/interbotix_xs_msgs:/home/nishit/vision_based_sorting_ws/install/interbotix_xs_driver:${AMENT_PREFIX_PATH} CMAKE_PREFIX_PATH=/home/nishit/vision_based_sorting_ws/install/interbotix_xs_sdk:/home/nishit/vision_based_sorting_ws/install/interbotix_xs_msgs:/home/nishit/vision_based_sorting_ws/install/interbotix_xs_driver:/opt/ros/humble LD_LIBRARY_PATH=/home/nishit/vision_based_sorting_ws/install/interbotix_xs_msgs/lib:/home/nishit/vision_based_sorting_ws/install/interbotix_xs_driver/lib:${LD_LIBRARY_PATH} PYTHONPATH=/home/nishit/vision_based_sorting_ws/install/interbotix_xs_msgs/local/lib/python3.10/dist-packages:${PYTHONPATH} /usr/bin/cmake --install /home/nishit/vision_based_sorting_ws/build/interbotix_xs_rviz
[0.158s] -- Install configuration: ""
[0.158s] -- Execute custom install script
[0.158s] -- Symlinking: /home/nishit/vision_based_sorting_ws/install/interbotix_xs_rviz/share/interbotix_xs_rviz//plugin_description.xml
[0.169s] -- Symlinking: /home/nishit/vision_based_sorting_ws/install/interbotix_xs_rviz/include//interbotix_xs_rviz/interbotix_control_panel.hpp
[0.178s] -- Symlinking: /home/nishit/vision_based_sorting_ws/install/interbotix_xs_rviz/include//interbotix_xs_rviz/xs_register_descriptions.hpp
[0.192s] -- Symlinking: /home/nishit/vision_based_sorting_ws/install/interbotix_xs_rviz/share/interbotix_xs_rviz//icons/classes/Interbotix Control Panel.png
[0.202s] -- Symlinking: /home/nishit/vision_based_sorting_ws/install/interbotix_xs_rviz/share/interbotix_xs_rviz/environment/library_path.sh
[0.212s] -- Symlinking: /home/nishit/vision_based_sorting_ws/install/interbotix_xs_rviz/share/interbotix_xs_rviz/environment/library_path.dsv
[0.221s] -- Symlinking: /home/nishit/vision_based_sorting_ws/install/interbotix_xs_rviz/share/ament_index/resource_index/package_run_dependencies/interbotix_xs_rviz
[0.229s] -- Symlinking: /home/nishit/vision_based_sorting_ws/install/interbotix_xs_rviz/share/ament_index/resource_index/parent_prefix_path/interbotix_xs_rviz
[0.238s] -- Symlinking: /home/nishit/vision_based_sorting_ws/install/interbotix_xs_rviz/share/interbotix_xs_rviz/environment/ament_prefix_path.sh
[0.246s] -- Symlinking: /home/nishit/vision_based_sorting_ws/install/interbotix_xs_rviz/share/interbotix_xs_rviz/environment/ament_prefix_path.dsv
[0.256s] -- Symlinking: /home/nishit/vision_based_sorting_ws/install/interbotix_xs_rviz/share/interbotix_xs_rviz/environment/path.sh
[0.265s] -- Symlinking: /home/nishit/vision_based_sorting_ws/install/interbotix_xs_rviz/share/interbotix_xs_rviz/environment/path.dsv
[0.274s] -- Symlinking: /home/nishit/vision_based_sorting_ws/install/interbotix_xs_rviz/share/interbotix_xs_rviz/local_setup.bash
[0.287s] -- Symlinking: /home/nishit/vision_based_sorting_ws/install/interbotix_xs_rviz/share/interbotix_xs_rviz/local_setup.sh
[0.296s] -- Symlinking: /home/nishit/vision_based_sorting_ws/install/interbotix_xs_rviz/share/interbotix_xs_rviz/local_setup.zsh
[0.306s] -- Symlinking: /home/nishit/vision_based_sorting_ws/install/interbotix_xs_rviz/share/interbotix_xs_rviz/local_setup.dsv
[0.315s] -- Symlinking: /home/nishit/vision_based_sorting_ws/install/interbotix_xs_rviz/share/interbotix_xs_rviz/package.dsv
[0.323s] -- Symlinking: /home/nishit/vision_based_sorting_ws/install/interbotix_xs_rviz/share/ament_index/resource_index/packages/interbotix_xs_rviz
[0.331s] -- Symlinking: /home/nishit/vision_based_sorting_ws/install/interbotix_xs_rviz/share/ament_index/resource_index/rviz_common__pluginlib__plugin/interbotix_xs_rviz
[0.339s] -- Symlinking: /home/nishit/vision_based_sorting_ws/install/interbotix_xs_rviz/share/interbotix_xs_rviz/cmake/ament_cmake_export_targets-extras.cmake
[0.347s] -- Symlinking: /home/nishit/vision_based_sorting_ws/install/interbotix_xs_rviz/share/interbotix_xs_rviz/cmake/ament_cmake_export_dependencies-extras.cmake
[0.355s] -- Symlinking: /home/nishit/vision_based_sorting_ws/install/interbotix_xs_rviz/share/interbotix_xs_rviz/cmake/interbotix_xs_rvizConfig.cmake
[0.364s] -- Symlinking: /home/nishit/vision_based_sorting_ws/install/interbotix_xs_rviz/share/interbotix_xs_rviz/cmake/interbotix_xs_rvizConfig-version.cmake
[0.373s] -- Symlinking: /home/nishit/vision_based_sorting_ws/install/interbotix_xs_rviz/share/interbotix_xs_rviz/package.xml
[0.381s] -- Installing: /home/nishit/vision_based_sorting_ws/install/interbotix_xs_rviz/lib/libinterbotix_xs_rviz.so
[0.391s] -- Set runtime path of "/home/nishit/vision_based_sorting_ws/install/interbotix_xs_rviz/lib/libinterbotix_xs_rviz.so" to ""
[0.391s] -- Installing: /home/nishit/vision_based_sorting_ws/install/interbotix_xs_rviz/share/interbotix_xs_rviz/cmake/interbotix_xs_rvizExport.cmake
[0.391s] -- Installing: /home/nishit/vision_based_sorting_ws/install/interbotix_xs_rviz/share/interbotix_xs_rviz/cmake/interbotix_xs_rvizExport-noconfig.cmake
[0.395s] Invoked command in '/home/nishit/vision_based_sorting_ws/build/interbotix_xs_rviz' returned '0': AMENT_PREFIX_PATH=/home/nishit/vision_based_sorting_ws/install/interbotix_xs_sdk:/home/nishit/vision_based_sorting_ws/install/interbotix_xs_msgs:/home/nishit/vision_based_sorting_ws/install/interbotix_xs_driver:${AMENT_PREFIX_PATH} CMAKE_PREFIX_PATH=/home/nishit/vision_based_sorting_ws/install/interbotix_xs_sdk:/home/nishit/vision_based_sorting_ws/install/interbotix_xs_msgs:/home/nishit/vision_based_sorting_ws/install/interbotix_xs_driver:/opt/ros/humble LD_LIBRARY_PATH=/home/nishit/vision_based_sorting_ws/install/interbotix_xs_msgs/lib:/home/nishit/vision_based_sorting_ws/install/interbotix_xs_driver/lib:${LD_LIBRARY_PATH} PYTHONPATH=/home/nishit/vision_based_sorting_ws/install/interbotix_xs_msgs/local/lib/python3.10/dist-packages:${PYTHONPATH} /usr/bin/cmake --install /home/nishit/vision_based_sorting_ws/build/interbotix_xs_rviz
