[0.014s] Invoking command in '/home/nishit/vision_based_sorting_ws/src/build/interbotix_xsarm_sim': AMENT_PREFIX_PATH=/home/nishit/vision_based_sorting_ws/src/install/interbotix_xsarm_descriptions:/home/nishit/vision_based_sorting_ws/src/install/interbotix_xs_modules:/home/nishit/vision_based_sorting_ws/src/install/interbotix_xs_sdk:/home/nishit/vision_based_sorting_ws/src/install/interbotix_xs_ros_control:/home/nishit/vision_based_sorting_ws/src/install/interbotix_xs_msgs:/home/nishit/vision_based_sorting_ws/src/install/interbotix_xs_driver:/home/nishit/vision_based_sorting_ws/src/install/interbotix_common_sim:/home/nishit/vision_based_sorting_ws/src/install/interbotix_common_modules:${AMENT_PREFIX_PATH} CMAKE_PREFIX_PATH=/home/nishit/vision_based_sorting_ws/src/install/interbotix_xsarm_descriptions:/home/nishit/vision_based_sorting_ws/src/install/interbotix_xs_sdk:/home/nishit/vision_based_sorting_ws/src/install/interbotix_xs_ros_control:/home/nishit/vision_based_sorting_ws/src/install/interbotix_xs_msgs:/home/nishit/vision_based_sorting_ws/src/install/interbotix_xs_driver:/home/nishit/vision_based_sorting_ws/src/install/interbotix_common_sim:/opt/ros/humble LD_LIBRARY_PATH=/home/nishit/vision_based_sorting_ws/src/install/interbotix_xs_ros_control/lib:/home/nishit/vision_based_sorting_ws/src/install/interbotix_xs_msgs/lib:/home/nishit/vision_based_sorting_ws/src/install/interbotix_xs_driver/lib:${LD_LIBRARY_PATH} PYTHONPATH=/home/nishit/vision_based_sorting_ws/src/build/interbotix_xs_modules:/home/nishit/vision_based_sorting_ws/src/install/interbotix_xs_modules/lib/python3.10/site-packages:/home/nishit/vision_based_sorting_ws/src/install/interbotix_xs_msgs/local/lib/python3.10/dist-packages:/home/nishit/vision_based_sorting_ws/src/build/interbotix_common_modules:/home/nishit/vision_based_sorting_ws/src/install/interbotix_common_modules/lib/python3.10/site-packages:${PYTHONPATH} /usr/bin/cmake /home/nishit/vision_based_sorting_ws/src/rx200_ros2_stack/interbotix_ros_manipulators/interbotix_ros_xsarms/interbotix_xsarm_sim -DAMENT_CMAKE_SYMLINK_INSTALL=1 -DCMAKE_INSTALL_PREFIX=/home/nishit/vision_based_sorting_ws/src/install/interbotix_xsarm_sim
[0.057s] -- The C compiler identification is GNU 11.4.0
[0.099s] -- The CXX compiler identification is GNU 11.4.0
[0.105s] -- Detecting C compiler ABI info
[0.158s] -- Detecting C compiler ABI info - done
[0.162s] -- Check for working C compiler: /usr/bin/cc - skipped
[0.162s] -- Detecting C compile features
[0.162s] -- Detecting C compile features - done
[0.164s] -- Detecting CXX compiler ABI info
[0.226s] -- Detecting CXX compiler ABI info - done
[0.230s] -- Check for working CXX compiler: /usr/bin/c++ - skipped
[0.230s] -- Detecting CXX compile features
[0.230s] -- Detecting CXX compile features - done
[0.233s] -- Found ament_cmake: 1.3.11 (/opt/ros/humble/share/ament_cmake/cmake)
[0.337s] -- Found Python3: /usr/bin/python3 (found version "3.10.12") found components: Interpreter 
[0.379s] -- Override CMake install command with custom implementation using symlinks instead of copying resources
[0.426s] -- Found ament_lint_auto: 0.12.12 (/opt/ros/humble/share/ament_lint_auto/cmake)
[0.483s] -- Added test 'copyright' to check source files copyright and LICENSE
[0.485s] -- Added test 'flake8' to check Python code syntax and style conventions
[0.486s] -- Added test 'lint_cmake' to check CMake code style
[0.486s] -- Added test 'pep257' to check Python code against some of the docstring style conventions in PEP 257
[0.487s] -- Added test 'xmllint' to check XML markup files
[0.489s] -- Configuring done
[0.492s] -- Generating done
[0.493s] -- Build files have been written to: /home/nishit/vision_based_sorting_ws/src/build/interbotix_xsarm_sim
