[0.188s] Invoking command in '/home/nishit/vision_based_sorting_ws/build/interbotix_common_sim': CMAKE_PREFIX_PATH=/opt/ros/humble /usr/bin/cmake /home/nishit/vision_based_sorting_ws/src/rx200_ros2_stack/interbotix_ros_toolboxes/interbotix_common_toolbox/interbotix_common_sim -DAMENT_CMAKE_SYMLINK_INSTALL=1 -DCMAKE_INSTALL_PREFIX=/home/nishit/vision_based_sorting_ws/install/interbotix_common_sim
[0.232s] -- The C compiler identification is GNU 11.4.0
[0.274s] -- The CXX compiler identification is GNU 11.4.0
[0.279s] -- Detecting C compiler ABI info
[0.339s] -- Detecting C compiler ABI info - done
[0.344s] -- Check for working C compiler: /usr/bin/cc - skipped
[0.344s] -- Detecting C compile features
[0.344s] -- Detecting C compile features - done
[0.345s] -- Detecting CXX compiler ABI info
[0.418s] -- Detecting CXX compiler ABI info - done
[0.422s] -- Check for working CXX compiler: /usr/bin/c++ - skipped
[0.423s] -- Detecting CXX compile features
[0.423s] -- Detecting CXX compile features - done
[0.428s] -- Found ament_cmake: 1.3.11 (/opt/ros/humble/share/ament_cmake/cmake)
[0.533s] -- Found Python3: /usr/bin/python3 (found version "3.10.12") found components: Interpreter 
[0.577s] -- Override CMake install command with custom implementation using symlinks instead of copying resources
[0.617s] -- Found ament_lint_auto: 0.12.12 (/opt/ros/humble/share/ament_lint_auto/cmake)
[0.677s] -- Configuring done
[0.679s] -- Generating done
[0.680s] -- Build files have been written to: /home/nishit/vision_based_sorting_ws/build/interbotix_common_sim
[0.687s] Invoked command in '/home/nishit/vision_based_sorting_ws/build/interbotix_common_sim' returned '0': CMAKE_PREFIX_PATH=/opt/ros/humble /usr/bin/cmake /home/nishit/vision_based_sorting_ws/src/rx200_ros2_stack/interbotix_ros_toolboxes/interbotix_common_toolbox/interbotix_common_sim -DAMENT_CMAKE_SYMLINK_INSTALL=1 -DCMAKE_INSTALL_PREFIX=/home/nishit/vision_based_sorting_ws/install/interbotix_common_sim
[0.688s] Invoking command in '/home/nishit/vision_based_sorting_ws/build/interbotix_common_sim': CMAKE_PREFIX_PATH=/opt/ros/humble /usr/bin/cmake --build /home/nishit/vision_based_sorting_ws/build/interbotix_common_sim -- -j16 -l16
[0.729s] Invoked command in '/home/nishit/vision_based_sorting_ws/build/interbotix_common_sim' returned '0': CMAKE_PREFIX_PATH=/opt/ros/humble /usr/bin/cmake --build /home/nishit/vision_based_sorting_ws/build/interbotix_common_sim -- -j16 -l16
[0.740s] Invoking command in '/home/nishit/vision_based_sorting_ws/build/interbotix_common_sim': CMAKE_PREFIX_PATH=/opt/ros/humble /usr/bin/cmake --install /home/nishit/vision_based_sorting_ws/build/interbotix_common_sim
[0.748s] -- Install configuration: ""
[0.748s] -- Execute custom install script
[0.749s] -- Symlinking: /home/nishit/vision_based_sorting_ws/install/interbotix_common_sim/share/interbotix_common_sim/models/RealSenseD415/RealSenseD415.sdf
[0.757s] -- Symlinking: /home/nishit/vision_based_sorting_ws/install/interbotix_common_sim/share/interbotix_common_sim/models/RealSenseD415/camera.stl
[0.766s] -- Symlinking: /home/nishit/vision_based_sorting_ws/install/interbotix_common_sim/share/interbotix_common_sim/models/RealSenseD415/model.config
[0.776s] -- Symlinking: /home/nishit/vision_based_sorting_ws/install/interbotix_common_sim/share/interbotix_common_sim/models/TrossenRoboticsOfficeBuilding/TrossenRoboticsOfficeBuilding.sdf
[0.785s] -- Symlinking: /home/nishit/vision_based_sorting_ws/install/interbotix_common_sim/share/interbotix_common_sim/models/TrossenRoboticsOfficeBuilding/model.config
[0.795s] -- Symlinking: /home/nishit/vision_based_sorting_ws/install/interbotix_common_sim/share/interbotix_common_sim/models/VisionKit/VisionKit.sdf
[0.803s] -- Symlinking: /home/nishit/vision_based_sorting_ws/install/interbotix_common_sim/share/interbotix_common_sim/models/VisionKit/model.config
[0.813s] -- Symlinking: /home/nishit/vision_based_sorting_ws/install/interbotix_common_sim/share/interbotix_common_sim/models/VisionKit/stand.stl
[0.826s] -- Symlinking: /home/nishit/vision_based_sorting_ws/install/interbotix_common_sim/share/interbotix_common_sim/worlds/interbotix.world
[0.834s] -- Symlinking: /home/nishit/vision_based_sorting_ws/install/interbotix_common_sim/share/interbotix_common_sim/worlds/vision_kit.world
[0.842s] -- Symlinking: /home/nishit/vision_based_sorting_ws/install/interbotix_common_sim/share/interbotix_common_sim/media/interbotix_black.png
[0.851s] -- Symlinking: /home/nishit/vision_based_sorting_ws/install/interbotix_common_sim/share/interbotix_common_sim/media/materials/scripts/interbotix_black.material
[0.861s] -- Symlinking: /home/nishit/vision_based_sorting_ws/install/interbotix_common_sim/share/interbotix_common_sim/media/materials/scripts/interbotix_texture.gazebo
[0.870s] -- Symlinking: /home/nishit/vision_based_sorting_ws/install/interbotix_common_sim/share/interbotix_common_sim/media/materials/textures/interbotix_black.png
[0.881s] -- Symlinking: /home/nishit/vision_based_sorting_ws/install/interbotix_common_sim/share/ament_index/resource_index/package_run_dependencies/interbotix_common_sim
[0.889s] -- Symlinking: /home/nishit/vision_based_sorting_ws/install/interbotix_common_sim/share/ament_index/resource_index/parent_prefix_path/interbotix_common_sim
[0.897s] -- Symlinking: /home/nishit/vision_based_sorting_ws/install/interbotix_common_sim/share/interbotix_common_sim/environment/ament_prefix_path.sh
[0.905s] -- Symlinking: /home/nishit/vision_based_sorting_ws/install/interbotix_common_sim/share/interbotix_common_sim/environment/ament_prefix_path.dsv
[0.915s] -- Symlinking: /home/nishit/vision_based_sorting_ws/install/interbotix_common_sim/share/interbotix_common_sim/environment/path.sh
[0.925s] -- Symlinking: /home/nishit/vision_based_sorting_ws/install/interbotix_common_sim/share/interbotix_common_sim/environment/path.dsv
[0.935s] -- Symlinking: /home/nishit/vision_based_sorting_ws/install/interbotix_common_sim/share/interbotix_common_sim/local_setup.bash
[0.944s] -- Symlinking: /home/nishit/vision_based_sorting_ws/install/interbotix_common_sim/share/interbotix_common_sim/local_setup.sh
[0.954s] -- Symlinking: /home/nishit/vision_based_sorting_ws/install/interbotix_common_sim/share/interbotix_common_sim/local_setup.zsh
[0.962s] -- Symlinking: /home/nishit/vision_based_sorting_ws/install/interbotix_common_sim/share/interbotix_common_sim/local_setup.dsv
[0.972s] -- Symlinking: /home/nishit/vision_based_sorting_ws/install/interbotix_common_sim/share/interbotix_common_sim/package.dsv
[0.980s] -- Symlinking: /home/nishit/vision_based_sorting_ws/install/interbotix_common_sim/share/ament_index/resource_index/packages/interbotix_common_sim
[0.988s] -- Symlinking: /home/nishit/vision_based_sorting_ws/install/interbotix_common_sim/share/interbotix_common_sim/cmake/interbotix_common_simConfig.cmake
[0.998s] -- Symlinking: /home/nishit/vision_based_sorting_ws/install/interbotix_common_sim/share/interbotix_common_sim/cmake/interbotix_common_simConfig-version.cmake
[1.007s] -- Symlinking: /home/nishit/vision_based_sorting_ws/install/interbotix_common_sim/share/interbotix_common_sim/package.xml
[1.023s] Invoked command in '/home/nishit/vision_based_sorting_ws/build/interbotix_common_sim' returned '0': CMAKE_PREFIX_PATH=/opt/ros/humble /usr/bin/cmake --install /home/nishit/vision_based_sorting_ws/build/interbotix_common_sim
