[0.013s] Invoking command in '/home/nishit/vision_based_sorting_ws/build/interbotix_xsarm_puppet': AMENT_PREFIX_PATH=/home/nishit/vision_based_sorting_ws/install/interbotix_xsarm_control:/home/nishit/vision_based_sorting_ws/install/interbotix_xsarm_descriptions:/home/nishit/vision_based_sorting_ws/install/interbotix_xs_modules:/home/nishit/vision_based_sorting_ws/install/interbotix_xs_sdk:/home/nishit/vision_based_sorting_ws/install/interbotix_xs_msgs:/home/nishit/vision_based_sorting_ws/install/interbotix_xs_driver:/home/nishit/vision_based_sorting_ws/install/interbotix_common_modules:${AMENT_PREFIX_PATH} CMAKE_PREFIX_PATH=/home/nishit/vision_based_sorting_ws/install/interbotix_xsarm_control:/home/nishit/vision_based_sorting_ws/install/interbotix_xsarm_descriptions:/home/nishit/vision_based_sorting_ws/install/interbotix_xs_sdk:/home/nishit/vision_based_sorting_ws/install/interbotix_xs_msgs:/home/nishit/vision_based_sorting_ws/install/interbotix_xs_driver:/opt/ros/humble LD_LIBRARY_PATH=/home/nishit/vision_based_sorting_ws/install/interbotix_xs_msgs/lib:/home/nishit/vision_based_sorting_ws/install/interbotix_xs_driver/lib:${LD_LIBRARY_PATH} PYTHONPATH=/home/nishit/vision_based_sorting_ws/build/interbotix_xs_modules:/home/nishit/vision_based_sorting_ws/install/interbotix_xs_modules/lib/python3.10/site-packages:/home/nishit/vision_based_sorting_ws/install/interbotix_xs_msgs/local/lib/python3.10/dist-packages:/home/nishit/vision_based_sorting_ws/build/interbotix_common_modules:/home/nishit/vision_based_sorting_ws/install/interbotix_common_modules/lib/python3.10/site-packages:${PYTHONPATH} /usr/bin/cmake /home/nishit/vision_based_sorting_ws/src/rx200_ros2_stack/interbotix_ros_manipulators/interbotix_ros_xsarms/examples/interbotix_xsarm_puppet -DAMENT_CMAKE_SYMLINK_INSTALL=1 -DCMAKE_INSTALL_PREFIX=/home/nishit/vision_based_sorting_ws/install/interbotix_xsarm_puppet
[0.060s] -- The C compiler identification is GNU 11.4.0
[0.110s] -- The CXX compiler identification is GNU 11.4.0
[0.115s] -- Detecting C compiler ABI info
[0.177s] -- Detecting C compiler ABI info - done
[0.182s] -- Check for working C compiler: /usr/bin/cc - skipped
[0.182s] -- Detecting C compile features
[0.182s] -- Detecting C compile features - done
[0.184s] -- Detecting CXX compiler ABI info
[0.262s] -- Detecting CXX compiler ABI info - done
[0.267s] -- Check for working CXX compiler: /usr/bin/c++ - skipped
[0.267s] -- Detecting CXX compile features
[0.267s] -- Detecting CXX compile features - done
[0.270s] -- Found ament_cmake: 1.3.11 (/opt/ros/humble/share/ament_cmake/cmake)
[0.396s] -- Found Python3: /usr/bin/python3 (found version "3.10.12") found components: Interpreter 
[0.452s] -- Override CMake install command with custom implementation using symlinks instead of copying resources
[0.476s] -- Found interbotix_xs_msgs: 0.0.0 (/home/nishit/vision_based_sorting_ws/install/interbotix_xs_msgs/share/interbotix_xs_msgs/cmake)
[0.503s] -- Found rosidl_generator_c: 3.1.6 (/opt/ros/humble/share/rosidl_generator_c/cmake)
[0.509s] -- Found rosidl_adapter: 3.1.6 (/opt/ros/humble/share/rosidl_adapter/cmake)
[0.515s] -- Found rosidl_generator_cpp: 3.1.6 (/opt/ros/humble/share/rosidl_generator_cpp/cmake)
[0.523s] -- Using all available rosidl_typesupport_c: rosidl_typesupport_fastrtps_c;rosidl_typesupport_introspection_c
[0.534s] -- Using all available rosidl_typesupport_cpp: rosidl_typesupport_fastrtps_cpp;rosidl_typesupport_introspection_cpp
[0.577s] -- Found rclcpp: 16.0.12 (/opt/ros/humble/share/rclcpp/cmake)
[0.603s] -- Found rmw_implementation_cmake: 6.1.2 (/opt/ros/humble/share/rmw_implementation_cmake/cmake)
[0.607s] -- Found rmw_fastrtps_cpp: 6.2.7 (/opt/ros/humble/share/rmw_fastrtps_cpp/cmake)
[0.674s] -- Found OpenSSL: /usr/lib/x86_64-linux-gnu/libcrypto.so (found version "3.0.2")  
[0.694s] -- Found FastRTPS: /opt/ros/humble/include  
[0.729s] -- Using RMW implementation 'rmw_fastrtps_cpp' as default
[0.735s] -- Looking for pthread.h
[0.792s] -- Looking for pthread.h - found
[0.792s] -- Performing Test CMAKE_HAVE_LIBC_PTHREAD
[0.851s] -- Performing Test CMAKE_HAVE_LIBC_PTHREAD - Success
[0.852s] -- Found Threads: TRUE  
[0.876s] -- Found sensor_msgs: 4.8.0 (/opt/ros/humble/share/sensor_msgs/cmake)
[0.889s] -- Found ament_lint_auto: 0.12.12 (/opt/ros/humble/share/ament_lint_auto/cmake)
[0.945s] -- Added test 'copyright' to check source files copyright and LICENSE
[0.946s] -- Added test 'cppcheck' to perform static code analysis on C / C++ code
[0.947s] -- Configured cppcheck include dirs: /home/nishit/vision_based_sorting_ws/src/rx200_ros2_stack/interbotix_ros_manipulators/interbotix_ros_xsarms/examples/interbotix_xsarm_puppet/include
[0.947s] -- Configured cppcheck exclude dirs and/or files: 
[0.948s] -- Added test 'cpplint' to check C / C++ code against the Google style
[0.948s] -- Configured cpplint exclude dirs and/or files: 
[0.948s] -- Added test 'flake8' to check Python code syntax and style conventions
[0.948s] -- Added test 'lint_cmake' to check CMake code style
[0.949s] -- Added test 'pep257' to check Python code against some of the docstring style conventions in PEP 257
[0.950s] -- Added test 'uncrustify' to check C / C++ code style
[0.950s] -- Configured uncrustify additional arguments: 
[0.950s] -- Added test 'xmllint' to check XML markup files
[0.951s] -- Configuring done
[0.960s] -- Generating done
[0.964s] -- Build files have been written to: /home/nishit/vision_based_sorting_ws/build/interbotix_xsarm_puppet
[0.972s] Invoked command in '/home/nishit/vision_based_sorting_ws/build/interbotix_xsarm_puppet' returned '0': AMENT_PREFIX_PATH=/home/nishit/vision_based_sorting_ws/install/interbotix_xsarm_control:/home/nishit/vision_based_sorting_ws/install/interbotix_xsarm_descriptions:/home/nishit/vision_based_sorting_ws/install/interbotix_xs_modules:/home/nishit/vision_based_sorting_ws/install/interbotix_xs_sdk:/home/nishit/vision_based_sorting_ws/install/interbotix_xs_msgs:/home/nishit/vision_based_sorting_ws/install/interbotix_xs_driver:/home/nishit/vision_based_sorting_ws/install/interbotix_common_modules:${AMENT_PREFIX_PATH} CMAKE_PREFIX_PATH=/home/nishit/vision_based_sorting_ws/install/interbotix_xsarm_control:/home/nishit/vision_based_sorting_ws/install/interbotix_xsarm_descriptions:/home/nishit/vision_based_sorting_ws/install/interbotix_xs_sdk:/home/nishit/vision_based_sorting_ws/install/interbotix_xs_msgs:/home/nishit/vision_based_sorting_ws/install/interbotix_xs_driver:/opt/ros/humble LD_LIBRARY_PATH=/home/nishit/vision_based_sorting_ws/install/interbotix_xs_msgs/lib:/home/nishit/vision_based_sorting_ws/install/interbotix_xs_driver/lib:${LD_LIBRARY_PATH} PYTHONPATH=/home/nishit/vision_based_sorting_ws/build/interbotix_xs_modules:/home/nishit/vision_based_sorting_ws/install/interbotix_xs_modules/lib/python3.10/site-packages:/home/nishit/vision_based_sorting_ws/install/interbotix_xs_msgs/local/lib/python3.10/dist-packages:/home/nishit/vision_based_sorting_ws/build/interbotix_common_modules:/home/nishit/vision_based_sorting_ws/install/interbotix_common_modules/lib/python3.10/site-packages:${PYTHONPATH} /usr/bin/cmake /home/nishit/vision_based_sorting_ws/src/rx200_ros2_stack/interbotix_ros_manipulators/interbotix_ros_xsarms/examples/interbotix_xsarm_puppet -DAMENT_CMAKE_SYMLINK_INSTALL=1 -DCMAKE_INSTALL_PREFIX=/home/nishit/vision_based_sorting_ws/install/interbotix_xsarm_puppet
[0.973s] Invoking command in '/home/nishit/vision_based_sorting_ws/build/interbotix_xsarm_puppet': AMENT_PREFIX_PATH=/home/nishit/vision_based_sorting_ws/install/interbotix_xsarm_control:/home/nishit/vision_based_sorting_ws/install/interbotix_xsarm_descriptions:/home/nishit/vision_based_sorting_ws/install/interbotix_xs_modules:/home/nishit/vision_based_sorting_ws/install/interbotix_xs_sdk:/home/nishit/vision_based_sorting_ws/install/interbotix_xs_msgs:/home/nishit/vision_based_sorting_ws/install/interbotix_xs_driver:/home/nishit/vision_based_sorting_ws/install/interbotix_common_modules:${AMENT_PREFIX_PATH} CMAKE_PREFIX_PATH=/home/nishit/vision_based_sorting_ws/install/interbotix_xsarm_control:/home/nishit/vision_based_sorting_ws/install/interbotix_xsarm_descriptions:/home/nishit/vision_based_sorting_ws/install/interbotix_xs_sdk:/home/nishit/vision_based_sorting_ws/install/interbotix_xs_msgs:/home/nishit/vision_based_sorting_ws/install/interbotix_xs_driver:/opt/ros/humble LD_LIBRARY_PATH=/home/nishit/vision_based_sorting_ws/install/interbotix_xs_msgs/lib:/home/nishit/vision_based_sorting_ws/install/interbotix_xs_driver/lib:${LD_LIBRARY_PATH} PYTHONPATH=/home/nishit/vision_based_sorting_ws/build/interbotix_xs_modules:/home/nishit/vision_based_sorting_ws/install/interbotix_xs_modules/lib/python3.10/site-packages:/home/nishit/vision_based_sorting_ws/install/interbotix_xs_msgs/local/lib/python3.10/dist-packages:/home/nishit/vision_based_sorting_ws/build/interbotix_common_modules:/home/nishit/vision_based_sorting_ws/install/interbotix_common_modules/lib/python3.10/site-packages:${PYTHONPATH} /usr/bin/cmake --build /home/nishit/vision_based_sorting_ws/build/interbotix_xsarm_puppet -- -j16 -l16
[1.015s] [ 50%] [32mBuilding CXX object CMakeFiles/xsarm_puppet_single.dir/src/xsarm_puppet_single.cpp.o[0m
[1.015s] [ 50%] [32mBuilding CXX object CMakeFiles/xsarm_puppet.dir/src/xsarm_puppet.cpp.o[0m
[7.181s] [ 75%] [32m[1mLinking CXX executable xsarm_puppet[0m
[7.183s] [100%] [32m[1mLinking CXX executable xsarm_puppet_single[0m
[7.477s] [100%] Built target xsarm_puppet
[7.495s] [100%] Built target xsarm_puppet_single
[7.504s] Invoked command in '/home/nishit/vision_based_sorting_ws/build/interbotix_xsarm_puppet' returned '0': AMENT_PREFIX_PATH=/home/nishit/vision_based_sorting_ws/install/interbotix_xsarm_control:/home/nishit/vision_based_sorting_ws/install/interbotix_xsarm_descriptions:/home/nishit/vision_based_sorting_ws/install/interbotix_xs_modules:/home/nishit/vision_based_sorting_ws/install/interbotix_xs_sdk:/home/nishit/vision_based_sorting_ws/install/interbotix_xs_msgs:/home/nishit/vision_based_sorting_ws/install/interbotix_xs_driver:/home/nishit/vision_based_sorting_ws/install/interbotix_common_modules:${AMENT_PREFIX_PATH} CMAKE_PREFIX_PATH=/home/nishit/vision_based_sorting_ws/install/interbotix_xsarm_control:/home/nishit/vision_based_sorting_ws/install/interbotix_xsarm_descriptions:/home/nishit/vision_based_sorting_ws/install/interbotix_xs_sdk:/home/nishit/vision_based_sorting_ws/install/interbotix_xs_msgs:/home/nishit/vision_based_sorting_ws/install/interbotix_xs_driver:/opt/ros/humble LD_LIBRARY_PATH=/home/nishit/vision_based_sorting_ws/install/interbotix_xs_msgs/lib:/home/nishit/vision_based_sorting_ws/install/interbotix_xs_driver/lib:${LD_LIBRARY_PATH} PYTHONPATH=/home/nishit/vision_based_sorting_ws/build/interbotix_xs_modules:/home/nishit/vision_based_sorting_ws/install/interbotix_xs_modules/lib/python3.10/site-packages:/home/nishit/vision_based_sorting_ws/install/interbotix_xs_msgs/local/lib/python3.10/dist-packages:/home/nishit/vision_based_sorting_ws/build/interbotix_common_modules:/home/nishit/vision_based_sorting_ws/install/interbotix_common_modules/lib/python3.10/site-packages:${PYTHONPATH} /usr/bin/cmake --build /home/nishit/vision_based_sorting_ws/build/interbotix_xsarm_puppet -- -j16 -l16
[7.505s] Invoking command in '/home/nishit/vision_based_sorting_ws/build/interbotix_xsarm_puppet': AMENT_PREFIX_PATH=/home/nishit/vision_based_sorting_ws/install/interbotix_xsarm_control:/home/nishit/vision_based_sorting_ws/install/interbotix_xsarm_descriptions:/home/nishit/vision_based_sorting_ws/install/interbotix_xs_modules:/home/nishit/vision_based_sorting_ws/install/interbotix_xs_sdk:/home/nishit/vision_based_sorting_ws/install/interbotix_xs_msgs:/home/nishit/vision_based_sorting_ws/install/interbotix_xs_driver:/home/nishit/vision_based_sorting_ws/install/interbotix_common_modules:${AMENT_PREFIX_PATH} CMAKE_PREFIX_PATH=/home/nishit/vision_based_sorting_ws/install/interbotix_xsarm_control:/home/nishit/vision_based_sorting_ws/install/interbotix_xsarm_descriptions:/home/nishit/vision_based_sorting_ws/install/interbotix_xs_sdk:/home/nishit/vision_based_sorting_ws/install/interbotix_xs_msgs:/home/nishit/vision_based_sorting_ws/install/interbotix_xs_driver:/opt/ros/humble LD_LIBRARY_PATH=/home/nishit/vision_based_sorting_ws/install/interbotix_xs_msgs/lib:/home/nishit/vision_based_sorting_ws/install/interbotix_xs_driver/lib:${LD_LIBRARY_PATH} PYTHONPATH=/home/nishit/vision_based_sorting_ws/build/interbotix_xs_modules:/home/nishit/vision_based_sorting_ws/install/interbotix_xs_modules/lib/python3.10/site-packages:/home/nishit/vision_based_sorting_ws/install/interbotix_xs_msgs/local/lib/python3.10/dist-packages:/home/nishit/vision_based_sorting_ws/build/interbotix_common_modules:/home/nishit/vision_based_sorting_ws/install/interbotix_common_modules/lib/python3.10/site-packages:${PYTHONPATH} /usr/bin/cmake --install /home/nishit/vision_based_sorting_ws/build/interbotix_xsarm_puppet
[7.510s] -- Install configuration: ""
[7.510s] -- Execute custom install script
[7.510s] -- Symlinking: /home/nishit/vision_based_sorting_ws/install/interbotix_xsarm_puppet/lib/interbotix_xsarm_puppet/xsarm_puppet
[7.520s] -- Symlinking: /home/nishit/vision_based_sorting_ws/install/interbotix_xsarm_puppet/lib/interbotix_xsarm_puppet/xsarm_puppet_single
[7.527s] -- Symlinking: /home/nishit/vision_based_sorting_ws/install/interbotix_xsarm_puppet/share/interbotix_xsarm_puppet//bag/.gitkeep
[7.533s] -- Symlinking: /home/nishit/vision_based_sorting_ws/install/interbotix_xsarm_puppet/share/interbotix_xsarm_puppet//bag/duck_dunk.bag
[7.540s] -- Symlinking: /home/nishit/vision_based_sorting_ws/install/interbotix_xsarm_puppet/share/interbotix_xsarm_puppet//config/follower_modes.yaml
[7.547s] -- Symlinking: /home/nishit/vision_based_sorting_ws/install/interbotix_xsarm_puppet/share/interbotix_xsarm_puppet//config/leader_modes.yaml
[7.555s] -- Symlinking: /home/nishit/vision_based_sorting_ws/install/interbotix_xsarm_puppet/share/interbotix_xsarm_puppet//config/playback_modes.yaml
[7.562s] -- Symlinking: /home/nishit/vision_based_sorting_ws/install/interbotix_xsarm_puppet/share/interbotix_xsarm_puppet//config/record_modes.yaml
[7.568s] -- Symlinking: /home/nishit/vision_based_sorting_ws/install/interbotix_xsarm_puppet/share/interbotix_xsarm_puppet//launch/xsarm_puppet.launch.py
[7.573s] -- Symlinking: /home/nishit/vision_based_sorting_ws/install/interbotix_xsarm_puppet/share/interbotix_xsarm_puppet//launch/xsarm_puppet_single.launch.py
[7.579s] -- Symlinking: /home/nishit/vision_based_sorting_ws/install/interbotix_xsarm_puppet/share/interbotix_xsarm_puppet//rviz/xsarm_puppet.rviz
[7.586s] -- Symlinking: /home/nishit/vision_based_sorting_ws/install/interbotix_xsarm_puppet/share/ament_index/resource_index/package_run_dependencies/interbotix_xsarm_puppet
[7.594s] -- Symlinking: /home/nishit/vision_based_sorting_ws/install/interbotix_xsarm_puppet/share/ament_index/resource_index/parent_prefix_path/interbotix_xsarm_puppet
[7.600s] -- Symlinking: /home/nishit/vision_based_sorting_ws/install/interbotix_xsarm_puppet/share/interbotix_xsarm_puppet/environment/ament_prefix_path.sh
[7.606s] -- Symlinking: /home/nishit/vision_based_sorting_ws/install/interbotix_xsarm_puppet/share/interbotix_xsarm_puppet/environment/ament_prefix_path.dsv
[7.612s] -- Symlinking: /home/nishit/vision_based_sorting_ws/install/interbotix_xsarm_puppet/share/interbotix_xsarm_puppet/environment/path.sh
[7.619s] -- Symlinking: /home/nishit/vision_based_sorting_ws/install/interbotix_xsarm_puppet/share/interbotix_xsarm_puppet/environment/path.dsv
[7.628s] -- Symlinking: /home/nishit/vision_based_sorting_ws/install/interbotix_xsarm_puppet/share/interbotix_xsarm_puppet/local_setup.bash
[7.634s] -- Symlinking: /home/nishit/vision_based_sorting_ws/install/interbotix_xsarm_puppet/share/interbotix_xsarm_puppet/local_setup.sh
[7.640s] -- Symlinking: /home/nishit/vision_based_sorting_ws/install/interbotix_xsarm_puppet/share/interbotix_xsarm_puppet/local_setup.zsh
[7.646s] -- Symlinking: /home/nishit/vision_based_sorting_ws/install/interbotix_xsarm_puppet/share/interbotix_xsarm_puppet/local_setup.dsv
[7.651s] -- Symlinking: /home/nishit/vision_based_sorting_ws/install/interbotix_xsarm_puppet/share/interbotix_xsarm_puppet/package.dsv
[7.657s] -- Symlinking: /home/nishit/vision_based_sorting_ws/install/interbotix_xsarm_puppet/share/ament_index/resource_index/packages/interbotix_xsarm_puppet
[7.664s] -- Symlinking: /home/nishit/vision_based_sorting_ws/install/interbotix_xsarm_puppet/share/interbotix_xsarm_puppet/cmake/interbotix_xsarm_puppetConfig.cmake
[7.671s] -- Symlinking: /home/nishit/vision_based_sorting_ws/install/interbotix_xsarm_puppet/share/interbotix_xsarm_puppet/cmake/interbotix_xsarm_puppetConfig-version.cmake
[7.677s] -- Symlinking: /home/nishit/vision_based_sorting_ws/install/interbotix_xsarm_puppet/share/interbotix_xsarm_puppet/package.xml
[7.685s] Invoked command in '/home/nishit/vision_based_sorting_ws/build/interbotix_xsarm_puppet' returned '0': AMENT_PREFIX_PATH=/home/nishit/vision_based_sorting_ws/install/interbotix_xsarm_control:/home/nishit/vision_based_sorting_ws/install/interbotix_xsarm_descriptions:/home/nishit/vision_based_sorting_ws/install/interbotix_xs_modules:/home/nishit/vision_based_sorting_ws/install/interbotix_xs_sdk:/home/nishit/vision_based_sorting_ws/install/interbotix_xs_msgs:/home/nishit/vision_based_sorting_ws/install/interbotix_xs_driver:/home/nishit/vision_based_sorting_ws/install/interbotix_common_modules:${AMENT_PREFIX_PATH} CMAKE_PREFIX_PATH=/home/nishit/vision_based_sorting_ws/install/interbotix_xsarm_control:/home/nishit/vision_based_sorting_ws/install/interbotix_xsarm_descriptions:/home/nishit/vision_based_sorting_ws/install/interbotix_xs_sdk:/home/nishit/vision_based_sorting_ws/install/interbotix_xs_msgs:/home/nishit/vision_based_sorting_ws/install/interbotix_xs_driver:/opt/ros/humble LD_LIBRARY_PATH=/home/nishit/vision_based_sorting_ws/install/interbotix_xs_msgs/lib:/home/nishit/vision_based_sorting_ws/install/interbotix_xs_driver/lib:${LD_LIBRARY_PATH} PYTHONPATH=/home/nishit/vision_based_sorting_ws/build/interbotix_xs_modules:/home/nishit/vision_based_sorting_ws/install/interbotix_xs_modules/lib/python3.10/site-packages:/home/nishit/vision_based_sorting_ws/install/interbotix_xs_msgs/local/lib/python3.10/dist-packages:/home/nishit/vision_based_sorting_ws/build/interbotix_common_modules:/home/nishit/vision_based_sorting_ws/install/interbotix_common_modules/lib/python3.10/site-packages:${PYTHONPATH} /usr/bin/cmake --install /home/nishit/vision_based_sorting_ws/build/interbotix_xsarm_puppet
